TN:
SF:/mnt/c/users/t470/desktop/funda/lab2/project2/include/my_lib.hpp
FN:105,111,_ZN6BigIntaSERKS_
FN:112,120,_ZNK6BigInteqERKS_
FN:121,121,_ZNK6BigIntneERKS_
FN:122,132,_ZNK6BigIntltERKS_
FN:133,133,_ZNK6BigIntgeERKS_
FN:136,136,_ZNK6BigInt7is_nullEv
FN:138,143,_ZNK6BigIntngEv
FN:14,19,_ZN6BigInt17remove_lead_zerosEv
FN:144,159,_ZNK6BigIntplERKS_
FN:164,164,_ZNK6BigIntmiERKS_
FN:165,168,_ZN6BigIntmIERKS_
FN:169,189,_ZNK6BigIntmlERKS_
FN:194,218,_ZNK6BigIntdvERKS_
FN:20,38,_ZNK6BigInt7add_absERKS_
FN:224,230,_ZlsRSoRK6BigInt
FN:239,239,_Z5mod_nRK6BigIntS1_
FN:240,247,_Z7mod_expRK6BigIntS1_S1_
FN:39,59,_ZNK6BigInt9subtr_absERKS_
FN:60,68,_ZNK6BigInt8less_absERKS_
FN:71,71,_ZN6BigIntC2Ev
FN:72,72,_ZN6BigIntC2ERKS_
FN:73,76,_ZN6BigIntC2EOS_
FN:77,85,_ZN6BigIntC2Ex
FN:86,101,_ZN6BigIntC2ENSt7__cxx1112basic_stringIcSt11char_traitsIcESaIcEEE
FNDA:60900,_ZN6BigIntaSERKS_
FNDA:22016,_ZNK6BigInteqERKS_
FNDA:22006,_ZNK6BigIntneERKS_
FNDA:30170,_ZNK6BigIntltERKS_
FNDA:30170,_ZNK6BigIntgeERKS_
FNDA:40530,_ZNK6BigInt7is_nullEv
FNDA:22006,_ZNK6BigIntngEv
FNDA:39227,_ZN6BigInt17remove_lead_zerosEv
FNDA:30730,_ZNK6BigIntplERKS_
FNDA:22006,_ZNK6BigIntmiERKS_
FNDA:21446,_ZN6BigIntmIERKS_
FNDA:9503,_ZNK6BigIntmlERKS_
FNDA:679,_ZNK6BigIntdvERKS_
FNDA:8999,_ZNK6BigInt7add_absERKS_
FNDA:0,_ZlsRSoRK6BigInt
FNDA:561,_Z5mod_nRK6BigIntS1_
FNDA:125,_Z7mod_expRK6BigIntS1_S1_
FNDA:21731,_ZNK6BigInt9subtr_absERKS_
FNDA:22409,_ZNK6BigInt8less_absERKS_
FNDA:70352,_ZN6BigIntC2Ev
FNDA:22403,_ZN6BigIntC2ERKS_
FNDA:8495,_ZN6BigIntC2EOS_
FNDA:41422,_ZN6BigIntC2Ex
FNDA:2,_ZN6BigIntC2ENSt7__cxx1112basic_stringIcSt11char_traitsIcESaIcEEE
FNF:24
FNH:23
DA:14,39227
DA:15,67036
DA:16,27809
DA:17,39227
DA:18,1582
DA:19,39227
DA:20,8999
DA:21,8999
DA:22,8999
DA:23,8999
DA:24,8999
DA:26,128692
DA:27,119693
DA:28,119693
DA:29,119693
DA:30,119693
DA:31,119693
DA:34,8999
DA:35,0
DA:36,8999
DA:37,8999
DA:38,0
DA:39,21731
DA:40,21731
DA:41,21731
DA:42,21731
DA:44,319302
DA:45,297571
DA:46,297571
DA:47,297571
DA:48,297571
DA:49,124885
DA:50,124885
DA:53,172686
DA:54,297571
DA:57,21731
DA:58,21731
DA:59,0
DA:60,22409
DA:61,22409
DA:62,12958
DA:63,14382
DA:64,13273
DA:65,8342
DA:67,1109
DA:71,70352
DA:72,22403
DA:73,8495
DA:74,8495
DA:75,8495
DA:76,8495
DA:77,41422
DA:78,41422
DA:79,2
DA:80,41422
DA:81,91589
DA:82,50167
DA:83,50167
DA:85,41422
DA:86,2
DA:87,2
DA:88,0
DA:89,2
DA:90,2
DA:91,56
DA:92,54
DA:93,0
DA:94,54
DA:96,2
DA:97,0
DA:98,0
DA:100,2
DA:101,0
DA:105,60900
DA:106,60900
DA:107,60900
DA:108,60900
DA:110,60900
DA:112,22016
DA:113,22016
DA:114,10348
DA:115,11956
DA:116,11671
DA:117,11383
DA:119,285
DA:121,22006
DA:122,30170
DA:123,30170
DA:124,0
DA:125,30170
DA:126,16486
DA:127,15231
DA:128,14147
DA:129,12600
DA:131,1084
DA:133,30170
DA:136,40530
DA:138,22006
DA:139,22006
DA:140,22006
DA:141,21731
DA:142,22006
DA:143,0
DA:144,30730
DA:145,30730
DA:146,30730
DA:147,8999
DA:148,8999
DA:149,8999
DA:151,21731
DA:152,0
DA:153,0
DA:154,0
DA:156,21731
DA:157,21731
DA:158,21731
DA:159,0
DA:164,44012
DA:165,21446
DA:166,21446
DA:167,21446
DA:169,9503
DA:170,9503
DA:171,1405
DA:172,8098
DA:173,8098
DA:175,124385
DA:176,116287
DA:177,460318
DA:178,344031
DA:179,344031
DA:180,344031
DA:182,116287
DA:183,3155
DA:186,8098
DA:187,8098
DA:188,8098
DA:189,8098
DA:194,679
DA:195,679
DA:196,1
DA:197,678
DA:198,281
DA:200,397
DA:201,397
DA:202,397
DA:203,397
DA:205,9121
DA:206,8724
DA:207,8724
DA:208,30170
DA:209,21446
DA:210,21446
DA:212,8724
DA:215,397
DA:216,397
DA:217,397
DA:218,397
DA:224,0
DA:225,0
DA:226,0
DA:227,0
DA:228,0
DA:229,0
DA:239,1122
DA:240,125
DA:241,125
DA:242,7
DA:243,118
DA:244,118
DA:245,34
DA:246,202
DA:247,118
LF:173
LH:153
end_of_record
