TN:
SF:/mnt/c/users/t470/desktop/funda/lab2/project4/include/my_lib.hpp
FN:101,101,_ZN6BigInt6digitsEv
FN:102,102,_ZN6BigInt5sign_Ev
FN:104,110,_ZN6BigIntaSERKS_
FN:111,119,_ZNK6BigInteqERKS_
FN:120,120,_ZNK6BigIntneERKS_
FN:13,18,_ZN6BigInt17remove_lead_zerosEv
FN:135,135,_ZNK6BigInt7is_nullEv
FN:137,142,_ZNK6BigIntngEv
FN:143,158,_ZNK6BigIntplERKS_
FN:163,163,_ZNK6BigIntmiERKS_
FN:168,188,_ZNK6BigIntmlERKS_
FN:19,37,_ZNK6BigInt7add_absERKS_
FN:223,229,_ZlsRSoRK6BigInt
FN:237,244,_ZNK6BigInt4halfERS_S0_
FN:247,267,_Z9karatsubaRK6BigIntS1_
FN:38,58,_ZNK6BigInt9subtr_absERKS_
FN:59,67,_ZNK6BigInt8less_absERKS_
FN:70,70,_ZN6BigIntC2Ev
FN:71,71,_ZN6BigIntC2ERKS_
FN:72,75,_ZN6BigIntC2EOS_
FN:76,84,_ZN6BigIntC2Ex
FN:85,100,_ZN6BigIntC2ENSt7__cxx1112basic_stringIcSt11char_traitsIcESaIcEEE
FNDA:2807,_ZN6BigInt6digitsEv
FNDA:519,_ZN6BigInt5sign_Ev
FNDA:1038,_ZN6BigIntaSERKS_
FNDA:353,_ZNK6BigInteqERKS_
FNDA:346,_ZNK6BigIntneERKS_
FNDA:1314,_ZN6BigInt17remove_lead_zerosEv
FNDA:895,_ZNK6BigInt7is_nullEv
FNDA:346,_ZNK6BigIntngEv
FNDA:1038,_ZNK6BigIntplERKS_
FNDA:346,_ZNK6BigIntmiERKS_
FNDA:353,_ZNK6BigIntmlERKS_
FNDA:774,_ZNK6BigInt7add_absERKS_
FNDA:0,_ZlsRSoRK6BigInt
FNDA:346,_ZNK6BigInt4halfERS_S0_
FNDA:526,_Z9karatsubaRK6BigIntS1_
FNDA:264,_ZNK6BigInt9subtr_absERKS_
FNDA:264,_ZNK6BigInt8less_absERKS_
FNDA:3038,_ZN6BigIntC2Ev
FNDA:1398,_ZN6BigIntC2ERKS_
FNDA:443,_ZN6BigIntC2EOS_
FNDA:444,_ZN6BigIntC2Ex
FNDA:6,_ZN6BigIntC2ENSt7__cxx1112basic_stringIcSt11char_traitsIcESaIcEEE
FNF:22
FNH:21
DA:13,1314
DA:14,2373
DA:15,1059
DA:16,1314
DA:17,176
DA:18,1314
DA:19,774
DA:20,774
DA:21,774
DA:22,774
DA:23,774
DA:25,2899
DA:26,2125
DA:27,2125
DA:28,2125
DA:29,2125
DA:30,2125
DA:33,774
DA:34,60
DA:35,774
DA:36,774
DA:37,0
DA:38,264
DA:39,264
DA:40,264
DA:41,264
DA:43,1048
DA:44,784
DA:45,784
DA:46,784
DA:47,784
DA:48,210
DA:49,210
DA:52,574
DA:53,784
DA:56,264
DA:57,264
DA:58,0
DA:59,264
DA:60,264
DA:61,118
DA:62,255
DA:63,205
DA:64,96
DA:66,50
DA:70,3038
DA:71,1398
DA:72,443
DA:73,443
DA:74,443
DA:75,443
DA:76,444
DA:77,444
DA:78,4
DA:79,444
DA:80,927
DA:81,483
DA:82,483
DA:84,444
DA:85,6
DA:86,6
DA:87,0
DA:88,6
DA:89,6
DA:90,88
DA:91,82
DA:92,0
DA:93,82
DA:95,6
DA:96,0
DA:97,0
DA:99,6
DA:100,0
DA:101,2807
DA:102,519
DA:104,1038
DA:105,1038
DA:106,1038
DA:107,1038
DA:109,1038
DA:111,353
DA:112,353
DA:113,180
DA:114,317
DA:115,228
DA:116,84
DA:118,89
DA:120,346
DA:135,895
DA:137,346
DA:138,346
DA:139,346
DA:140,264
DA:141,346
DA:142,0
DA:143,1038
DA:144,1038
DA:145,1038
DA:146,774
DA:147,774
DA:148,774
DA:150,264
DA:151,0
DA:152,0
DA:153,0
DA:155,264
DA:156,264
DA:157,264
DA:158,0
DA:163,692
DA:168,353
DA:169,353
DA:170,83
DA:171,270
DA:172,270
DA:174,542
DA:175,272
DA:176,546
DA:177,274
DA:178,274
DA:179,274
DA:181,272
DA:182,171
DA:185,270
DA:186,270
DA:187,270
DA:188,270
DA:223,0
DA:224,0
DA:225,0
DA:226,0
DA:227,0
DA:228,0
DA:237,346
DA:238,852
DA:239,506
DA:240,852
DA:241,506
DA:242,346
DA:243,346
DA:244,346
DA:247,526
DA:248,526
DA:249,526
DA:250,353
DA:251,221
DA:252,48
DA:253,224
DA:254,51
DA:255,173
DA:256,173
DA:257,173
DA:258,173
DA:259,173
DA:260,173
DA:261,173
DA:262,173
DA:263,173
DA:264,173
DA:265,173
DA:266,173
DA:267,526
LF:162
LH:144
end_of_record
