TN:
SF:/mnt/c/users/t470/desktop/funda/lab3/project1/build/_deps/googletest-src/googletest/include/gtest/gtest-assertion-result.h
FN:155,161,_ZN7testing15AssertionResultC2IbEERKT_PNSt9enable_ifIXntsrSt14is_convertibleIS2_S0_E5valueEvE4typeE
FN:174,174,_ZNK7testing15AssertionResultcvbEv
FN:183,185,_ZNK7testing15AssertionResult7messageEv
FN:187,187,_ZNK7testing15AssertionResult15failure_messageEv
FN:191,194,_ZN7testing15AssertionResultlsIA100_cEERS0_RKT_
FN:191,194,_ZN7testing15AssertionResultlsIA106_cEERS0_RKT_
FN:191,194,_ZN7testing15AssertionResultlsIA11_cEERS0_RKT_
FN:191,194,_ZN7testing15AssertionResultlsIA12_cEERS0_RKT_
FN:191,194,_ZN7testing15AssertionResultlsIA13_cEERS0_RKT_
FN:191,194,_ZN7testing15AssertionResultlsIA14_cEERS0_RKT_
FN:191,194,_ZN7testing15AssertionResultlsIA15_cEERS0_RKT_
FN:191,194,_ZN7testing15AssertionResultlsIA16_cEERS0_RKT_
FN:191,194,_ZN7testing15AssertionResultlsIA17_cEERS0_RKT_
FN:191,194,_ZN7testing15AssertionResultlsIA24_cEERS0_RKT_
FN:191,194,_ZN7testing15AssertionResultlsIA27_cEERS0_RKT_
FN:191,194,_ZN7testing15AssertionResultlsIA29_cEERS0_RKT_
FN:191,194,_ZN7testing15AssertionResultlsIA2_cEERS0_RKT_
FN:191,194,_ZN7testing15AssertionResultlsIA3_cEERS0_RKT_
FN:191,194,_ZN7testing15AssertionResultlsIA5_cEERS0_RKT_
FN:191,194,_ZN7testing15AssertionResultlsIA6_cEERS0_RKT_
FN:191,194,_ZN7testing15AssertionResultlsIA7_cEERS0_RKT_
FN:191,194,_ZN7testing15AssertionResultlsIA9_cEERS0_RKT_
FN:191,194,_ZN7testing15AssertionResultlsINS_14TestPartResultEEERS0_RKT_
FN:191,194,_ZN7testing15AssertionResultlsINS_7MessageEEERS0_RKT_
FN:191,194,_ZN7testing15AssertionResultlsINSt7__cxx1112basic_stringIcSt11char_traitsIcESaIcEEEEERS0_RKT_
FN:191,194,_ZN7testing15AssertionResultlsINSt7__cxx1112basic_stringIwSt11char_traitsIwESaIwEEEEERS0_RKT_
FN:191,194,_ZN7testing15AssertionResultlsIPKcEERS0_RKT_
FN:191,194,_ZN7testing15AssertionResultlsIPKwEERS0_RKT_
FN:191,194,_ZN7testing15AssertionResultlsIdEERS0_RKT_
FN:206,209,_ZN7testing15AssertionResult13AppendMessageERKNS_7MessageE
FNDA:207,_ZN7testing15AssertionResultC2IbEERKT_PNSt9enable_ifIXntsrSt14is_convertibleIS2_S0_E5valueEvE4typeE
FNDA:207,_ZNK7testing15AssertionResultcvbEv
FNDA:0,_ZNK7testing15AssertionResult7messageEv
FNDA:0,_ZNK7testing15AssertionResult15failure_messageEv
FNDA:0,_ZN7testing15AssertionResultlsIA100_cEERS0_RKT_
FNDA:0,_ZN7testing15AssertionResultlsIA106_cEERS0_RKT_
FNDA:0,_ZN7testing15AssertionResultlsIA11_cEERS0_RKT_
FNDA:0,_ZN7testing15AssertionResultlsIA12_cEERS0_RKT_
FNDA:0,_ZN7testing15AssertionResultlsIA13_cEERS0_RKT_
FNDA:0,_ZN7testing15AssertionResultlsIA14_cEERS0_RKT_
FNDA:0,_ZN7testing15AssertionResultlsIA15_cEERS0_RKT_
FNDA:0,_ZN7testing15AssertionResultlsIA16_cEERS0_RKT_
FNDA:0,_ZN7testing15AssertionResultlsIA17_cEERS0_RKT_
FNDA:0,_ZN7testing15AssertionResultlsIA24_cEERS0_RKT_
FNDA:0,_ZN7testing15AssertionResultlsIA27_cEERS0_RKT_
FNDA:0,_ZN7testing15AssertionResultlsIA29_cEERS0_RKT_
FNDA:0,_ZN7testing15AssertionResultlsIA2_cEERS0_RKT_
FNDA:0,_ZN7testing15AssertionResultlsIA3_cEERS0_RKT_
FNDA:0,_ZN7testing15AssertionResultlsIA5_cEERS0_RKT_
FNDA:0,_ZN7testing15AssertionResultlsIA6_cEERS0_RKT_
FNDA:0,_ZN7testing15AssertionResultlsIA7_cEERS0_RKT_
FNDA:0,_ZN7testing15AssertionResultlsIA9_cEERS0_RKT_
FNDA:0,_ZN7testing15AssertionResultlsINS_14TestPartResultEEERS0_RKT_
FNDA:0,_ZN7testing15AssertionResultlsINS_7MessageEEERS0_RKT_
FNDA:0,_ZN7testing15AssertionResultlsINSt7__cxx1112basic_stringIcSt11char_traitsIcESaIcEEEEERS0_RKT_
FNDA:0,_ZN7testing15AssertionResultlsINSt7__cxx1112basic_stringIwSt11char_traitsIwESaIwEEEEERS0_RKT_
FNDA:0,_ZN7testing15AssertionResultlsIPKcEERS0_RKT_
FNDA:0,_ZN7testing15AssertionResultlsIPKwEERS0_RKT_
FNDA:0,_ZN7testing15AssertionResultlsIdEERS0_RKT_
FNDA:0,_ZN7testing15AssertionResult13AppendMessageERKNS_7MessageE
FNF:30
FNH:2
DA:155,207
DA:161,207
DA:174,207
DA:183,0
DA:184,0
DA:187,0
DA:191,0
DA:192,0
DA:193,0
DA:206,0
DA:207,0
DA:208,0
DA:209,0
LF:13
LH:3
end_of_record
TN:
SF:/mnt/c/users/t470/desktop/funda/lab3/project1/build/_deps/googletest-src/googletest/include/gtest/gtest-matchers.h
FN:110,110,_ZN7testing19MatchResultListenerD0Ev
FN:110,110,_ZN7testing19MatchResultListenerD2Ev
FN:116,116,_ZN7testing25MatcherDescriberInterfaceD0Ev
FN:116,116,_ZN7testing25MatcherDescriberInterfaceD2Ev
FN:131,135,_ZNK7testing25MatcherDescriberInterface18DescribeNegationToEPSo
FN:185,185,_ZN7testing8internal24DummyMatchResultListenerC2Ev
FN:209,209,_ZN7testing8internal17SharedPayloadBase5UnrefEv
FN:215,215,_ZN7testing8internal13SharedPayloadINS0_9EqMatcherINSt7__cxx1112basic_stringIcSt11char_traitsIcESaIcEEEEEEC2EOS9_
FN:217,219,_ZN7testing8internal13SharedPayloadINS0_9EqMatcherINSt7__cxx1112basic_stringIcSt11char_traitsIcESaIcEEEEEE7DestroyEPNS0_17SharedPayloadBaseE
FN:232,235,_ZNK7testing8internal11MatcherBaseIRKNSt7__cxx1112basic_stringIcSt11char_traitsIcESaIcEEEE15MatchAndExplainES9_PNS_19MatchResultListenerE
FN:238,241,_ZNK7testing8internal11MatcherBaseIRKNSt7__cxx1112basic_stringIcSt11char_traitsIcESaIcEEEE7MatchesES9_
FN:244,247,_ZNK7testing8internal11MatcherBaseINSt7__cxx1112basic_stringIcSt11char_traitsIcESaIcEEEE10DescribeToEPSo
FN:244,247,_ZNK7testing8internal11MatcherBaseIRKNSt7__cxx1112basic_stringIcSt11char_traitsIcESaIcEEEE10DescribeToEPSo
FN:244,247,_ZNK7testing8internal11MatcherBaseIRKSt17basic_string_viewIcSt11char_traitsIcEEE10DescribeToEPSo
FN:244,247,_ZNK7testing8internal11MatcherBaseISt17basic_string_viewIcSt11char_traitsIcEEE10DescribeToEPSo
FN:250,253,_ZNK7testing8internal11MatcherBaseINSt7__cxx1112basic_stringIcSt11char_traitsIcESaIcEEEE18DescribeNegationToEPSo
FN:250,253,_ZNK7testing8internal11MatcherBaseIRKNSt7__cxx1112basic_stringIcSt11char_traitsIcESaIcEEEE18DescribeNegationToEPSo
FN:250,253,_ZNK7testing8internal11MatcherBaseIRKSt17basic_string_viewIcSt11char_traitsIcEEE18DescribeNegationToEPSo
FN:250,253,_ZNK7testing8internal11MatcherBaseISt17basic_string_viewIcSt11char_traitsIcEEE18DescribeNegationToEPSo
FN:270,270,_ZN7testing8internal11MatcherBaseINSt7__cxx1112basic_stringIcSt11char_traitsIcESaIcEEEEC2Ev
FN:270,270,_ZN7testing8internal11MatcherBaseIRKNSt7__cxx1112basic_stringIcSt11char_traitsIcESaIcEEEEC2Ev
FN:270,270,_ZN7testing8internal11MatcherBaseIRKSt17basic_string_viewIcSt11char_traitsIcEEEC2Ev
FN:270,270,_ZN7testing8internal11MatcherBaseISt17basic_string_viewIcSt11char_traitsIcEEEC2Ev
FN:281,283,_ZN7testing8internal11MatcherBaseINSt7__cxx1112basic_stringIcSt11char_traitsIcESaIcEEEEC2INS0_9EqMatcherIS7_EEvEEOT_
FN:281,283,_ZN7testing8internal11MatcherBaseIRKNSt7__cxx1112basic_stringIcSt11char_traitsIcESaIcEEEEC2INS0_9EqMatcherIS7_EEvEEOT_
FN:281,283,_ZN7testing8internal11MatcherBaseIRKSt17basic_string_viewIcSt11char_traitsIcEEEC2INS0_9EqMatcherINSt7__cxx1112basic_stringIcS4_SaIcEEEEEvEEOT_
FN:281,283,_ZN7testing8internal11MatcherBaseISt17basic_string_viewIcSt11char_traitsIcEEEC2INS0_9EqMatcherINSt7__cxx1112basic_stringIcS4_SaIcEEEEEvEEOT_
FN:299,302,_ZN7testing8internal11MatcherBaseIRKNSt7__cxx1112basic_stringIcSt11char_traitsIcESaIcEEEEC2EOSA_
FN:304,311,_ZN7testing8internal11MatcherBaseINSt7__cxx1112basic_stringIcSt11char_traitsIcESaIcEEEEaSEOS8_
FN:304,311,_ZN7testing8internal11MatcherBaseIRKNSt7__cxx1112basic_stringIcSt11char_traitsIcESaIcEEEEaSEOSA_
FN:304,311,_ZN7testing8internal11MatcherBaseIRKSt17basic_string_viewIcSt11char_traitsIcEEEaSEOS8_
FN:304,311,_ZN7testing8internal11MatcherBaseISt17basic_string_viewIcSt11char_traitsIcEEEaSEOS6_
FN:313,313,_ZN7testing8internal11MatcherBaseINSt7__cxx1112basic_stringIcSt11char_traitsIcESaIcEEEED0Ev
FN:313,313,_ZN7testing8internal11MatcherBaseINSt7__cxx1112basic_stringIcSt11char_traitsIcESaIcEEEED2Ev
FN:313,313,_ZN7testing8internal11MatcherBaseIRKNSt7__cxx1112basic_stringIcSt11char_traitsIcESaIcEEEED0Ev
FN:313,313,_ZN7testing8internal11MatcherBaseIRKNSt7__cxx1112basic_stringIcSt11char_traitsIcESaIcEEEED2Ev
FN:313,313,_ZN7testing8internal11MatcherBaseIRKSt17basic_string_viewIcSt11char_traitsIcEEED0Ev
FN:313,313,_ZN7testing8internal11MatcherBaseIRKSt17basic_string_viewIcSt11char_traitsIcEEED2Ev
FN:313,313,_ZN7testing8internal11MatcherBaseISt17basic_string_viewIcSt11char_traitsIcEEED0Ev
FN:313,313,_ZN7testing8internal11MatcherBaseISt17basic_string_viewIcSt11char_traitsIcEEED2Ev
FN:327,329,_ZNK7testing8internal11MatcherBaseINSt7__cxx1112basic_stringIcSt11char_traitsIcESaIcEEEE8IsSharedEv
FN:327,329,_ZNK7testing8internal11MatcherBaseIRKNSt7__cxx1112basic_stringIcSt11char_traitsIcESaIcEEEE8IsSharedEv
FN:327,329,_ZNK7testing8internal11MatcherBaseIRKSt17basic_string_viewIcSt11char_traitsIcEEE8IsSharedEv
FN:327,329,_ZNK7testing8internal11MatcherBaseISt17basic_string_viewIcSt11char_traitsIcEEE8IsSharedEv
FN:333,337,_ZN7testing8internal11MatcherBaseINSt7__cxx1112basic_stringIcSt11char_traitsIcESaIcEEEE19MatchAndExplainImplINS8_11ValuePolicyINS0_9EqMatcherIS7_EELb0EEEEEDTcldtclsrT_3Getfp_E15MatchAndExplainfp0_clptfp1_L_ZNS_19MatchResultListener6streamEvEEEERKS8_RKS7_PSF_
FN:333,337,_ZN7testing8internal11MatcherBaseIRKNSt7__cxx1112basic_stringIcSt11char_traitsIcESaIcEEEE19MatchAndExplainImplINSA_11ValuePolicyINS0_9EqMatcherIS7_EELb0EEEEEDTcldtclsrT_3Getfp_E15MatchAndExplainfp0_clptfp1_L_ZNS_19MatchResultListener6streamEvEEEERKSA_S9_PSH_
FN:333,337,_ZN7testing8internal11MatcherBaseIRKSt17basic_string_viewIcSt11char_traitsIcEEE19MatchAndExplainImplINS8_11ValuePolicyINS0_9EqMatcherINSt7__cxx1112basic_stringIcS4_SaIcEEEEELb0EEEEEDTcldtclsrT_3Getfp_E15MatchAndExplainfp0_clptfp1_L_ZNS_19MatchResultListener6streamEvEEEERKS8_S7_PSJ_
FN:333,337,_ZN7testing8internal11MatcherBaseISt17basic_string_viewIcSt11char_traitsIcEEE19MatchAndExplainImplINS6_11ValuePolicyINS0_9EqMatcherINSt7__cxx1112basic_stringIcS4_SaIcEEEEELb0EEEEEDTcldtclsrT_3Getfp_E15MatchAndExplainfp0_clptfp1_L_ZNS_19MatchResultListener6streamEvEEEERKS6_RKS5_PSH_
FN:347,354,_ZN7testing8internal11MatcherBaseINSt7__cxx1112basic_stringIcSt11char_traitsIcESaIcEEEE12DescribeImplINS8_11ValuePolicyINS0_9EqMatcherIS7_EELb0EEEEEvRKS8_PSob
FN:347,354,_ZN7testing8internal11MatcherBaseIRKNSt7__cxx1112basic_stringIcSt11char_traitsIcESaIcEEEE12DescribeImplINSA_11ValuePolicyINS0_9EqMatcherIS7_EELb0EEEEEvRKSA_PSob
FN:347,354,_ZN7testing8internal11MatcherBaseIRKSt17basic_string_viewIcSt11char_traitsIcEEE12DescribeImplINS8_11ValuePolicyINS0_9EqMatcherINSt7__cxx1112basic_stringIcS4_SaIcEEEEELb0EEEEEvRKS8_PSob
FN:347,354,_ZN7testing8internal11MatcherBaseISt17basic_string_viewIcSt11char_traitsIcEEE12DescribeImplINS6_11ValuePolicyINS0_9EqMatcherINSt7__cxx1112basic_stringIcS4_SaIcEEEEELb0EEEEEvRKS6_PSob
FN:357,370,_ZN7testing8internal11MatcherBaseINSt7__cxx1112basic_stringIcSt11char_traitsIcESaIcEEEE16GetDescriberImplINS8_11ValuePolicyINS0_9EqMatcherIS7_EELb0EEEEEPKNS_25MatcherDescriberInterfaceERKS8_
FN:357,370,_ZN7testing8internal11MatcherBaseIRKNSt7__cxx1112basic_stringIcSt11char_traitsIcESaIcEEEE16GetDescriberImplINSA_11ValuePolicyINS0_9EqMatcherIS7_EELb0EEEEEPKNS_25MatcherDescriberInterfaceERKSA_
FN:357,370,_ZN7testing8internal11MatcherBaseIRKSt17basic_string_viewIcSt11char_traitsIcEEE16GetDescriberImplINS8_11ValuePolicyINS0_9EqMatcherINSt7__cxx1112basic_stringIcS4_SaIcEEEEELb0EEEEEPKNS_25MatcherDescriberInterfaceERKS8_
FN:357,370,_ZN7testing8internal11MatcherBaseISt17basic_string_viewIcSt11char_traitsIcEEE16GetDescriberImplINS6_11ValuePolicyINS0_9EqMatcherINSt7__cxx1112basic_stringIcS4_SaIcEEEEELb0EEEEEPKNS_25MatcherDescriberInterfaceERKS6_
FN:373,378,_ZN7testing8internal11MatcherBaseINSt7__cxx1112basic_stringIcSt11char_traitsIcESaIcEEEE9GetVTableINS8_11ValuePolicyINS0_9EqMatcherIS7_EELb0EEEEEPKNS8_6VTableEv
FN:373,378,_ZN7testing8internal11MatcherBaseIRKNSt7__cxx1112basic_stringIcSt11char_traitsIcESaIcEEEE9GetVTableINSA_11ValuePolicyINS0_9EqMatcherIS7_EELb0EEEEEPKNSA_6VTableEv
FN:373,378,_ZN7testing8internal11MatcherBaseIRKSt17basic_string_viewIcSt11char_traitsIcEEE9GetVTableINS8_11ValuePolicyINS0_9EqMatcherINSt7__cxx1112basic_stringIcS4_SaIcEEEEELb0EEEEEPKNS8_6VTableEv
FN:373,378,_ZN7testing8internal11MatcherBaseISt17basic_string_viewIcSt11char_traitsIcEEE9GetVTableINS6_11ValuePolicyINS0_9EqMatcherINSt7__cxx1112basic_stringIcS4_SaIcEEEEELb0EEEEEPKNS6_6VTableEv
FN:389,393,_ZN7testing8internal11MatcherBaseINSt7__cxx1112basic_stringIcSt11char_traitsIcESaIcEEEE7DestroyEv
FN:389,393,_ZN7testing8internal11MatcherBaseIRKNSt7__cxx1112basic_stringIcSt11char_traitsIcESaIcEEEE7DestroyEv
FN:389,393,_ZN7testing8internal11MatcherBaseIRKSt17basic_string_viewIcSt11char_traitsIcEEE7DestroyEv
FN:389,393,_ZN7testing8internal11MatcherBaseISt17basic_string_viewIcSt11char_traitsIcEEE7DestroyEv
FN:420,422,_ZN7testing8internal11MatcherBaseINSt7__cxx1112basic_stringIcSt11char_traitsIcESaIcEEEE11ValuePolicyINS0_9EqMatcherIS7_EELb0EE3GetERKS8_
FN:420,422,_ZN7testing8internal11MatcherBaseIRKNSt7__cxx1112basic_stringIcSt11char_traitsIcESaIcEEEE11ValuePolicyINS0_9EqMatcherIS7_EELb0EE3GetERKSA_
FN:420,422,_ZN7testing8internal11MatcherBaseIRKSt17basic_string_viewIcSt11char_traitsIcEEE11ValuePolicyINS0_9EqMatcherINSt7__cxx1112basic_stringIcS4_SaIcEEEEELb0EE3GetERKS8_
FN:420,422,_ZN7testing8internal11MatcherBaseISt17basic_string_viewIcSt11char_traitsIcEEE11ValuePolicyINS0_9EqMatcherINSt7__cxx1112basic_stringIcS4_SaIcEEEEELb0EE3GetERKS6_
FN:424,426,_ZN7testing8internal11MatcherBaseINSt7__cxx1112basic_stringIcSt11char_traitsIcESaIcEEEE11ValuePolicyINS0_9EqMatcherIS7_EELb0EE4InitISB_EEvRS8_OT_
FN:424,426,_ZN7testing8internal11MatcherBaseIRKNSt7__cxx1112basic_stringIcSt11char_traitsIcESaIcEEEE11ValuePolicyINS0_9EqMatcherIS7_EELb0EE4InitISD_EEvRSA_OT_
FN:424,426,_ZN7testing8internal11MatcherBaseIRKSt17basic_string_viewIcSt11char_traitsIcEEE11ValuePolicyINS0_9EqMatcherINSt7__cxx1112basic_stringIcS4_SaIcEEEEELb0EE4InitISF_EEvRS8_OT_
FN:424,426,_ZN7testing8internal11MatcherBaseISt17basic_string_viewIcSt11char_traitsIcEEE11ValuePolicyINS0_9EqMatcherINSt7__cxx1112basic_stringIcS4_SaIcEEEEELb0EE4InitISD_EEvRS6_OT_
FN:445,450,_ZN7testing8internal11MatcherBaseINSt7__cxx1112basic_stringIcSt11char_traitsIcESaIcEEEE4InitINS0_9EqMatcherIS7_EEEEvOT_
FN:445,450,_ZN7testing8internal11MatcherBaseIRKNSt7__cxx1112basic_stringIcSt11char_traitsIcESaIcEEEE4InitINS0_9EqMatcherIS7_EEEEvOT_
FN:445,450,_ZN7testing8internal11MatcherBaseIRKSt17basic_string_viewIcSt11char_traitsIcEEE4InitINS0_9EqMatcherINSt7__cxx1112basic_stringIcS4_SaIcEEEEEEEvOT_
FN:445,450,_ZN7testing8internal11MatcherBaseISt17basic_string_viewIcSt11char_traitsIcEEE4InitINS0_9EqMatcherINSt7__cxx1112basic_stringIcS4_SaIcEEEEEEEvOT_
FN:504,505,_ZN7testing7MatcherIRKNSt7__cxx1112basic_stringIcSt11char_traitsIcESaIcEEEEC2INS_8internal9EqMatcherIS6_EEvEEOT_
FN:528,529,_ZN7testing7MatcherINSt7__cxx1112basic_stringIcSt11char_traitsIcESaIcEEEEC2INS_8internal9EqMatcherIS6_EEvEEOT_
FN:554,556,_ZN7testing7MatcherIRKSt17basic_string_viewIcSt11char_traitsIcEEEC2INS_8internal9EqMatcherINSt7__cxx1112basic_stringIcS3_SaIcEEEEEvEEOT_
FN:582,583,_ZN7testing7MatcherISt17basic_string_viewIcSt11char_traitsIcEEEC2INS_8internal9EqMatcherINSt7__cxx1112basic_stringIcS3_SaIcEEEEEvEEOT_
FN:694,694,_ZN7testing8internal14ComparisonBaseINS0_9EqMatcherINSt7__cxx1112basic_stringIcSt11char_traitsIcESaIcEEEEES8_St8equal_toIvEEC2ERKS8_
FN:699,701,_ZNK7testing8internal14ComparisonBaseINS0_9EqMatcherINSt7__cxx1112basic_stringIcSt11char_traitsIcESaIcEEEEES8_St8equal_toIvEE15MatchAndExplainIS8_EEbRKT_PSo
FN:699,701,_ZNK7testing8internal14ComparisonBaseINS0_9EqMatcherINSt7__cxx1112basic_stringIcSt11char_traitsIcESaIcEEEEES8_St8equal_toIvEE15MatchAndExplainISt17basic_string_viewIcS6_EEEbRKT_PSo
FN:702,705,_ZNK7testing8internal14ComparisonBaseINS0_9EqMatcherINSt7__cxx1112basic_stringIcSt11char_traitsIcESaIcEEEEES8_St8equal_toIvEE10DescribeToEPSo
FN:706,709,_ZNK7testing8internal14ComparisonBaseINS0_9EqMatcherINSt7__cxx1112basic_stringIcSt11char_traitsIcESaIcEEEEES8_St8equal_toIvEE18DescribeNegationToEPSo
FN:713,715,_ZN7testing8internal14ComparisonBaseINS0_9EqMatcherINSt7__cxx1112basic_stringIcSt11char_traitsIcESaIcEEEEES8_St8equal_toIvEE6UnwrapIS8_EERKT_SG_
FN:727,728,_ZN7testing8internal9EqMatcherINSt7__cxx1112basic_stringIcSt11char_traitsIcESaIcEEEEC2ERKS7_
FN:729,729,_ZN7testing8internal9EqMatcherINSt7__cxx1112basic_stringIcSt11char_traitsIcESaIcEEEE4DescEv
FN:730,730,_ZN7testing8internal9EqMatcherINSt7__cxx1112basic_stringIcSt11char_traitsIcESaIcEEEE11NegatedDescEv
FN:83,83,_ZN7testing19MatchResultListenerC2EPSo
FN:862,864,_ZN7testing2EqINSt7__cxx1112basic_stringIcSt11char_traitsIcESaIcEEEEENS_8internal9EqMatcherIT_EES9_
FN:95,95,_ZN7testing19MatchResultListener6streamEv
FNDA:0,_ZN7testing19MatchResultListenerD0Ev
FNDA:0,_ZN7testing19MatchResultListenerD2Ev
FNDA:0,_ZN7testing25MatcherDescriberInterfaceD0Ev
FNDA:0,_ZN7testing25MatcherDescriberInterfaceD2Ev
FNDA:0,_ZNK7testing25MatcherDescriberInterface18DescribeNegationToEPSo
FNDA:0,_ZN7testing8internal24DummyMatchResultListenerC2Ev
FNDA:0,_ZN7testing8internal17SharedPayloadBase5UnrefEv
FNDA:0,_ZN7testing8internal13SharedPayloadINS0_9EqMatcherINSt7__cxx1112basic_stringIcSt11char_traitsIcESaIcEEEEEEC2EOS9_
FNDA:0,_ZN7testing8internal13SharedPayloadINS0_9EqMatcherINSt7__cxx1112basic_stringIcSt11char_traitsIcESaIcEEEEEE7DestroyEPNS0_17SharedPayloadBaseE
FNDA:0,_ZNK7testing8internal11MatcherBaseIRKNSt7__cxx1112basic_stringIcSt11char_traitsIcESaIcEEEE15MatchAndExplainES9_PNS_19MatchResultListenerE
FNDA:0,_ZNK7testing8internal11MatcherBaseIRKNSt7__cxx1112basic_stringIcSt11char_traitsIcESaIcEEEE7MatchesES9_
FNDA:0,_ZNK7testing8internal11MatcherBaseINSt7__cxx1112basic_stringIcSt11char_traitsIcESaIcEEEE10DescribeToEPSo
FNDA:0,_ZNK7testing8internal11MatcherBaseIRKNSt7__cxx1112basic_stringIcSt11char_traitsIcESaIcEEEE10DescribeToEPSo
FNDA:0,_ZNK7testing8internal11MatcherBaseIRKSt17basic_string_viewIcSt11char_traitsIcEEE10DescribeToEPSo
FNDA:0,_ZNK7testing8internal11MatcherBaseISt17basic_string_viewIcSt11char_traitsIcEEE10DescribeToEPSo
FNDA:0,_ZNK7testing8internal11MatcherBaseINSt7__cxx1112basic_stringIcSt11char_traitsIcESaIcEEEE18DescribeNegationToEPSo
FNDA:0,_ZNK7testing8internal11MatcherBaseIRKNSt7__cxx1112basic_stringIcSt11char_traitsIcESaIcEEEE18DescribeNegationToEPSo
FNDA:0,_ZNK7testing8internal11MatcherBaseIRKSt17basic_string_viewIcSt11char_traitsIcEEE18DescribeNegationToEPSo
FNDA:0,_ZNK7testing8internal11MatcherBaseISt17basic_string_viewIcSt11char_traitsIcEEE18DescribeNegationToEPSo
FNDA:0,_ZN7testing8internal11MatcherBaseINSt7__cxx1112basic_stringIcSt11char_traitsIcESaIcEEEEC2Ev
FNDA:0,_ZN7testing8internal11MatcherBaseIRKNSt7__cxx1112basic_stringIcSt11char_traitsIcESaIcEEEEC2Ev
FNDA:0,_ZN7testing8internal11MatcherBaseIRKSt17basic_string_viewIcSt11char_traitsIcEEEC2Ev
FNDA:0,_ZN7testing8internal11MatcherBaseISt17basic_string_viewIcSt11char_traitsIcEEEC2Ev
FNDA:0,_ZN7testing8internal11MatcherBaseINSt7__cxx1112basic_stringIcSt11char_traitsIcESaIcEEEEC2INS0_9EqMatcherIS7_EEvEEOT_
FNDA:0,_ZN7testing8internal11MatcherBaseIRKNSt7__cxx1112basic_stringIcSt11char_traitsIcESaIcEEEEC2INS0_9EqMatcherIS7_EEvEEOT_
FNDA:0,_ZN7testing8internal11MatcherBaseIRKSt17basic_string_viewIcSt11char_traitsIcEEEC2INS0_9EqMatcherINSt7__cxx1112basic_stringIcS4_SaIcEEEEEvEEOT_
FNDA:0,_ZN7testing8internal11MatcherBaseISt17basic_string_viewIcSt11char_traitsIcEEEC2INS0_9EqMatcherINSt7__cxx1112basic_stringIcS4_SaIcEEEEEvEEOT_
FNDA:0,_ZN7testing8internal11MatcherBaseIRKNSt7__cxx1112basic_stringIcSt11char_traitsIcESaIcEEEEC2EOSA_
FNDA:0,_ZN7testing8internal11MatcherBaseINSt7__cxx1112basic_stringIcSt11char_traitsIcESaIcEEEEaSEOS8_
FNDA:0,_ZN7testing8internal11MatcherBaseIRKNSt7__cxx1112basic_stringIcSt11char_traitsIcESaIcEEEEaSEOSA_
FNDA:0,_ZN7testing8internal11MatcherBaseIRKSt17basic_string_viewIcSt11char_traitsIcEEEaSEOS8_
FNDA:0,_ZN7testing8internal11MatcherBaseISt17basic_string_viewIcSt11char_traitsIcEEEaSEOS6_
FNDA:0,_ZN7testing8internal11MatcherBaseINSt7__cxx1112basic_stringIcSt11char_traitsIcESaIcEEEED0Ev
FNDA:0,_ZN7testing8internal11MatcherBaseINSt7__cxx1112basic_stringIcSt11char_traitsIcESaIcEEEED2Ev
FNDA:0,_ZN7testing8internal11MatcherBaseIRKNSt7__cxx1112basic_stringIcSt11char_traitsIcESaIcEEEED0Ev
FNDA:0,_ZN7testing8internal11MatcherBaseIRKNSt7__cxx1112basic_stringIcSt11char_traitsIcESaIcEEEED2Ev
FNDA:0,_ZN7testing8internal11MatcherBaseIRKSt17basic_string_viewIcSt11char_traitsIcEEED0Ev
FNDA:0,_ZN7testing8internal11MatcherBaseIRKSt17basic_string_viewIcSt11char_traitsIcEEED2Ev
FNDA:0,_ZN7testing8internal11MatcherBaseISt17basic_string_viewIcSt11char_traitsIcEEED0Ev
FNDA:0,_ZN7testing8internal11MatcherBaseISt17basic_string_viewIcSt11char_traitsIcEEED2Ev
FNDA:0,_ZNK7testing8internal11MatcherBaseINSt7__cxx1112basic_stringIcSt11char_traitsIcESaIcEEEE8IsSharedEv
FNDA:0,_ZNK7testing8internal11MatcherBaseIRKNSt7__cxx1112basic_stringIcSt11char_traitsIcESaIcEEEE8IsSharedEv
FNDA:0,_ZNK7testing8internal11MatcherBaseIRKSt17basic_string_viewIcSt11char_traitsIcEEE8IsSharedEv
FNDA:0,_ZNK7testing8internal11MatcherBaseISt17basic_string_viewIcSt11char_traitsIcEEE8IsSharedEv
FNDA:0,_ZN7testing8internal11MatcherBaseINSt7__cxx1112basic_stringIcSt11char_traitsIcESaIcEEEE19MatchAndExplainImplINS8_11ValuePolicyINS0_9EqMatcherIS7_EELb0EEEEEDTcldtclsrT_3Getfp_E15MatchAndExplainfp0_clptfp1_L_ZNS_19MatchResultListener6streamEvEEEERKS8_RKS7_PSF_
FNDA:0,_ZN7testing8internal11MatcherBaseIRKNSt7__cxx1112basic_stringIcSt11char_traitsIcESaIcEEEE19MatchAndExplainImplINSA_11ValuePolicyINS0_9EqMatcherIS7_EELb0EEEEEDTcldtclsrT_3Getfp_E15MatchAndExplainfp0_clptfp1_L_ZNS_19MatchResultListener6streamEvEEEERKSA_S9_PSH_
FNDA:0,_ZN7testing8internal11MatcherBaseIRKSt17basic_string_viewIcSt11char_traitsIcEEE19MatchAndExplainImplINS8_11ValuePolicyINS0_9EqMatcherINSt7__cxx1112basic_stringIcS4_SaIcEEEEELb0EEEEEDTcldtclsrT_3Getfp_E15MatchAndExplainfp0_clptfp1_L_ZNS_19MatchResultListener6streamEvEEEERKS8_S7_PSJ_
FNDA:0,_ZN7testing8internal11MatcherBaseISt17basic_string_viewIcSt11char_traitsIcEEE19MatchAndExplainImplINS6_11ValuePolicyINS0_9EqMatcherINSt7__cxx1112basic_stringIcS4_SaIcEEEEELb0EEEEEDTcldtclsrT_3Getfp_E15MatchAndExplainfp0_clptfp1_L_ZNS_19MatchResultListener6streamEvEEEERKS6_RKS5_PSH_
FNDA:0,_ZN7testing8internal11MatcherBaseINSt7__cxx1112basic_stringIcSt11char_traitsIcESaIcEEEE12DescribeImplINS8_11ValuePolicyINS0_9EqMatcherIS7_EELb0EEEEEvRKS8_PSob
FNDA:0,_ZN7testing8internal11MatcherBaseIRKNSt7__cxx1112basic_stringIcSt11char_traitsIcESaIcEEEE12DescribeImplINSA_11ValuePolicyINS0_9EqMatcherIS7_EELb0EEEEEvRKSA_PSob
FNDA:0,_ZN7testing8internal11MatcherBaseIRKSt17basic_string_viewIcSt11char_traitsIcEEE12DescribeImplINS8_11ValuePolicyINS0_9EqMatcherINSt7__cxx1112basic_stringIcS4_SaIcEEEEELb0EEEEEvRKS8_PSob
FNDA:0,_ZN7testing8internal11MatcherBaseISt17basic_string_viewIcSt11char_traitsIcEEE12DescribeImplINS6_11ValuePolicyINS0_9EqMatcherINSt7__cxx1112basic_stringIcS4_SaIcEEEEELb0EEEEEvRKS6_PSob
FNDA:0,_ZN7testing8internal11MatcherBaseINSt7__cxx1112basic_stringIcSt11char_traitsIcESaIcEEEE16GetDescriberImplINS8_11ValuePolicyINS0_9EqMatcherIS7_EELb0EEEEEPKNS_25MatcherDescriberInterfaceERKS8_
FNDA:0,_ZN7testing8internal11MatcherBaseIRKNSt7__cxx1112basic_stringIcSt11char_traitsIcESaIcEEEE16GetDescriberImplINSA_11ValuePolicyINS0_9EqMatcherIS7_EELb0EEEEEPKNS_25MatcherDescriberInterfaceERKSA_
FNDA:0,_ZN7testing8internal11MatcherBaseIRKSt17basic_string_viewIcSt11char_traitsIcEEE16GetDescriberImplINS8_11ValuePolicyINS0_9EqMatcherINSt7__cxx1112basic_stringIcS4_SaIcEEEEELb0EEEEEPKNS_25MatcherDescriberInterfaceERKS8_
FNDA:0,_ZN7testing8internal11MatcherBaseISt17basic_string_viewIcSt11char_traitsIcEEE16GetDescriberImplINS6_11ValuePolicyINS0_9EqMatcherINSt7__cxx1112basic_stringIcS4_SaIcEEEEELb0EEEEEPKNS_25MatcherDescriberInterfaceERKS6_
FNDA:0,_ZN7testing8internal11MatcherBaseINSt7__cxx1112basic_stringIcSt11char_traitsIcESaIcEEEE9GetVTableINS8_11ValuePolicyINS0_9EqMatcherIS7_EELb0EEEEEPKNS8_6VTableEv
FNDA:0,_ZN7testing8internal11MatcherBaseIRKNSt7__cxx1112basic_stringIcSt11char_traitsIcESaIcEEEE9GetVTableINSA_11ValuePolicyINS0_9EqMatcherIS7_EELb0EEEEEPKNSA_6VTableEv
FNDA:0,_ZN7testing8internal11MatcherBaseIRKSt17basic_string_viewIcSt11char_traitsIcEEE9GetVTableINS8_11ValuePolicyINS0_9EqMatcherINSt7__cxx1112basic_stringIcS4_SaIcEEEEELb0EEEEEPKNS8_6VTableEv
FNDA:0,_ZN7testing8internal11MatcherBaseISt17basic_string_viewIcSt11char_traitsIcEEE9GetVTableINS6_11ValuePolicyINS0_9EqMatcherINSt7__cxx1112basic_stringIcS4_SaIcEEEEELb0EEEEEPKNS6_6VTableEv
FNDA:0,_ZN7testing8internal11MatcherBaseINSt7__cxx1112basic_stringIcSt11char_traitsIcESaIcEEEE7DestroyEv
FNDA:0,_ZN7testing8internal11MatcherBaseIRKNSt7__cxx1112basic_stringIcSt11char_traitsIcESaIcEEEE7DestroyEv
FNDA:0,_ZN7testing8internal11MatcherBaseIRKSt17basic_string_viewIcSt11char_traitsIcEEE7DestroyEv
FNDA:0,_ZN7testing8internal11MatcherBaseISt17basic_string_viewIcSt11char_traitsIcEEE7DestroyEv
FNDA:0,_ZN7testing8internal11MatcherBaseINSt7__cxx1112basic_stringIcSt11char_traitsIcESaIcEEEE11ValuePolicyINS0_9EqMatcherIS7_EELb0EE3GetERKS8_
FNDA:0,_ZN7testing8internal11MatcherBaseIRKNSt7__cxx1112basic_stringIcSt11char_traitsIcESaIcEEEE11ValuePolicyINS0_9EqMatcherIS7_EELb0EE3GetERKSA_
FNDA:0,_ZN7testing8internal11MatcherBaseIRKSt17basic_string_viewIcSt11char_traitsIcEEE11ValuePolicyINS0_9EqMatcherINSt7__cxx1112basic_stringIcS4_SaIcEEEEELb0EE3GetERKS8_
FNDA:0,_ZN7testing8internal11MatcherBaseISt17basic_string_viewIcSt11char_traitsIcEEE11ValuePolicyINS0_9EqMatcherINSt7__cxx1112basic_stringIcS4_SaIcEEEEELb0EE3GetERKS6_
FNDA:0,_ZN7testing8internal11MatcherBaseINSt7__cxx1112basic_stringIcSt11char_traitsIcESaIcEEEE11ValuePolicyINS0_9EqMatcherIS7_EELb0EE4InitISB_EEvRS8_OT_
FNDA:0,_ZN7testing8internal11MatcherBaseIRKNSt7__cxx1112basic_stringIcSt11char_traitsIcESaIcEEEE11ValuePolicyINS0_9EqMatcherIS7_EELb0EE4InitISD_EEvRSA_OT_
FNDA:0,_ZN7testing8internal11MatcherBaseIRKSt17basic_string_viewIcSt11char_traitsIcEEE11ValuePolicyINS0_9EqMatcherINSt7__cxx1112basic_stringIcS4_SaIcEEEEELb0EE4InitISF_EEvRS8_OT_
FNDA:0,_ZN7testing8internal11MatcherBaseISt17basic_string_viewIcSt11char_traitsIcEEE11ValuePolicyINS0_9EqMatcherINSt7__cxx1112basic_stringIcS4_SaIcEEEEELb0EE4InitISD_EEvRS6_OT_
FNDA:0,_ZN7testing8internal11MatcherBaseINSt7__cxx1112basic_stringIcSt11char_traitsIcESaIcEEEE4InitINS0_9EqMatcherIS7_EEEEvOT_
FNDA:0,_ZN7testing8internal11MatcherBaseIRKNSt7__cxx1112basic_stringIcSt11char_traitsIcESaIcEEEE4InitINS0_9EqMatcherIS7_EEEEvOT_
FNDA:0,_ZN7testing8internal11MatcherBaseIRKSt17basic_string_viewIcSt11char_traitsIcEEE4InitINS0_9EqMatcherINSt7__cxx1112basic_stringIcS4_SaIcEEEEEEEvOT_
FNDA:0,_ZN7testing8internal11MatcherBaseISt17basic_string_viewIcSt11char_traitsIcEEE4InitINS0_9EqMatcherINSt7__cxx1112basic_stringIcS4_SaIcEEEEEEEvOT_
FNDA:0,_ZN7testing7MatcherIRKNSt7__cxx1112basic_stringIcSt11char_traitsIcESaIcEEEEC2INS_8internal9EqMatcherIS6_EEvEEOT_
FNDA:0,_ZN7testing7MatcherINSt7__cxx1112basic_stringIcSt11char_traitsIcESaIcEEEEC2INS_8internal9EqMatcherIS6_EEvEEOT_
FNDA:0,_ZN7testing7MatcherIRKSt17basic_string_viewIcSt11char_traitsIcEEEC2INS_8internal9EqMatcherINSt7__cxx1112basic_stringIcS3_SaIcEEEEEvEEOT_
FNDA:0,_ZN7testing7MatcherISt17basic_string_viewIcSt11char_traitsIcEEEC2INS_8internal9EqMatcherINSt7__cxx1112basic_stringIcS3_SaIcEEEEEvEEOT_
FNDA:0,_ZN7testing8internal14ComparisonBaseINS0_9EqMatcherINSt7__cxx1112basic_stringIcSt11char_traitsIcESaIcEEEEES8_St8equal_toIvEEC2ERKS8_
FNDA:0,_ZNK7testing8internal14ComparisonBaseINS0_9EqMatcherINSt7__cxx1112basic_stringIcSt11char_traitsIcESaIcEEEEES8_St8equal_toIvEE15MatchAndExplainIS8_EEbRKT_PSo
FNDA:0,_ZNK7testing8internal14ComparisonBaseINS0_9EqMatcherINSt7__cxx1112basic_stringIcSt11char_traitsIcESaIcEEEEES8_St8equal_toIvEE15MatchAndExplainISt17basic_string_viewIcS6_EEEbRKT_PSo
FNDA:0,_ZNK7testing8internal14ComparisonBaseINS0_9EqMatcherINSt7__cxx1112basic_stringIcSt11char_traitsIcESaIcEEEEES8_St8equal_toIvEE10DescribeToEPSo
FNDA:0,_ZNK7testing8internal14ComparisonBaseINS0_9EqMatcherINSt7__cxx1112basic_stringIcSt11char_traitsIcESaIcEEEEES8_St8equal_toIvEE18DescribeNegationToEPSo
FNDA:0,_ZN7testing8internal14ComparisonBaseINS0_9EqMatcherINSt7__cxx1112basic_stringIcSt11char_traitsIcESaIcEEEEES8_St8equal_toIvEE6UnwrapIS8_EERKT_SG_
FNDA:0,_ZN7testing8internal9EqMatcherINSt7__cxx1112basic_stringIcSt11char_traitsIcESaIcEEEEC2ERKS7_
FNDA:0,_ZN7testing8internal9EqMatcherINSt7__cxx1112basic_stringIcSt11char_traitsIcESaIcEEEE4DescEv
FNDA:0,_ZN7testing8internal9EqMatcherINSt7__cxx1112basic_stringIcSt11char_traitsIcESaIcEEEE11NegatedDescEv
FNDA:0,_ZN7testing19MatchResultListenerC2EPSo
FNDA:0,_ZN7testing2EqINSt7__cxx1112basic_stringIcSt11char_traitsIcESaIcEEEEENS_8internal9EqMatcherIT_EES9_
FNDA:0,_ZN7testing19MatchResultListener6streamEv
FNF:92
FNH:0
DA:83,0
DA:95,0
DA:110,0
DA:116,0
DA:131,0
DA:132,0
DA:133,0
DA:134,0
DA:135,0
DA:185,0
DA:209,0
DA:215,0
DA:217,0
DA:218,0
DA:219,0
DA:232,0
DA:233,0
DA:234,0
DA:238,0
DA:239,0
DA:240,0
DA:241,0
DA:244,0
DA:245,0
DA:246,0
DA:247,0
DA:250,0
DA:251,0
DA:252,0
DA:253,0
DA:270,0
DA:281,0
DA:282,0
DA:283,0
DA:299,0
DA:300,0
DA:301,0
DA:302,0
DA:304,0
DA:305,0
DA:306,0
DA:307,0
DA:308,0
DA:309,0
DA:310,0
DA:313,0
DA:327,0
DA:328,0
DA:333,0
DA:336,0
DA:347,0
DA:349,0
DA:350,0
DA:352,0
DA:354,0
DA:357,0
DA:369,0
DA:373,0
DA:377,0
DA:389,0
DA:390,0
DA:391,0
DA:393,0
DA:420,0
DA:421,0
DA:424,0
DA:425,0
DA:426,0
DA:445,0
DA:448,0
DA:449,0
DA:450,0
DA:504,0
DA:505,0
DA:528,0
DA:529,0
DA:554,0
DA:555,0
DA:556,0
DA:582,0
DA:583,0
DA:694,0
DA:699,0
DA:700,0
DA:702,0
DA:703,0
DA:704,0
DA:705,0
DA:706,0
DA:707,0
DA:708,0
DA:709,0
DA:713,0
DA:714,0
DA:727,0
DA:728,0
DA:729,0
DA:730,0
DA:862,0
DA:863,0
LF:100
LH:0
end_of_record
TN:
SF:/mnt/c/users/t470/desktop/funda/lab3/project1/build/_deps/googletest-src/googletest/include/gtest/gtest-message.h
FN:112,114,_ZN7testing7MessageC2ERKS0_
FN:132,150,_ZN7testing7MessagelsIA100_cEERS0_RKT_
FN:132,150,_ZN7testing7MessagelsIA106_cEERS0_RKT_
FN:132,150,_ZN7testing7MessagelsIA10_cEERS0_RKT_
FN:132,150,_ZN7testing7MessagelsIA11_cEERS0_RKT_
FN:132,150,_ZN7testing7MessagelsIA12_cEERS0_RKT_
FN:132,150,_ZN7testing7MessagelsIA13_cEERS0_RKT_
FN:132,150,_ZN7testing7MessagelsIA14_cEERS0_RKT_
FN:132,150,_ZN7testing7MessagelsIA15_cEERS0_RKT_
FN:132,150,_ZN7testing7MessagelsIA16_cEERS0_RKT_
FN:132,150,_ZN7testing7MessagelsIA17_cEERS0_RKT_
FN:132,150,_ZN7testing7MessagelsIA18_cEERS0_RKT_
FN:132,150,_ZN7testing7MessagelsIA19_cEERS0_RKT_
FN:132,150,_ZN7testing7MessagelsIA20_cEERS0_RKT_
FN:132,150,_ZN7testing7MessagelsIA21_cEERS0_RKT_
FN:132,150,_ZN7testing7MessagelsIA22_cEERS0_RKT_
FN:132,150,_ZN7testing7MessagelsIA24_cEERS0_RKT_
FN:132,150,_ZN7testing7MessagelsIA256_cEERS0_RKT_
FN:132,150,_ZN7testing7MessagelsIA25_cEERS0_RKT_
FN:132,150,_ZN7testing7MessagelsIA27_cEERS0_RKT_
FN:132,150,_ZN7testing7MessagelsIA28_cEERS0_RKT_
FN:132,150,_ZN7testing7MessagelsIA29_cEERS0_RKT_
FN:132,150,_ZN7testing7MessagelsIA2_cEERS0_RKT_
FN:132,150,_ZN7testing7MessagelsIA30_cEERS0_RKT_
FN:132,150,_ZN7testing7MessagelsIA32_cEERS0_RKT_
FN:132,150,_ZN7testing7MessagelsIA33_cEERS0_RKT_
FN:132,150,_ZN7testing7MessagelsIA35_cEERS0_RKT_
FN:132,150,_ZN7testing7MessagelsIA38_cEERS0_RKT_
FN:132,150,_ZN7testing7MessagelsIA39_cEERS0_RKT_
FN:132,150,_ZN7testing7MessagelsIA3_cEERS0_RKT_
FN:132,150,_ZN7testing7MessagelsIA40_cEERS0_RKT_
FN:132,150,_ZN7testing7MessagelsIA41_cEERS0_RKT_
FN:132,150,_ZN7testing7MessagelsIA47_cEERS0_RKT_
FN:132,150,_ZN7testing7MessagelsIA48_cEERS0_RKT_
FN:132,150,_ZN7testing7MessagelsIA4_cEERS0_RKT_
FN:132,150,_ZN7testing7MessagelsIA50_cEERS0_RKT_
FN:132,150,_ZN7testing7MessagelsIA51_cEERS0_RKT_
FN:132,150,_ZN7testing7MessagelsIA52_cEERS0_RKT_
FN:132,150,_ZN7testing7MessagelsIA53_cEERS0_RKT_
FN:132,150,_ZN7testing7MessagelsIA5_cEERS0_RKT_
FN:132,150,_ZN7testing7MessagelsIA60_cEERS0_RKT_
FN:132,150,_ZN7testing7MessagelsIA61_cEERS0_RKT_
FN:132,150,_ZN7testing7MessagelsIA62_cEERS0_RKT_
FN:132,150,_ZN7testing7MessagelsIA63_cEERS0_RKT_
FN:132,150,_ZN7testing7MessagelsIA65_cEERS0_RKT_
FN:132,150,_ZN7testing7MessagelsIA68_cEERS0_RKT_
FN:132,150,_ZN7testing7MessagelsIA6_cEERS0_RKT_
FN:132,150,_ZN7testing7MessagelsIA7_cEERS0_RKT_
FN:132,150,_ZN7testing7MessagelsIA8_cEERS0_RKT_
FN:132,150,_ZN7testing7MessagelsIA93_cEERS0_RKT_
FN:132,150,_ZN7testing7MessagelsIA9_cEERS0_RKT_
FN:132,150,_ZN7testing7MessagelsINS_14TestPartResultEEERS0_RKT_
FN:132,150,_ZN7testing7MessagelsINSt7__cxx1112basic_stringIcSt11char_traitsIcESaIcEEEEERS0_RKT_
FN:132,150,_ZN7testing7MessagelsIS0_EERS0_RKT_
FN:132,150,_ZN7testing7MessagelsIcEERS0_RKT_
FN:132,150,_ZN7testing7MessagelsIdEERS0_RKT_
FN:132,150,_ZN7testing7MessagelsIiEERS0_RKT_
FN:132,150,_ZN7testing7MessagelsIlEERS0_RKT_
FN:132,150,_ZN7testing7MessagelsImEERS0_RKT_
FN:182,189,_ZN7testing7MessagelsIKcEERS0_RKPT_
FN:182,189,_ZN7testing7MessagelsIcEERS0_RKPT_
FN:232,234,_ZN7testinglsERSoRKNS_7MessageE
FN:243,245,_ZN7testing8internal18StreamableToStringIPcEENSt7__cxx1112basic_stringIcSt11char_traitsIcESaIcEEERKT_
FN:243,245,_ZN7testing8internal18StreamableToStringIPwEENSt7__cxx1112basic_stringIcSt11char_traitsIcESaIcEEERKT_
FN:243,245,_ZN7testing8internal18StreamableToStringIiEENSt7__cxx1112basic_stringIcSt11char_traitsIcESaIcEEERKT_
FN:243,245,_ZN7testing8internal18StreamableToStringIlEENSt7__cxx1112basic_stringIcSt11char_traitsIcESaIcEEERKT_
FNDA:0,_ZN7testing7MessageC2ERKS0_
FNDA:0,_ZN7testing7MessagelsIA100_cEERS0_RKT_
FNDA:0,_ZN7testing7MessagelsIA106_cEERS0_RKT_
FNDA:0,_ZN7testing7MessagelsIA10_cEERS0_RKT_
FNDA:0,_ZN7testing7MessagelsIA11_cEERS0_RKT_
FNDA:0,_ZN7testing7MessagelsIA12_cEERS0_RKT_
FNDA:0,_ZN7testing7MessagelsIA13_cEERS0_RKT_
FNDA:0,_ZN7testing7MessagelsIA14_cEERS0_RKT_
FNDA:0,_ZN7testing7MessagelsIA15_cEERS0_RKT_
FNDA:0,_ZN7testing7MessagelsIA16_cEERS0_RKT_
FNDA:0,_ZN7testing7MessagelsIA17_cEERS0_RKT_
FNDA:0,_ZN7testing7MessagelsIA18_cEERS0_RKT_
FNDA:0,_ZN7testing7MessagelsIA19_cEERS0_RKT_
FNDA:0,_ZN7testing7MessagelsIA20_cEERS0_RKT_
FNDA:0,_ZN7testing7MessagelsIA21_cEERS0_RKT_
FNDA:0,_ZN7testing7MessagelsIA22_cEERS0_RKT_
FNDA:0,_ZN7testing7MessagelsIA24_cEERS0_RKT_
FNDA:0,_ZN7testing7MessagelsIA256_cEERS0_RKT_
FNDA:0,_ZN7testing7MessagelsIA25_cEERS0_RKT_
FNDA:0,_ZN7testing7MessagelsIA27_cEERS0_RKT_
FNDA:0,_ZN7testing7MessagelsIA28_cEERS0_RKT_
FNDA:0,_ZN7testing7MessagelsIA29_cEERS0_RKT_
FNDA:0,_ZN7testing7MessagelsIA2_cEERS0_RKT_
FNDA:0,_ZN7testing7MessagelsIA30_cEERS0_RKT_
FNDA:0,_ZN7testing7MessagelsIA32_cEERS0_RKT_
FNDA:0,_ZN7testing7MessagelsIA33_cEERS0_RKT_
FNDA:0,_ZN7testing7MessagelsIA35_cEERS0_RKT_
FNDA:0,_ZN7testing7MessagelsIA38_cEERS0_RKT_
FNDA:0,_ZN7testing7MessagelsIA39_cEERS0_RKT_
FNDA:0,_ZN7testing7MessagelsIA3_cEERS0_RKT_
FNDA:0,_ZN7testing7MessagelsIA40_cEERS0_RKT_
FNDA:0,_ZN7testing7MessagelsIA41_cEERS0_RKT_
FNDA:0,_ZN7testing7MessagelsIA47_cEERS0_RKT_
FNDA:0,_ZN7testing7MessagelsIA48_cEERS0_RKT_
FNDA:0,_ZN7testing7MessagelsIA4_cEERS0_RKT_
FNDA:0,_ZN7testing7MessagelsIA50_cEERS0_RKT_
FNDA:0,_ZN7testing7MessagelsIA51_cEERS0_RKT_
FNDA:0,_ZN7testing7MessagelsIA52_cEERS0_RKT_
FNDA:0,_ZN7testing7MessagelsIA53_cEERS0_RKT_
FNDA:0,_ZN7testing7MessagelsIA5_cEERS0_RKT_
FNDA:0,_ZN7testing7MessagelsIA60_cEERS0_RKT_
FNDA:0,_ZN7testing7MessagelsIA61_cEERS0_RKT_
FNDA:0,_ZN7testing7MessagelsIA62_cEERS0_RKT_
FNDA:0,_ZN7testing7MessagelsIA63_cEERS0_RKT_
FNDA:0,_ZN7testing7MessagelsIA65_cEERS0_RKT_
FNDA:0,_ZN7testing7MessagelsIA68_cEERS0_RKT_
FNDA:0,_ZN7testing7MessagelsIA6_cEERS0_RKT_
FNDA:63,_ZN7testing7MessagelsIA7_cEERS0_RKT_
FNDA:0,_ZN7testing7MessagelsIA8_cEERS0_RKT_
FNDA:0,_ZN7testing7MessagelsIA93_cEERS0_RKT_
FNDA:0,_ZN7testing7MessagelsIA9_cEERS0_RKT_
FNDA:0,_ZN7testing7MessagelsINS_14TestPartResultEEERS0_RKT_
FNDA:0,_ZN7testing7MessagelsINSt7__cxx1112basic_stringIcSt11char_traitsIcESaIcEEEEERS0_RKT_
FNDA:0,_ZN7testing7MessagelsIS0_EERS0_RKT_
FNDA:1242,_ZN7testing7MessagelsIcEERS0_RKT_
FNDA:0,_ZN7testing7MessagelsIdEERS0_RKT_
FNDA:27,_ZN7testing7MessagelsIiEERS0_RKT_
FNDA:51,_ZN7testing7MessagelsIlEERS0_RKT_
FNDA:0,_ZN7testing7MessagelsImEERS0_RKT_
FNDA:63,_ZN7testing7MessagelsIKcEERS0_RKPT_
FNDA:3,_ZN7testing7MessagelsIcEERS0_RKPT_
FNDA:0,_ZN7testinglsERSoRKNS_7MessageE
FNDA:3,_ZN7testing8internal18StreamableToStringIPcEENSt7__cxx1112basic_stringIcSt11char_traitsIcESaIcEEERKT_
FNDA:0,_ZN7testing8internal18StreamableToStringIPwEENSt7__cxx1112basic_stringIcSt11char_traitsIcESaIcEEERKT_
FNDA:27,_ZN7testing8internal18StreamableToStringIiEENSt7__cxx1112basic_stringIcSt11char_traitsIcESaIcEEERKT_
FNDA:51,_ZN7testing8internal18StreamableToStringIlEENSt7__cxx1112basic_stringIcSt11char_traitsIcESaIcEEERKT_
FNF:66
FNH:9
DA:112,0
DA:113,0
DA:114,0
DA:132,1383
DA:148,1383
DA:149,1383
DA:182,66
DA:183,66
DA:184,0
DA:186,66
DA:188,66
DA:232,0
DA:233,0
DA:243,81
DA:244,162
LF:15
LH:9
end_of_record
TN:
SF:/mnt/c/users/t470/desktop/funda/lab3/project1/build/_deps/googletest-src/googletest/include/gtest/gtest-printers.h
FN:1017,1023,_ZN7testing8internal21UniversalTersePrinterIPKcE5PrintES3_PSo
FN:1080,1086,_ZN7testing8internal21UniversalTersePrinterIPKwE5PrintES3_PSo
FN:1108,1113,_ZN7testing8internal14UniversalPrintIDnEEvRKT_PSo
FN:1108,1113,_ZN7testing8internal14UniversalPrintIN3BSTIiNSt7__cxx1112basic_stringIcSt11char_traitsIcESaIcEEE17DefaultComparatorE8IteratorINSA_4NodeEEEEEvRKT_PSo
FN:1108,1113,_ZN7testing8internal14UniversalPrintINSt7__cxx1112basic_stringIcSt11char_traitsIcESaIcEEEEEvRKT_PSo
FN:1108,1113,_ZN7testing8internal14UniversalPrintINSt7__cxx1112basic_stringIwSt11char_traitsIwESaIwEEEEEvRKT_PSo
FN:1108,1113,_ZN7testing8internal14UniversalPrintIPNSt7__cxx1112basic_stringIcSt11char_traitsIcESaIcEEEEEvRKT_PSo
FN:1108,1113,_ZN7testing8internal14UniversalPrintISt4pairIiNSt7__cxx1112basic_stringIcSt11char_traitsIcESaIcEEEEEEvRKT_PSo
FN:1108,1113,_ZN7testing8internal14UniversalPrintISt6vectorISt4pairIiNSt7__cxx1112basic_stringIcSt11char_traitsIcESaIcEEEESaISA_EEEEvRKT_PSo
FN:1108,1113,_ZN7testing8internal14UniversalPrintIiEEvRKT_PSo
FN:1108,1113,_ZN7testing8internal14UniversalPrintImEEvRKT_PSo
FN:1148,1152,_ZN7testing13PrintToStringIDnEENSt7__cxx1112basic_stringIcSt11char_traitsIcESaIcEEERKT_
FN:1148,1152,_ZN7testing13PrintToStringIN3BSTIiNSt7__cxx1112basic_stringIcSt11char_traitsIcESaIcEEE17DefaultComparatorE8IteratorINS9_4NodeEEEEES7_RKT_
FN:1148,1152,_ZN7testing13PrintToStringINSt7__cxx1112basic_stringIcSt11char_traitsIcESaIcEEEEES6_RKT_
FN:1148,1152,_ZN7testing13PrintToStringIPKcEENSt7__cxx1112basic_stringIcSt11char_traitsIcESaIcEEERKT_
FN:1148,1152,_ZN7testing13PrintToStringIPKwEENSt7__cxx1112basic_stringIcSt11char_traitsIcESaIcEEERKT_
FN:1148,1152,_ZN7testing13PrintToStringIPNSt7__cxx1112basic_stringIcSt11char_traitsIcESaIcEEEEES6_RKT_
FN:1148,1152,_ZN7testing13PrintToStringISt6vectorISt4pairIiNSt7__cxx1112basic_stringIcSt11char_traitsIcESaIcEEEESaIS9_EEEES8_RKT_
FN:1148,1152,_ZN7testing13PrintToStringIiEENSt7__cxx1112basic_stringIcSt11char_traitsIcESaIcEEERKT_
FN:1148,1152,_ZN7testing13PrintToStringImEENSt7__cxx1112basic_stringIcSt11char_traitsIcESaIcEEERKT_
FN:141,164,_ZN7testing8internal16ContainerPrinter10PrintValueISt6vectorISt4pairIiNSt7__cxx1112basic_stringIcSt11char_traitsIcESaIcEEEESaISB_EEvEEvRKT_PSo
FN:190,199,_ZN7testing8internal14PointerPrinter10PrintValueINSt7__cxx1112basic_stringIcSt11char_traitsIcESaIcEEEEEvPT_PSo
FN:221,226,_ZN7testing8internal52internal_stream_operator_without_lexical_name_lookup13StreamPrinter10PrintValueIivEEDTcvvlsdefp0_fp_ERKT_PSo
FN:221,226,_ZN7testing8internal52internal_stream_operator_without_lexical_name_lookup13StreamPrinter10PrintValueImvEEDTcvvlsdefp0_fp_ERKT_PSo
FN:289,295,_ZN7testing8internal15RawBytesPrinter10PrintValueIN3BSTIiNSt7__cxx1112basic_stringIcSt11char_traitsIcESaIcEEE17DefaultComparatorE8IteratorINSB_4NodeEEELm88EEEvRKT_PSo
FN:326,337,_ZN7testing8internal17PrintWithFallbackIN3BSTIiNSt7__cxx1112basic_stringIcSt11char_traitsIcESaIcEEE17DefaultComparatorE8IteratorINSA_4NodeEEEEEvRKT_PSo
FN:326,337,_ZN7testing8internal17PrintWithFallbackIPNSt7__cxx1112basic_stringIcSt11char_traitsIcESaIcEEEEEvRKT_PSo
FN:326,337,_ZN7testing8internal17PrintWithFallbackISt6vectorISt4pairIiNSt7__cxx1112basic_stringIcSt11char_traitsIcESaIcEEEESaISA_EEEEvRKT_PSo
FN:326,337,_ZN7testing8internal17PrintWithFallbackIiEEvRKT_PSo
FN:326,337,_ZN7testing8internal17PrintWithFallbackImEEvRKT_PSo
FN:357,359,_ZN7testing8internal19FormatForComparisonIDnPNSt7__cxx1112basic_stringIcSt11char_traitsIcESaIcEEEE6FormatERKDn
FN:357,359,_ZN7testing8internal19FormatForComparisonIN3BSTIiNSt7__cxx1112basic_stringIcSt11char_traitsIcESaIcEEE17DefaultComparatorE8IteratorINSA_4NodeEEESD_E6FormatERKSD_
FN:357,359,_ZN7testing8internal19FormatForComparisonINSt7__cxx1112basic_stringIcSt11char_traitsIcESaIcEEEA4_cE6FormatERKS7_
FN:357,359,_ZN7testing8internal19FormatForComparisonINSt7__cxx1112basic_stringIcSt11char_traitsIcESaIcEEEA5_cE6FormatERKS7_
FN:357,359,_ZN7testing8internal19FormatForComparisonINSt7__cxx1112basic_stringIcSt11char_traitsIcESaIcEEEA6_cE6FormatERKS7_
FN:357,359,_ZN7testing8internal19FormatForComparisonINSt7__cxx1112basic_stringIcSt11char_traitsIcESaIcEEEA9_cE6FormatERKS7_
FN:357,359,_ZN7testing8internal19FormatForComparisonIPNSt7__cxx1112basic_stringIcSt11char_traitsIcESaIcEEEDnE6FormatERKS8_
FN:357,359,_ZN7testing8internal19FormatForComparisonISt6vectorISt4pairIiNSt7__cxx1112basic_stringIcSt11char_traitsIcESaIcEEEESaISA_EESC_E6FormatERKSC_
FN:357,359,_ZN7testing8internal19FormatForComparisonIimE6FormatB5cxx11ERKi
FN:357,359,_ZN7testing8internal19FormatForComparisonImiE6FormatB5cxx11ERKm
FN:366,368,_ZN7testing8internal19FormatForComparisonIA4_cNSt7__cxx1112basic_stringIcSt11char_traitsIcESaIcEEEE6FormatEPKc
FN:366,368,_ZN7testing8internal19FormatForComparisonIA5_cNSt7__cxx1112basic_stringIcSt11char_traitsIcESaIcEEEE6FormatEPKc
FN:366,368,_ZN7testing8internal19FormatForComparisonIA6_cNSt7__cxx1112basic_stringIcSt11char_traitsIcESaIcEEEE6FormatEPKc
FN:366,368,_ZN7testing8internal19FormatForComparisonIA9_cNSt7__cxx1112basic_stringIcSt11char_traitsIcESaIcEEEE6FormatEPKc
FN:411,411,_ZN7testing8internal19FormatForComparisonIPKcNSt7__cxx1112basic_stringIcSt11char_traitsIcESaIcEEEE6FormatES3_
FN:437,440,_ZN7testing8internal33FormatForComparisonFailureMessageIA4_cNSt7__cxx1112basic_stringIcSt11char_traitsIcESaIcEEEEES8_RKT_RKT0_
FN:437,440,_ZN7testing8internal33FormatForComparisonFailureMessageIA5_cNSt7__cxx1112basic_stringIcSt11char_traitsIcESaIcEEEEES8_RKT_RKT0_
FN:437,440,_ZN7testing8internal33FormatForComparisonFailureMessageIA6_cNSt7__cxx1112basic_stringIcSt11char_traitsIcESaIcEEEEES8_RKT_RKT0_
FN:437,440,_ZN7testing8internal33FormatForComparisonFailureMessageIA9_cNSt7__cxx1112basic_stringIcSt11char_traitsIcESaIcEEEEES8_RKT_RKT0_
FN:437,440,_ZN7testing8internal33FormatForComparisonFailureMessageIDnPNSt7__cxx1112basic_stringIcSt11char_traitsIcESaIcEEEEES7_RKT_RKT0_
FN:437,440,_ZN7testing8internal33FormatForComparisonFailureMessageIN3BSTIiNSt7__cxx1112basic_stringIcSt11char_traitsIcESaIcEEE17DefaultComparatorE8IteratorINSA_4NodeEEESD_EES8_RKT_RKT0_
FN:437,440,_ZN7testing8internal33FormatForComparisonFailureMessageINSt7__cxx1112basic_stringIcSt11char_traitsIcESaIcEEEA4_cEES7_RKT_RKT0_
FN:437,440,_ZN7testing8internal33FormatForComparisonFailureMessageINSt7__cxx1112basic_stringIcSt11char_traitsIcESaIcEEEA5_cEES7_RKT_RKT0_
FN:437,440,_ZN7testing8internal33FormatForComparisonFailureMessageINSt7__cxx1112basic_stringIcSt11char_traitsIcESaIcEEEA6_cEES7_RKT_RKT0_
FN:437,440,_ZN7testing8internal33FormatForComparisonFailureMessageINSt7__cxx1112basic_stringIcSt11char_traitsIcESaIcEEEA9_cEES7_RKT_RKT0_
FN:437,440,_ZN7testing8internal33FormatForComparisonFailureMessageIPNSt7__cxx1112basic_stringIcSt11char_traitsIcESaIcEEEDnEES7_RKT_RKT0_
FN:437,440,_ZN7testing8internal33FormatForComparisonFailureMessageISt6vectorISt4pairIiNSt7__cxx1112basic_stringIcSt11char_traitsIcESaIcEEEESaISA_EESC_EES9_RKT_RKT0_
FN:437,440,_ZN7testing8internal33FormatForComparisonFailureMessageIimEENSt7__cxx1112basic_stringIcSt11char_traitsIcESaIcEEERKT_RKT0_
FN:437,440,_ZN7testing8internal33FormatForComparisonFailureMessageImiEENSt7__cxx1112basic_stringIcSt11char_traitsIcESaIcEEERKT_RKT0_
FN:464,466,_ZN7testing8internal7PrintToIN3BSTIiNSt7__cxx1112basic_stringIcSt11char_traitsIcESaIcEEE17DefaultComparatorE8IteratorINSA_4NodeEEEEEvRKT_PSo
FN:464,466,_ZN7testing8internal7PrintToIPNSt7__cxx1112basic_stringIcSt11char_traitsIcESaIcEEEEEvRKT_PSo
FN:464,466,_ZN7testing8internal7PrintToISt6vectorISt4pairIiNSt7__cxx1112basic_stringIcSt11char_traitsIcESaIcEEEESaISA_EEEEvRKT_PSo
FN:464,466,_ZN7testing8internal7PrintToIiEEvRKT_PSo
FN:464,466,_ZN7testing8internal7PrintToImEEvRKT_PSo
FN:660,662,_ZN7testing8internal7PrintToERKNSt7__cxx1112basic_stringIcSt11char_traitsIcESaIcEEEPSo
FN:687,689,_ZN7testing8internal7PrintToERKNSt7__cxx1112basic_stringIwSt11char_traitsIwESaIwEEEPSo
FN:699,699,_ZN7testing8internal7PrintToEDnPSo
FN:777,785,_ZN7testing8internal7PrintToIiNSt7__cxx1112basic_stringIcSt11char_traitsIcESaIcEEEEEvRKSt4pairIT_T0_EPSo
FN:799,809,_ZN7testing8internal16UniversalPrinterIDnE5PrintERKDnPSo
FN:799,809,_ZN7testing8internal16UniversalPrinterIN3BSTIiNSt7__cxx1112basic_stringIcSt11char_traitsIcESaIcEEE17DefaultComparatorE8IteratorINSA_4NodeEEEE5PrintERKSD_PSo
FN:799,809,_ZN7testing8internal16UniversalPrinterINSt7__cxx1112basic_stringIcSt11char_traitsIcESaIcEEEE5PrintERKS7_PSo
FN:799,809,_ZN7testing8internal16UniversalPrinterINSt7__cxx1112basic_stringIwSt11char_traitsIwESaIwEEEE5PrintERKS7_PSo
FN:799,809,_ZN7testing8internal16UniversalPrinterIPNSt7__cxx1112basic_stringIcSt11char_traitsIcESaIcEEEE5PrintERKS8_PSo
FN:799,809,_ZN7testing8internal16UniversalPrinterISt4pairIiNSt7__cxx1112basic_stringIcSt11char_traitsIcESaIcEEEEE5PrintERKS9_PSo
FN:799,809,_ZN7testing8internal16UniversalPrinterISt6vectorISt4pairIiNSt7__cxx1112basic_stringIcSt11char_traitsIcESaIcEEEESaISA_EEE5PrintERKSC_PSo
FN:799,809,_ZN7testing8internal16UniversalPrinterIiE5PrintERKiPSo
FN:799,809,_ZN7testing8internal16UniversalPrinterImE5PrintERKmPSo
FN:989,991,_ZN7testing8internal21UniversalTersePrinterIDnE5PrintERKDnPSo
FN:989,991,_ZN7testing8internal21UniversalTersePrinterIN3BSTIiNSt7__cxx1112basic_stringIcSt11char_traitsIcESaIcEEE17DefaultComparatorE8IteratorINSA_4NodeEEEE5PrintERKSD_PSo
FN:989,991,_ZN7testing8internal21UniversalTersePrinterINSt7__cxx1112basic_stringIcSt11char_traitsIcESaIcEEEE5PrintERKS7_PSo
FN:989,991,_ZN7testing8internal21UniversalTersePrinterIPNSt7__cxx1112basic_stringIcSt11char_traitsIcESaIcEEEE5PrintERKS8_PSo
FN:989,991,_ZN7testing8internal21UniversalTersePrinterISt6vectorISt4pairIiNSt7__cxx1112basic_stringIcSt11char_traitsIcESaIcEEEESaISA_EEE5PrintERKSC_PSo
FN:989,991,_ZN7testing8internal21UniversalTersePrinterIiE5PrintERKiPSo
FN:989,991,_ZN7testing8internal21UniversalTersePrinterImE5PrintERKmPSo
FNDA:0,_ZN7testing8internal21UniversalTersePrinterIPKcE5PrintES3_PSo
FNDA:0,_ZN7testing8internal21UniversalTersePrinterIPKwE5PrintES3_PSo
FNDA:0,_ZN7testing8internal14UniversalPrintIDnEEvRKT_PSo
FNDA:0,_ZN7testing8internal14UniversalPrintIN3BSTIiNSt7__cxx1112basic_stringIcSt11char_traitsIcESaIcEEE17DefaultComparatorE8IteratorINSA_4NodeEEEEEvRKT_PSo
FNDA:0,_ZN7testing8internal14UniversalPrintINSt7__cxx1112basic_stringIcSt11char_traitsIcESaIcEEEEEvRKT_PSo
FNDA:0,_ZN7testing8internal14UniversalPrintINSt7__cxx1112basic_stringIwSt11char_traitsIwESaIwEEEEEvRKT_PSo
FNDA:0,_ZN7testing8internal14UniversalPrintIPNSt7__cxx1112basic_stringIcSt11char_traitsIcESaIcEEEEEvRKT_PSo
FNDA:0,_ZN7testing8internal14UniversalPrintISt4pairIiNSt7__cxx1112basic_stringIcSt11char_traitsIcESaIcEEEEEEvRKT_PSo
FNDA:0,_ZN7testing8internal14UniversalPrintISt6vectorISt4pairIiNSt7__cxx1112basic_stringIcSt11char_traitsIcESaIcEEEESaISA_EEEEvRKT_PSo
FNDA:0,_ZN7testing8internal14UniversalPrintIiEEvRKT_PSo
FNDA:0,_ZN7testing8internal14UniversalPrintImEEvRKT_PSo
FNDA:0,_ZN7testing13PrintToStringIDnEENSt7__cxx1112basic_stringIcSt11char_traitsIcESaIcEEERKT_
FNDA:0,_ZN7testing13PrintToStringIN3BSTIiNSt7__cxx1112basic_stringIcSt11char_traitsIcESaIcEEE17DefaultComparatorE8IteratorINS9_4NodeEEEEES7_RKT_
FNDA:0,_ZN7testing13PrintToStringINSt7__cxx1112basic_stringIcSt11char_traitsIcESaIcEEEEES6_RKT_
FNDA:0,_ZN7testing13PrintToStringIPKcEENSt7__cxx1112basic_stringIcSt11char_traitsIcESaIcEEERKT_
FNDA:0,_ZN7testing13PrintToStringIPKwEENSt7__cxx1112basic_stringIcSt11char_traitsIcESaIcEEERKT_
FNDA:0,_ZN7testing13PrintToStringIPNSt7__cxx1112basic_stringIcSt11char_traitsIcESaIcEEEEES6_RKT_
FNDA:0,_ZN7testing13PrintToStringISt6vectorISt4pairIiNSt7__cxx1112basic_stringIcSt11char_traitsIcESaIcEEEESaIS9_EEEES8_RKT_
FNDA:0,_ZN7testing13PrintToStringIiEENSt7__cxx1112basic_stringIcSt11char_traitsIcESaIcEEERKT_
FNDA:0,_ZN7testing13PrintToStringImEENSt7__cxx1112basic_stringIcSt11char_traitsIcESaIcEEERKT_
FNDA:0,_ZN7testing8internal16ContainerPrinter10PrintValueISt6vectorISt4pairIiNSt7__cxx1112basic_stringIcSt11char_traitsIcESaIcEEEESaISB_EEvEEvRKT_PSo
FNDA:0,_ZN7testing8internal14PointerPrinter10PrintValueINSt7__cxx1112basic_stringIcSt11char_traitsIcESaIcEEEEEvPT_PSo
FNDA:0,_ZN7testing8internal52internal_stream_operator_without_lexical_name_lookup13StreamPrinter10PrintValueIivEEDTcvvlsdefp0_fp_ERKT_PSo
FNDA:0,_ZN7testing8internal52internal_stream_operator_without_lexical_name_lookup13StreamPrinter10PrintValueImvEEDTcvvlsdefp0_fp_ERKT_PSo
FNDA:0,_ZN7testing8internal15RawBytesPrinter10PrintValueIN3BSTIiNSt7__cxx1112basic_stringIcSt11char_traitsIcESaIcEEE17DefaultComparatorE8IteratorINSB_4NodeEEELm88EEEvRKT_PSo
FNDA:0,_ZN7testing8internal17PrintWithFallbackIN3BSTIiNSt7__cxx1112basic_stringIcSt11char_traitsIcESaIcEEE17DefaultComparatorE8IteratorINSA_4NodeEEEEEvRKT_PSo
FNDA:0,_ZN7testing8internal17PrintWithFallbackIPNSt7__cxx1112basic_stringIcSt11char_traitsIcESaIcEEEEEvRKT_PSo
FNDA:0,_ZN7testing8internal17PrintWithFallbackISt6vectorISt4pairIiNSt7__cxx1112basic_stringIcSt11char_traitsIcESaIcEEEESaISA_EEEEvRKT_PSo
FNDA:0,_ZN7testing8internal17PrintWithFallbackIiEEvRKT_PSo
FNDA:0,_ZN7testing8internal17PrintWithFallbackImEEvRKT_PSo
FNDA:0,_ZN7testing8internal19FormatForComparisonIDnPNSt7__cxx1112basic_stringIcSt11char_traitsIcESaIcEEEE6FormatERKDn
FNDA:0,_ZN7testing8internal19FormatForComparisonIN3BSTIiNSt7__cxx1112basic_stringIcSt11char_traitsIcESaIcEEE17DefaultComparatorE8IteratorINSA_4NodeEEESD_E6FormatERKSD_
FNDA:0,_ZN7testing8internal19FormatForComparisonINSt7__cxx1112basic_stringIcSt11char_traitsIcESaIcEEEA4_cE6FormatERKS7_
FNDA:0,_ZN7testing8internal19FormatForComparisonINSt7__cxx1112basic_stringIcSt11char_traitsIcESaIcEEEA5_cE6FormatERKS7_
FNDA:0,_ZN7testing8internal19FormatForComparisonINSt7__cxx1112basic_stringIcSt11char_traitsIcESaIcEEEA6_cE6FormatERKS7_
FNDA:0,_ZN7testing8internal19FormatForComparisonINSt7__cxx1112basic_stringIcSt11char_traitsIcESaIcEEEA9_cE6FormatERKS7_
FNDA:0,_ZN7testing8internal19FormatForComparisonIPNSt7__cxx1112basic_stringIcSt11char_traitsIcESaIcEEEDnE6FormatERKS8_
FNDA:0,_ZN7testing8internal19FormatForComparisonISt6vectorISt4pairIiNSt7__cxx1112basic_stringIcSt11char_traitsIcESaIcEEEESaISA_EESC_E6FormatERKSC_
FNDA:0,_ZN7testing8internal19FormatForComparisonIimE6FormatB5cxx11ERKi
FNDA:0,_ZN7testing8internal19FormatForComparisonImiE6FormatB5cxx11ERKm
FNDA:0,_ZN7testing8internal19FormatForComparisonIA4_cNSt7__cxx1112basic_stringIcSt11char_traitsIcESaIcEEEE6FormatEPKc
FNDA:0,_ZN7testing8internal19FormatForComparisonIA5_cNSt7__cxx1112basic_stringIcSt11char_traitsIcESaIcEEEE6FormatEPKc
FNDA:0,_ZN7testing8internal19FormatForComparisonIA6_cNSt7__cxx1112basic_stringIcSt11char_traitsIcESaIcEEEE6FormatEPKc
FNDA:0,_ZN7testing8internal19FormatForComparisonIA9_cNSt7__cxx1112basic_stringIcSt11char_traitsIcESaIcEEEE6FormatEPKc
FNDA:0,_ZN7testing8internal19FormatForComparisonIPKcNSt7__cxx1112basic_stringIcSt11char_traitsIcESaIcEEEE6FormatES3_
FNDA:0,_ZN7testing8internal33FormatForComparisonFailureMessageIA4_cNSt7__cxx1112basic_stringIcSt11char_traitsIcESaIcEEEEES8_RKT_RKT0_
FNDA:0,_ZN7testing8internal33FormatForComparisonFailureMessageIA5_cNSt7__cxx1112basic_stringIcSt11char_traitsIcESaIcEEEEES8_RKT_RKT0_
FNDA:0,_ZN7testing8internal33FormatForComparisonFailureMessageIA6_cNSt7__cxx1112basic_stringIcSt11char_traitsIcESaIcEEEEES8_RKT_RKT0_
FNDA:0,_ZN7testing8internal33FormatForComparisonFailureMessageIA9_cNSt7__cxx1112basic_stringIcSt11char_traitsIcESaIcEEEEES8_RKT_RKT0_
FNDA:0,_ZN7testing8internal33FormatForComparisonFailureMessageIDnPNSt7__cxx1112basic_stringIcSt11char_traitsIcESaIcEEEEES7_RKT_RKT0_
FNDA:0,_ZN7testing8internal33FormatForComparisonFailureMessageIN3BSTIiNSt7__cxx1112basic_stringIcSt11char_traitsIcESaIcEEE17DefaultComparatorE8IteratorINSA_4NodeEEESD_EES8_RKT_RKT0_
FNDA:0,_ZN7testing8internal33FormatForComparisonFailureMessageINSt7__cxx1112basic_stringIcSt11char_traitsIcESaIcEEEA4_cEES7_RKT_RKT0_
FNDA:0,_ZN7testing8internal33FormatForComparisonFailureMessageINSt7__cxx1112basic_stringIcSt11char_traitsIcESaIcEEEA5_cEES7_RKT_RKT0_
FNDA:0,_ZN7testing8internal33FormatForComparisonFailureMessageINSt7__cxx1112basic_stringIcSt11char_traitsIcESaIcEEEA6_cEES7_RKT_RKT0_
FNDA:0,_ZN7testing8internal33FormatForComparisonFailureMessageINSt7__cxx1112basic_stringIcSt11char_traitsIcESaIcEEEA9_cEES7_RKT_RKT0_
FNDA:0,_ZN7testing8internal33FormatForComparisonFailureMessageIPNSt7__cxx1112basic_stringIcSt11char_traitsIcESaIcEEEDnEES7_RKT_RKT0_
FNDA:0,_ZN7testing8internal33FormatForComparisonFailureMessageISt6vectorISt4pairIiNSt7__cxx1112basic_stringIcSt11char_traitsIcESaIcEEEESaISA_EESC_EES9_RKT_RKT0_
FNDA:0,_ZN7testing8internal33FormatForComparisonFailureMessageIimEENSt7__cxx1112basic_stringIcSt11char_traitsIcESaIcEEERKT_RKT0_
FNDA:0,_ZN7testing8internal33FormatForComparisonFailureMessageImiEENSt7__cxx1112basic_stringIcSt11char_traitsIcESaIcEEERKT_RKT0_
FNDA:0,_ZN7testing8internal7PrintToIN3BSTIiNSt7__cxx1112basic_stringIcSt11char_traitsIcESaIcEEE17DefaultComparatorE8IteratorINSA_4NodeEEEEEvRKT_PSo
FNDA:0,_ZN7testing8internal7PrintToIPNSt7__cxx1112basic_stringIcSt11char_traitsIcESaIcEEEEEvRKT_PSo
FNDA:0,_ZN7testing8internal7PrintToISt6vectorISt4pairIiNSt7__cxx1112basic_stringIcSt11char_traitsIcESaIcEEEESaISA_EEEEvRKT_PSo
FNDA:0,_ZN7testing8internal7PrintToIiEEvRKT_PSo
FNDA:0,_ZN7testing8internal7PrintToImEEvRKT_PSo
FNDA:0,_ZN7testing8internal7PrintToERKNSt7__cxx1112basic_stringIcSt11char_traitsIcESaIcEEEPSo
FNDA:0,_ZN7testing8internal7PrintToERKNSt7__cxx1112basic_stringIwSt11char_traitsIwESaIwEEEPSo
FNDA:0,_ZN7testing8internal7PrintToEDnPSo
FNDA:0,_ZN7testing8internal7PrintToIiNSt7__cxx1112basic_stringIcSt11char_traitsIcESaIcEEEEEvRKSt4pairIT_T0_EPSo
FNDA:0,_ZN7testing8internal16UniversalPrinterIDnE5PrintERKDnPSo
FNDA:0,_ZN7testing8internal16UniversalPrinterIN3BSTIiNSt7__cxx1112basic_stringIcSt11char_traitsIcESaIcEEE17DefaultComparatorE8IteratorINSA_4NodeEEEE5PrintERKSD_PSo
FNDA:0,_ZN7testing8internal16UniversalPrinterINSt7__cxx1112basic_stringIcSt11char_traitsIcESaIcEEEE5PrintERKS7_PSo
FNDA:0,_ZN7testing8internal16UniversalPrinterINSt7__cxx1112basic_stringIwSt11char_traitsIwESaIwEEEE5PrintERKS7_PSo
FNDA:0,_ZN7testing8internal16UniversalPrinterIPNSt7__cxx1112basic_stringIcSt11char_traitsIcESaIcEEEE5PrintERKS8_PSo
FNDA:0,_ZN7testing8internal16UniversalPrinterISt4pairIiNSt7__cxx1112basic_stringIcSt11char_traitsIcESaIcEEEEE5PrintERKS9_PSo
FNDA:0,_ZN7testing8internal16UniversalPrinterISt6vectorISt4pairIiNSt7__cxx1112basic_stringIcSt11char_traitsIcESaIcEEEESaISA_EEE5PrintERKSC_PSo
FNDA:0,_ZN7testing8internal16UniversalPrinterIiE5PrintERKiPSo
FNDA:0,_ZN7testing8internal16UniversalPrinterImE5PrintERKmPSo
FNDA:0,_ZN7testing8internal21UniversalTersePrinterIDnE5PrintERKDnPSo
FNDA:0,_ZN7testing8internal21UniversalTersePrinterIN3BSTIiNSt7__cxx1112basic_stringIcSt11char_traitsIcESaIcEEE17DefaultComparatorE8IteratorINSA_4NodeEEEE5PrintERKSD_PSo
FNDA:0,_ZN7testing8internal21UniversalTersePrinterINSt7__cxx1112basic_stringIcSt11char_traitsIcESaIcEEEE5PrintERKS7_PSo
FNDA:0,_ZN7testing8internal21UniversalTersePrinterIPNSt7__cxx1112basic_stringIcSt11char_traitsIcESaIcEEEE5PrintERKS8_PSo
FNDA:0,_ZN7testing8internal21UniversalTersePrinterISt6vectorISt4pairIiNSt7__cxx1112basic_stringIcSt11char_traitsIcESaIcEEEESaISA_EEE5PrintERKSC_PSo
FNDA:0,_ZN7testing8internal21UniversalTersePrinterIiE5PrintERKiPSo
FNDA:0,_ZN7testing8internal21UniversalTersePrinterImE5PrintERKmPSo
FNF:84
FNH:0
DA:141,0
DA:142,0
DA:143,0
DA:144,0
DA:145,0
DA:146,0
DA:147,0
DA:148,0
DA:149,0
DA:150,0
DA:153,0
DA:156,0
DA:157,0
DA:160,0
DA:161,0
DA:163,0
DA:164,0
DA:190,0
DA:191,0
DA:192,0
DA:197,0
DA:199,0
DA:221,0
DA:225,0
DA:226,0
DA:289,0
DA:290,0
DA:293,0
DA:295,0
DA:326,0
DA:336,0
DA:337,0
DA:357,0
DA:358,0
DA:366,0
DA:367,0
DA:411,0
DA:437,0
DA:439,0
DA:464,0
DA:465,0
DA:466,0
DA:660,0
DA:661,0
DA:662,0
DA:687,0
DA:688,0
DA:689,0
DA:699,0
DA:777,0
DA:778,0
DA:781,0
DA:782,0
DA:783,0
DA:784,0
DA:785,0
DA:799,0
DA:808,0
DA:809,0
DA:989,0
DA:990,0
DA:991,0
DA:1017,0
DA:1018,0
DA:1019,0
DA:1021,0
DA:1023,0
DA:1080,0
DA:1081,0
DA:1082,0
DA:1084,0
DA:1086,0
DA:1108,0
DA:1112,0
DA:1113,0
DA:1148,0
DA:1149,0
DA:1150,0
DA:1151,0
DA:1152,0
LF:80
LH:0
end_of_record
TN:
SF:/mnt/c/users/t470/desktop/funda/lab3/project1/build/_deps/googletest-src/googletest/include/gtest/gtest-test-part.h
FN:102,102,_ZNK7testing14TestPartResult17nonfatally_failedEv
FN:105,105,_ZNK7testing14TestPartResult14fatally_failedEv
FN:108,108,_ZNK7testing14TestPartResult6failedEv
FN:157,157,_ZN7testing31TestPartResultReporterInterfaceD0Ev
FN:157,157,_ZN7testing31TestPartResultReporterInterfaceD2Ev
FN:68,74,_ZN7testing14TestPartResultC2ENS0_4TypeEPKciS3_
FN:77,77,_ZNK7testing14TestPartResult4typeEv
FN:81,83,_ZNK7testing14TestPartResult9file_nameEv
FN:87,87,_ZNK7testing14TestPartResult11line_numberEv
FN:90,90,_ZNK7testing14TestPartResult7summaryEv
FN:93,93,_ZNK7testing14TestPartResult7messageEv
FN:96,96,_ZNK7testing14TestPartResult7skippedEv
FNDA:0,_ZNK7testing14TestPartResult17nonfatally_failedEv
FNDA:0,_ZNK7testing14TestPartResult14fatally_failedEv
FNDA:0,_ZNK7testing14TestPartResult6failedEv
FNDA:0,_ZN7testing31TestPartResultReporterInterfaceD0Ev
FNDA:6,_ZN7testing31TestPartResultReporterInterfaceD2Ev
FNDA:0,_ZN7testing14TestPartResultC2ENS0_4TypeEPKciS3_
FNDA:0,_ZNK7testing14TestPartResult4typeEv
FNDA:0,_ZNK7testing14TestPartResult9file_nameEv
FNDA:0,_ZNK7testing14TestPartResult11line_numberEv
FNDA:0,_ZNK7testing14TestPartResult7summaryEv
FNDA:0,_ZNK7testing14TestPartResult7messageEv
FNDA:0,_ZNK7testing14TestPartResult7skippedEv
FNF:12
FNH:1
DA:68,0
DA:70,0
DA:71,0
DA:72,0
DA:73,0
DA:74,0
DA:77,0
DA:81,0
DA:82,0
DA:87,0
DA:90,0
DA:93,0
DA:96,0
DA:102,0
DA:105,0
DA:108,0
DA:157,6
LF:17
LH:1
end_of_record
TN:
SF:/mnt/c/users/t470/desktop/funda/lab3/project1/build/_deps/googletest-src/googletest/include/gtest/gtest.h
FN:1000,1000,_ZN7testing22EmptyTestEventListener16OnTestSuiteStartERKNS_9TestSuiteE
FN:1003,1003,_ZN7testing22EmptyTestEventListener15OnTestCaseStartERKNS_9TestSuiteE
FN:1006,1006,_ZN7testing22EmptyTestEventListener11OnTestStartERKNS_8TestInfoE
FN:1007,1007,_ZN7testing22EmptyTestEventListener14OnTestDisabledERKNS_8TestInfoE
FN:1008,1008,_ZN7testing22EmptyTestEventListener16OnTestPartResultERKNS_14TestPartResultE
FN:1009,1009,_ZN7testing22EmptyTestEventListener9OnTestEndERKNS_8TestInfoE
FN:1010,1010,_ZN7testing22EmptyTestEventListener14OnTestSuiteEndERKNS_9TestSuiteE
FN:1012,1012,_ZN7testing22EmptyTestEventListener13OnTestCaseEndERKNS_9TestSuiteE
FN:1015,1015,_ZN7testing22EmptyTestEventListener27OnEnvironmentsTearDownStartERKNS_8UnitTestE
FN:1016,1016,_ZN7testing22EmptyTestEventListener25OnEnvironmentsTearDownEndERKNS_8UnitTestE
FN:1017,1018,_ZN7testing22EmptyTestEventListener18OnTestIterationEndERKNS_8UnitTestEi
FN:1019,1019,_ZN7testing22EmptyTestEventListener16OnTestProgramEndERKNS_8UnitTestE
FN:1267,1267,_ZN7testing8UnitTest4implEv
FN:1268,1268,_ZNK7testing8UnitTest4implEv
FN:1359,1365,_ZN7testing8internal18CmpHelperEQFailureIN3BSTIiNSt7__cxx1112basic_stringIcSt11char_traitsIcESaIcEEE17DefaultComparatorE8IteratorINSA_4NodeEEESD_EENS_15AssertionResultEPKcSG_RKT_RKT0_
FN:1359,1365,_ZN7testing8internal18CmpHelperEQFailureINSt7__cxx1112basic_stringIcSt11char_traitsIcESaIcEEEA4_cEENS_15AssertionResultEPKcSB_RKT_RKT0_
FN:1359,1365,_ZN7testing8internal18CmpHelperEQFailureINSt7__cxx1112basic_stringIcSt11char_traitsIcESaIcEEEA5_cEENS_15AssertionResultEPKcSB_RKT_RKT0_
FN:1359,1365,_ZN7testing8internal18CmpHelperEQFailureINSt7__cxx1112basic_stringIcSt11char_traitsIcESaIcEEEA6_cEENS_15AssertionResultEPKcSB_RKT_RKT0_
FN:1359,1365,_ZN7testing8internal18CmpHelperEQFailureINSt7__cxx1112basic_stringIcSt11char_traitsIcESaIcEEEA9_cEENS_15AssertionResultEPKcSB_RKT_RKT0_
FN:1359,1365,_ZN7testing8internal18CmpHelperEQFailureIPNSt7__cxx1112basic_stringIcSt11char_traitsIcESaIcEEEDnEENS_15AssertionResultEPKcSB_RKT_RKT0_
FN:1359,1365,_ZN7testing8internal18CmpHelperEQFailureISt6vectorISt4pairIiNSt7__cxx1112basic_stringIcSt11char_traitsIcESaIcEEEESaISA_EESC_EENS_15AssertionResultEPKcSF_RKT_RKT0_
FN:1359,1365,_ZN7testing8internal18CmpHelperEQFailureImiEENS_15AssertionResultEPKcS4_RKT_RKT0_
FN:1376,1384,_ZN7testing8internal11CmpHelperEQIN3BSTIiNSt7__cxx1112basic_stringIcSt11char_traitsIcESaIcEEE17DefaultComparatorE8IteratorINSA_4NodeEEESD_EENS_15AssertionResultEPKcSG_RKT_RKT0_
FN:1376,1384,_ZN7testing8internal11CmpHelperEQINSt7__cxx1112basic_stringIcSt11char_traitsIcESaIcEEEA4_cEENS_15AssertionResultEPKcSB_RKT_RKT0_
FN:1376,1384,_ZN7testing8internal11CmpHelperEQINSt7__cxx1112basic_stringIcSt11char_traitsIcESaIcEEEA5_cEENS_15AssertionResultEPKcSB_RKT_RKT0_
FN:1376,1384,_ZN7testing8internal11CmpHelperEQINSt7__cxx1112basic_stringIcSt11char_traitsIcESaIcEEEA6_cEENS_15AssertionResultEPKcSB_RKT_RKT0_
FN:1376,1384,_ZN7testing8internal11CmpHelperEQINSt7__cxx1112basic_stringIcSt11char_traitsIcESaIcEEEA9_cEENS_15AssertionResultEPKcSB_RKT_RKT0_
FN:1376,1384,_ZN7testing8internal11CmpHelperEQIPNSt7__cxx1112basic_stringIcSt11char_traitsIcESaIcEEEDnEENS_15AssertionResultEPKcSB_RKT_RKT0_
FN:1376,1384,_ZN7testing8internal11CmpHelperEQISt6vectorISt4pairIiNSt7__cxx1112basic_stringIcSt11char_traitsIcESaIcEEEESaISA_EESC_EENS_15AssertionResultEPKcSF_RKT_RKT0_
FN:1376,1384,_ZN7testing8internal11CmpHelperEQImiEENS_15AssertionResultEPKcS4_RKT_RKT0_
FN:1395,1399,_ZN7testing8internal8EqHelper7CompareIN3BSTIiNSt7__cxx1112basic_stringIcSt11char_traitsIcESaIcEEE17DefaultComparatorE8IteratorINSB_4NodeEEESE_LPv0EEENS_15AssertionResultEPKcSI_RKT_RKT0_
FN:1395,1399,_ZN7testing8internal8EqHelper7CompareINSt7__cxx1112basic_stringIcSt11char_traitsIcESaIcEEEA4_cLPv0EEENS_15AssertionResultEPKcSD_RKT_RKT0_
FN:1395,1399,_ZN7testing8internal8EqHelper7CompareINSt7__cxx1112basic_stringIcSt11char_traitsIcESaIcEEEA5_cLPv0EEENS_15AssertionResultEPKcSD_RKT_RKT0_
FN:1395,1399,_ZN7testing8internal8EqHelper7CompareINSt7__cxx1112basic_stringIcSt11char_traitsIcESaIcEEEA6_cLPv0EEENS_15AssertionResultEPKcSD_RKT_RKT0_
FN:1395,1399,_ZN7testing8internal8EqHelper7CompareINSt7__cxx1112basic_stringIcSt11char_traitsIcESaIcEEEA9_cLPv0EEENS_15AssertionResultEPKcSD_RKT_RKT0_
FN:1395,1399,_ZN7testing8internal8EqHelper7CompareIPNSt7__cxx1112basic_stringIcSt11char_traitsIcESaIcEEEDnLPv0EEENS_15AssertionResultEPKcSD_RKT_RKT0_
FN:1395,1399,_ZN7testing8internal8EqHelper7CompareISt6vectorISt4pairIiNSt7__cxx1112basic_stringIcSt11char_traitsIcESaIcEEEESaISB_EESD_LPv0EEENS_15AssertionResultEPKcSH_RKT_RKT0_
FN:1395,1399,_ZN7testing8internal8EqHelper7CompareImiLPv0EEENS_15AssertionResultEPKcS6_RKT_RKT0_
FN:1428,1435,_ZN7testing8internal18CmpHelperOpFailureIPNSt7__cxx1112basic_stringIcSt11char_traitsIcESaIcEEEDnEENS_15AssertionResultEPKcSB_RKT_RKT0_SB_
FN:1457,1457,_ZN7testing8internal11CmpHelperNEIPNSt7__cxx1112basic_stringIcSt11char_traitsIcESaIcEEEDnEENS_15AssertionResultEPKcSB_RKT_RKT0_
FN:1617,1619,_ZN7testing8internal12AssertHelper16AssertHelperDataC2ENS_14TestPartResult4TypeEPKciS6_
FN:2283,2303,_ZN7testing12RegisterTestIJEZNS_8internal23InsertSyntheticTestCaseERKNSt7__cxx1112basic_stringIcSt11char_traitsIcESaIcEEENS1_12CodeLocationEbEUlvE_EEPNS_8TestInfoEPKcSF_SF_SF_SF_iT0_
FN:2283,2303,_ZN7testing12RegisterTestIJEZNS_8internal34TypeParameterizedTestSuiteRegistry22CheckForInstantiationsEvEUlvE_EEPNS_8TestInfoEPKcS7_S7_S7_S7_iT0_
FN:2290,2290,_ZZN7testing12RegisterTestIJEZNS_8internal23InsertSyntheticTestCaseERKNSt7__cxx1112basic_stringIcSt11char_traitsIcESaIcEEENS1_12CodeLocationEbEUlvE_EEPNS_8TestInfoEPKcSF_SF_SF_SF_iT0_EN11FactoryImplC2ESB_
FN:2290,2290,_ZZN7testing12RegisterTestIJEZNS_8internal34TypeParameterizedTestSuiteRegistry22CheckForInstantiationsEvEUlvE_EEPNS_8TestInfoEPKcS7_S7_S7_S7_iT0_EN11FactoryImplC2ES3_
FN:2291,2291,_ZZN7testing12RegisterTestIJEZNS_8internal23InsertSyntheticTestCaseERKNSt7__cxx1112basic_stringIcSt11char_traitsIcESaIcEEENS1_12CodeLocationEbEUlvE_EEPNS_8TestInfoEPKcSF_SF_SF_SF_iT0_EN11FactoryImpl10CreateTestEv
FN:2291,2291,_ZZN7testing12RegisterTestIJEZNS_8internal34TypeParameterizedTestSuiteRegistry22CheckForInstantiationsEvEUlvE_EEPNS_8TestInfoEPKcS7_S7_S7_S7_iT0_EN11FactoryImpl10CreateTestEv
FN:2317,2317,_Z13RUN_ALL_TESTSv
FN:256,256,_ZN7testing4Test14SetUpTestSuiteEv
FN:264,264,_ZN7testing4Test17TearDownTestSuiteEv
FN:269,269,_ZN7testing4Test16TearDownTestCaseEv
FN:270,270,_ZN7testing4Test13SetUpTestCaseEv
FN:336,336,_ZN7testing4Test11DeleteSelf_Ev
FN:357,357,_ZN7testing4Test5SetupEv
FN:375,376,_ZN7testing12TestPropertyC2ERKNSt7__cxx1112basic_stringIcSt11char_traitsIcESaIcEEES8_
FN:379,379,_ZNK7testing12TestProperty3keyEv
FN:382,382,_ZNK7testing12TestProperty5valueEv
FN:385,385,_ZN7testing12TestProperty8SetValueERKNSt7__cxx1112basic_stringIcSt11char_traitsIcESaIcEEE
FN:416,416,_ZNK7testing10TestResult6PassedEv
FN:431,431,_ZNK7testing10TestResult12elapsed_timeEv
FN:435,435,_ZNK7testing10TestResult15start_timestampEv
FN:468,468,_ZN7testing10TestResult19set_start_timestampEl
FN:471,471,_ZN7testing10TestResult16set_elapsed_timeEl
FN:492,492,_ZNK7testing10TestResult16death_test_countEv
FN:495,495,_ZN7testing10TestResult26increment_death_test_countEv
FN:541,541,_ZNK7testing8TestInfo15test_suite_nameEv
FN:549,549,_ZNK7testing8TestInfo4nameEv
FN:553,556,_ZNK7testing8TestInfo10type_paramEv
FN:560,563,_ZNK7testing8TestInfo11value_paramEv
FN:566,566,_ZNK7testing8TestInfo4fileEv
FN:569,569,_ZNK7testing8TestInfo4lineEv
FN:572,572,_ZNK7testing8TestInfo19is_in_another_shardEv
FN:590,590,_ZNK7testing8TestInfo10should_runEv
FN:593,597,_ZNK7testing8TestInfo13is_reportableEv
FN:600,600,_ZNK7testing8TestInfo6resultEv
FN:628,630,_ZN7testing8TestInfo26increment_death_test_countEv
FN:639,641,_ZN7testing8TestInfo15ClearTestResultEPS0_
FN:695,695,_ZNK7testing9TestSuite4nameEv
FN:699,702,_ZNK7testing9TestSuite10type_paramEv
FN:705,705,_ZNK7testing9TestSuite10should_runEv
FN:732,732,_ZNK7testing9TestSuite6PassedEv
FN:735,737,_ZNK7testing9TestSuite6FailedEv
FN:740,740,_ZNK7testing9TestSuite12elapsed_timeEv
FN:744,744,_ZNK7testing9TestSuite15start_timestampEv
FN:752,752,_ZNK7testing9TestSuite18ad_hoc_test_resultEv
FN:759,759,_ZN7testing9TestSuite14test_info_listEv
FN:762,764,_ZNK7testing9TestSuite14test_info_listEv
FN:771,771,_ZN7testing9TestSuite14set_should_runEb
FN:781,783,_ZN7testing9TestSuite20ClearTestSuiteResultEPS0_
FN:793,797,_ZN7testing9TestSuite17RunSetUpTestSuiteEv
FN:801,805,_ZN7testing9TestSuite20RunTearDownTestSuiteEv
FN:808,810,_ZN7testing9TestSuite10TestPassedEPKNS_8TestInfoE
FN:813,815,_ZN7testing9TestSuite11TestSkippedEPKNS_8TestInfoE
FN:818,820,_ZN7testing9TestSuite10TestFailedEPKNS_8TestInfoE
FN:824,826,_ZN7testing9TestSuite22TestReportableDisabledEPKNS_8TestInfoE
FN:829,831,_ZN7testing9TestSuite12TestDisabledEPKNS_8TestInfoE
FN:834,836,_ZN7testing9TestSuite14TestReportableEPKNS_8TestInfoE
FN:839,841,_ZN7testing9TestSuite13ShouldRunTestEPKNS_8TestInfoE
FN:928,928,_ZN7testing17TestEventListenerD0Ev
FN:928,928,_ZN7testing17TestEventListenerD2Ev
FN:946,946,_ZN7testing17TestEventListener16OnTestSuiteStartERKNS_9TestSuiteE
FN:950,950,_ZN7testing17TestEventListener15OnTestCaseStartERKNS_9TestSuiteE
FN:957,957,_ZN7testing17TestEventListener14OnTestDisabledERKNS_8TestInfoE
FN:968,968,_ZN7testing17TestEventListener14OnTestSuiteEndERKNS_9TestSuiteE
FN:972,972,_ZN7testing17TestEventListener13OnTestCaseEndERKNS_9TestSuiteE
FN:995,995,_ZN7testing22EmptyTestEventListener18OnTestProgramStartERKNS_8UnitTestE
FN:996,997,_ZN7testing22EmptyTestEventListener20OnTestIterationStartERKNS_8UnitTestEi
FN:998,998,_ZN7testing22EmptyTestEventListener24OnEnvironmentsSetUpStartERKNS_8UnitTestE
FN:999,999,_ZN7testing22EmptyTestEventListener22OnEnvironmentsSetUpEndERKNS_8UnitTestE
FNDA:0,_ZN7testing22EmptyTestEventListener16OnTestSuiteStartERKNS_9TestSuiteE
FNDA:0,_ZN7testing22EmptyTestEventListener15OnTestCaseStartERKNS_9TestSuiteE
FNDA:0,_ZN7testing22EmptyTestEventListener11OnTestStartERKNS_8TestInfoE
FNDA:0,_ZN7testing22EmptyTestEventListener14OnTestDisabledERKNS_8TestInfoE
FNDA:0,_ZN7testing22EmptyTestEventListener16OnTestPartResultERKNS_14TestPartResultE
FNDA:0,_ZN7testing22EmptyTestEventListener9OnTestEndERKNS_8TestInfoE
FNDA:0,_ZN7testing22EmptyTestEventListener14OnTestSuiteEndERKNS_9TestSuiteE
FNDA:0,_ZN7testing22EmptyTestEventListener13OnTestCaseEndERKNS_9TestSuiteE
FNDA:0,_ZN7testing22EmptyTestEventListener27OnEnvironmentsTearDownStartERKNS_8UnitTestE
FNDA:0,_ZN7testing22EmptyTestEventListener25OnEnvironmentsTearDownEndERKNS_8UnitTestE
FNDA:0,_ZN7testing22EmptyTestEventListener18OnTestIterationEndERKNS_8UnitTestEi
FNDA:0,_ZN7testing22EmptyTestEventListener16OnTestProgramEndERKNS_8UnitTestE
FNDA:633,_ZN7testing8UnitTest4implEv
FNDA:27,_ZNK7testing8UnitTest4implEv
FNDA:0,_ZN7testing8internal18CmpHelperEQFailureIN3BSTIiNSt7__cxx1112basic_stringIcSt11char_traitsIcESaIcEEE17DefaultComparatorE8IteratorINSA_4NodeEEESD_EENS_15AssertionResultEPKcSG_RKT_RKT0_
FNDA:0,_ZN7testing8internal18CmpHelperEQFailureINSt7__cxx1112basic_stringIcSt11char_traitsIcESaIcEEEA4_cEENS_15AssertionResultEPKcSB_RKT_RKT0_
FNDA:0,_ZN7testing8internal18CmpHelperEQFailureINSt7__cxx1112basic_stringIcSt11char_traitsIcESaIcEEEA5_cEENS_15AssertionResultEPKcSB_RKT_RKT0_
FNDA:0,_ZN7testing8internal18CmpHelperEQFailureINSt7__cxx1112basic_stringIcSt11char_traitsIcESaIcEEEA6_cEENS_15AssertionResultEPKcSB_RKT_RKT0_
FNDA:0,_ZN7testing8internal18CmpHelperEQFailureINSt7__cxx1112basic_stringIcSt11char_traitsIcESaIcEEEA9_cEENS_15AssertionResultEPKcSB_RKT_RKT0_
FNDA:0,_ZN7testing8internal18CmpHelperEQFailureIPNSt7__cxx1112basic_stringIcSt11char_traitsIcESaIcEEEDnEENS_15AssertionResultEPKcSB_RKT_RKT0_
FNDA:0,_ZN7testing8internal18CmpHelperEQFailureISt6vectorISt4pairIiNSt7__cxx1112basic_stringIcSt11char_traitsIcESaIcEEEESaISA_EESC_EENS_15AssertionResultEPKcSF_RKT_RKT0_
FNDA:0,_ZN7testing8internal18CmpHelperEQFailureImiEENS_15AssertionResultEPKcS4_RKT_RKT0_
FNDA:9,_ZN7testing8internal11CmpHelperEQIN3BSTIiNSt7__cxx1112basic_stringIcSt11char_traitsIcESaIcEEE17DefaultComparatorE8IteratorINSA_4NodeEEESD_EENS_15AssertionResultEPKcSG_RKT_RKT0_
FNDA:3,_ZN7testing8internal11CmpHelperEQINSt7__cxx1112basic_stringIcSt11char_traitsIcESaIcEEEA4_cEENS_15AssertionResultEPKcSB_RKT_RKT0_
FNDA:3,_ZN7testing8internal11CmpHelperEQINSt7__cxx1112basic_stringIcSt11char_traitsIcESaIcEEEA5_cEENS_15AssertionResultEPKcSB_RKT_RKT0_
FNDA:6,_ZN7testing8internal11CmpHelperEQINSt7__cxx1112basic_stringIcSt11char_traitsIcESaIcEEEA6_cEENS_15AssertionResultEPKcSB_RKT_RKT0_
FNDA:3,_ZN7testing8internal11CmpHelperEQINSt7__cxx1112basic_stringIcSt11char_traitsIcESaIcEEEA9_cEENS_15AssertionResultEPKcSB_RKT_RKT0_
FNDA:3,_ZN7testing8internal11CmpHelperEQIPNSt7__cxx1112basic_stringIcSt11char_traitsIcESaIcEEEDnEENS_15AssertionResultEPKcSB_RKT_RKT0_
FNDA:24,_ZN7testing8internal11CmpHelperEQISt6vectorISt4pairIiNSt7__cxx1112basic_stringIcSt11char_traitsIcESaIcEEEESaISA_EESC_EENS_15AssertionResultEPKcSF_RKT_RKT0_
FNDA:63,_ZN7testing8internal11CmpHelperEQImiEENS_15AssertionResultEPKcS4_RKT_RKT0_
FNDA:9,_ZN7testing8internal8EqHelper7CompareIN3BSTIiNSt7__cxx1112basic_stringIcSt11char_traitsIcESaIcEEE17DefaultComparatorE8IteratorINSB_4NodeEEESE_LPv0EEENS_15AssertionResultEPKcSI_RKT_RKT0_
FNDA:3,_ZN7testing8internal8EqHelper7CompareINSt7__cxx1112basic_stringIcSt11char_traitsIcESaIcEEEA4_cLPv0EEENS_15AssertionResultEPKcSD_RKT_RKT0_
FNDA:3,_ZN7testing8internal8EqHelper7CompareINSt7__cxx1112basic_stringIcSt11char_traitsIcESaIcEEEA5_cLPv0EEENS_15AssertionResultEPKcSD_RKT_RKT0_
FNDA:6,_ZN7testing8internal8EqHelper7CompareINSt7__cxx1112basic_stringIcSt11char_traitsIcESaIcEEEA6_cLPv0EEENS_15AssertionResultEPKcSD_RKT_RKT0_
FNDA:3,_ZN7testing8internal8EqHelper7CompareINSt7__cxx1112basic_stringIcSt11char_traitsIcESaIcEEEA9_cLPv0EEENS_15AssertionResultEPKcSD_RKT_RKT0_
FNDA:3,_ZN7testing8internal8EqHelper7CompareIPNSt7__cxx1112basic_stringIcSt11char_traitsIcESaIcEEEDnLPv0EEENS_15AssertionResultEPKcSD_RKT_RKT0_
FNDA:24,_ZN7testing8internal8EqHelper7CompareISt6vectorISt4pairIiNSt7__cxx1112basic_stringIcSt11char_traitsIcESaIcEEEESaISB_EESD_LPv0EEENS_15AssertionResultEPKcSH_RKT_RKT0_
FNDA:63,_ZN7testing8internal8EqHelper7CompareImiLPv0EEENS_15AssertionResultEPKcS6_RKT_RKT0_
FNDA:0,_ZN7testing8internal18CmpHelperOpFailureIPNSt7__cxx1112basic_stringIcSt11char_traitsIcESaIcEEEDnEENS_15AssertionResultEPKcSB_RKT_RKT0_SB_
FNDA:15,_ZN7testing8internal11CmpHelperNEIPNSt7__cxx1112basic_stringIcSt11char_traitsIcESaIcEEEDnEENS_15AssertionResultEPKcSB_RKT_RKT0_
FNDA:0,_ZN7testing8internal12AssertHelper16AssertHelperDataC2ENS_14TestPartResult4TypeEPKciS6_
FNDA:0,_ZN7testing12RegisterTestIJEZNS_8internal23InsertSyntheticTestCaseERKNSt7__cxx1112basic_stringIcSt11char_traitsIcESaIcEEENS1_12CodeLocationEbEUlvE_EEPNS_8TestInfoEPKcSF_SF_SF_SF_iT0_
FNDA:0,_ZN7testing12RegisterTestIJEZNS_8internal34TypeParameterizedTestSuiteRegistry22CheckForInstantiationsEvEUlvE_EEPNS_8TestInfoEPKcS7_S7_S7_S7_iT0_
FNDA:0,_ZZN7testing12RegisterTestIJEZNS_8internal23InsertSyntheticTestCaseERKNSt7__cxx1112basic_stringIcSt11char_traitsIcESaIcEEENS1_12CodeLocationEbEUlvE_EEPNS_8TestInfoEPKcSF_SF_SF_SF_iT0_EN11FactoryImplC2ESB_
FNDA:0,_ZZN7testing12RegisterTestIJEZNS_8internal34TypeParameterizedTestSuiteRegistry22CheckForInstantiationsEvEUlvE_EEPNS_8TestInfoEPKcS7_S7_S7_S7_iT0_EN11FactoryImplC2ES3_
FNDA:0,_ZZN7testing12RegisterTestIJEZNS_8internal23InsertSyntheticTestCaseERKNSt7__cxx1112basic_stringIcSt11char_traitsIcESaIcEEENS1_12CodeLocationEbEUlvE_EEPNS_8TestInfoEPKcSF_SF_SF_SF_iT0_EN11FactoryImpl10CreateTestEv
FNDA:0,_ZZN7testing12RegisterTestIJEZNS_8internal34TypeParameterizedTestSuiteRegistry22CheckForInstantiationsEvEUlvE_EEPNS_8TestInfoEPKcS7_S7_S7_S7_iT0_EN11FactoryImpl10CreateTestEv
FNDA:3,_Z13RUN_ALL_TESTSv
FNDA:0,_ZN7testing4Test14SetUpTestSuiteEv
FNDA:0,_ZN7testing4Test17TearDownTestSuiteEv
FNDA:0,_ZN7testing4Test16TearDownTestCaseEv
FNDA:0,_ZN7testing4Test13SetUpTestCaseEv
FNDA:42,_ZN7testing4Test11DeleteSelf_Ev
FNDA:0,_ZN7testing4Test5SetupEv
FNDA:0,_ZN7testing12TestPropertyC2ERKNSt7__cxx1112basic_stringIcSt11char_traitsIcESaIcEEES8_
FNDA:0,_ZNK7testing12TestProperty3keyEv
FNDA:0,_ZNK7testing12TestProperty5valueEv
FNDA:0,_ZN7testing12TestProperty8SetValueERKNSt7__cxx1112basic_stringIcSt11char_traitsIcESaIcEEE
FNDA:84,_ZNK7testing10TestResult6PassedEv
FNDA:42,_ZNK7testing10TestResult12elapsed_timeEv
FNDA:0,_ZNK7testing10TestResult15start_timestampEv
FNDA:42,_ZN7testing10TestResult19set_start_timestampEl
FNDA:42,_ZN7testing10TestResult16set_elapsed_timeEl
FNDA:0,_ZNK7testing10TestResult16death_test_countEv
FNDA:0,_ZN7testing10TestResult26increment_death_test_countEv
FNDA:126,_ZNK7testing8TestInfo15test_suite_nameEv
FNDA:210,_ZNK7testing8TestInfo4nameEv
FNDA:42,_ZNK7testing8TestInfo10type_paramEv
FNDA:0,_ZNK7testing8TestInfo11value_paramEv
FNDA:156,_ZNK7testing8TestInfo4fileEv
FNDA:156,_ZNK7testing8TestInfo4lineEv
FNDA:0,_ZNK7testing8TestInfo19is_in_another_shardEv
FNDA:336,_ZNK7testing8TestInfo10should_runEv
FNDA:42,_ZNK7testing8TestInfo13is_reportableEv
FNDA:294,_ZNK7testing8TestInfo6resultEv
FNDA:0,_ZN7testing8TestInfo26increment_death_test_countEv
FNDA:42,_ZN7testing8TestInfo15ClearTestResultEPS0_
FNDA:57,_ZNK7testing9TestSuite4nameEv
FNDA:6,_ZNK7testing9TestSuite10type_paramEv
FNDA:66,_ZNK7testing9TestSuite10should_runEv
FNDA:0,_ZNK7testing9TestSuite6PassedEv
FNDA:12,_ZNK7testing9TestSuite6FailedEv
FNDA:6,_ZNK7testing9TestSuite12elapsed_timeEv
FNDA:0,_ZNK7testing9TestSuite15start_timestampEv
FNDA:24,_ZNK7testing9TestSuite18ad_hoc_test_resultEv
FNDA:90,_ZN7testing9TestSuite14test_info_listEv
FNDA:42,_ZNK7testing9TestSuite14test_info_listEv
FNDA:48,_ZN7testing9TestSuite14set_should_runEb
FNDA:6,_ZN7testing9TestSuite20ClearTestSuiteResultEPS0_
FNDA:6,_ZN7testing9TestSuite17RunSetUpTestSuiteEv
FNDA:6,_ZN7testing9TestSuite20RunTearDownTestSuiteEv
FNDA:42,_ZN7testing9TestSuite10TestPassedEPKNS_8TestInfoE
FNDA:42,_ZN7testing9TestSuite11TestSkippedEPKNS_8TestInfoE
FNDA:84,_ZN7testing9TestSuite10TestFailedEPKNS_8TestInfoE
FNDA:42,_ZN7testing9TestSuite22TestReportableDisabledEPKNS_8TestInfoE
FNDA:0,_ZN7testing9TestSuite12TestDisabledEPKNS_8TestInfoE
FNDA:0,_ZN7testing9TestSuite14TestReportableEPKNS_8TestInfoE
FNDA:168,_ZN7testing9TestSuite13ShouldRunTestEPKNS_8TestInfoE
FNDA:0,_ZN7testing17TestEventListenerD0Ev
FNDA:6,_ZN7testing17TestEventListenerD2Ev
FNDA:6,_ZN7testing17TestEventListener16OnTestSuiteStartERKNS_9TestSuiteE
FNDA:0,_ZN7testing17TestEventListener15OnTestCaseStartERKNS_9TestSuiteE
FNDA:0,_ZN7testing17TestEventListener14OnTestDisabledERKNS_8TestInfoE
FNDA:6,_ZN7testing17TestEventListener14OnTestSuiteEndERKNS_9TestSuiteE
FNDA:0,_ZN7testing17TestEventListener13OnTestCaseEndERKNS_9TestSuiteE
FNDA:0,_ZN7testing22EmptyTestEventListener18OnTestProgramStartERKNS_8UnitTestE
FNDA:0,_ZN7testing22EmptyTestEventListener20OnTestIterationStartERKNS_8UnitTestEi
FNDA:0,_ZN7testing22EmptyTestEventListener24OnEnvironmentsSetUpStartERKNS_8UnitTestE
FNDA:0,_ZN7testing22EmptyTestEventListener22OnEnvironmentsSetUpEndERKNS_8UnitTestE
FNF:109
FNH:54
DA:256,0
DA:264,0
DA:269,0
DA:270,0
DA:336,42
DA:357,0
DA:375,0
DA:376,0
DA:379,0
DA:382,0
DA:385,0
DA:416,84
DA:431,42
DA:435,0
DA:468,42
DA:471,42
DA:492,0
DA:495,0
DA:541,126
DA:549,210
DA:553,42
DA:554,42
DA:555,42
DA:560,0
DA:561,0
DA:562,0
DA:566,156
DA:569,156
DA:572,0
DA:590,336
DA:593,42
DA:596,42
DA:600,294
DA:628,0
DA:629,0
DA:639,42
DA:640,42
DA:641,42
DA:695,57
DA:699,6
DA:700,6
DA:701,6
DA:705,66
DA:732,0
DA:735,12
DA:736,12
DA:740,6
DA:744,0
DA:752,24
DA:759,90
DA:762,42
DA:763,42
DA:771,48
DA:781,6
DA:782,6
DA:783,6
DA:793,6
DA:794,6
DA:795,0
DA:797,6
DA:801,6
DA:802,6
DA:803,0
DA:805,6
DA:808,42
DA:809,42
DA:813,42
DA:814,42
DA:818,84
DA:819,84
DA:824,42
DA:825,42
DA:829,0
DA:830,0
DA:834,0
DA:835,0
DA:839,168
DA:840,168
DA:928,6
DA:946,6
DA:950,0
DA:957,0
DA:968,6
DA:972,0
DA:995,0
DA:996,0
DA:997,0
DA:998,0
DA:999,0
DA:1000,0
DA:1003,0
DA:1006,0
DA:1007,0
DA:1008,0
DA:1009,0
DA:1010,0
DA:1012,0
DA:1015,0
DA:1016,0
DA:1017,0
DA:1018,0
DA:1019,0
DA:1267,633
DA:1268,27
DA:1359,0
DA:1364,0
DA:1376,114
DA:1379,114
DA:1380,114
DA:1383,0
DA:1395,114
DA:1398,114
DA:1428,0
DA:1432,0
DA:1433,0
DA:1434,0
DA:1457,15
DA:1617,0
DA:1619,0
DA:2283,0
DA:2290,0
DA:2291,0
DA:2297,0
DA:2299,0
DA:2302,0
DA:2317,3
LF:126
LH:63
end_of_record
TN:
SF:/mnt/c/users/t470/desktop/funda/lab3/project1/build/_deps/googletest-src/googletest/include/gtest/internal/gtest-death-test-internal.h
FN:156,156,_ZN7testing8internal16DeathTestFactoryD0Ev
FN:156,156,_ZN7testing8internal16DeathTestFactoryD2Ev
FN:274,276,_ZN7testing8internal24InternalRunDeathTestFlagC2ERKNSt7__cxx1112basic_stringIcSt11char_traitsIcESaIcEEEiii
FN:278,280,_ZN7testing8internal24InternalRunDeathTestFlagD2Ev
FN:282,282,_ZNK7testing8internal24InternalRunDeathTestFlag4fileB5cxx11Ev
FN:283,283,_ZNK7testing8internal24InternalRunDeathTestFlag4lineEv
FN:284,284,_ZNK7testing8internal24InternalRunDeathTestFlag5indexEv
FN:285,285,_ZNK7testing8internal24InternalRunDeathTestFlag8write_fdEv
FN:91,91,_ZN7testing8internal9DeathTestD0Ev
FN:91,91,_ZN7testing8internal9DeathTestD2Ev
FNDA:0,_ZN7testing8internal16DeathTestFactoryD0Ev
FNDA:3,_ZN7testing8internal16DeathTestFactoryD2Ev
FNDA:0,_ZN7testing8internal24InternalRunDeathTestFlagC2ERKNSt7__cxx1112basic_stringIcSt11char_traitsIcESaIcEEEiii
FNDA:0,_ZN7testing8internal24InternalRunDeathTestFlagD2Ev
FNDA:0,_ZNK7testing8internal24InternalRunDeathTestFlag4fileB5cxx11Ev
FNDA:0,_ZNK7testing8internal24InternalRunDeathTestFlag4lineEv
FNDA:0,_ZNK7testing8internal24InternalRunDeathTestFlag5indexEv
FNDA:0,_ZNK7testing8internal24InternalRunDeathTestFlag8write_fdEv
[...]
FNDA:6,_ZSt3getILm0EJPN7testing8internal16DeathTestFactoryESt14default_deleteIS2_EEERNSt13tuple_elementIXT_ESt5tupleIJDpT0_EEE4typeERSA_
FNDA:0,_ZSt3getILm0EJPN7testing8internal17StreamingListener20AbstractSocketWriterESt14default_deleteIS3_EEERNSt13tuple_elementIXT_ESt5tupleIJDpT0_EEE4typeERSB_
FNDA:9,_ZSt3getILm0EJPN7testing8internal24InternalRunDeathTestFlagESt14default_deleteIS2_EEERNSt13tuple_elementIXT_ESt5tupleIJDpT0_EEE4typeERSA_
FNDA:207,_ZSt3getILm0EJPNSt7__cxx1112basic_stringIcSt11char_traitsIcESaIcEEESt14default_deleteIS5_EEERNSt13tuple_elementIXT_ESt5tupleIJDpT0_EEE4typeERSD_
FNDA:414,_ZSt3getILm0EJPNSt7__cxx1118basic_stringstreamIcSt11char_traitsIcESaIcEEESt14default_deleteIS5_EEERNSt13tuple_elementIXT_ESt5tupleIJDpT0_EEE4typeERSD_
FNDA:0,_ZSt3getILm0EJPPcSt14default_deleteIA_S0_EEERNSt13tuple_elementIXT_ESt5tupleIJDpT0_EEE4typeERS9_
FNDA:0,_ZSt3getILm0EJRKNSt7__cxx1112basic_stringIcSt11char_traitsIcESaIcEEEEERNSt13tuple_elementIXT_ESt5tupleIJDpT0_EEE4typeERSC_
FNDA:0,_ZSt3getILm1EJPKNSt7__cxx1112basic_stringIcSt11char_traitsIcESaIcEEESt14default_deleteIS6_EEERNSt13tuple_elementIXT_ESt5tupleIJDpT0_EEE4typeERSE_
FNDA:3,_ZSt3getILm1EJPN7testing8internal11ThreadLocalIPNS0_31TestPartResultReporterInterfaceEE18ValueHolderFactoryESt14default_deleteIS6_EEERNSt13tuple_elementIXT_ESt5tupleIJDpT0_EEE4typeERSE_
FNDA:3,_ZSt3getILm1EJPN7testing8internal11ThreadLocalISt6vectorINS1_9TraceInfoESaIS4_EEE18ValueHolderFactoryESt14default_deleteIS8_EEERNSt13tuple_elementIXT_ESt5tupleIJDpT0_EEE4typeERSG_
FNDA:42,_ZSt3getILm1EJPN7testing8internal14GTestFlagSaverESt14default_deleteIS2_EEERNSt13tuple_elementIXT_ESt5tupleIJDpT0_EEE4typeERSA_
FNDA:3,_ZSt3getILm1EJPN7testing8internal16DeathTestFactoryESt14default_deleteIS2_EEERNSt13tuple_elementIXT_ESt5tupleIJDpT0_EEE4typeERSA_
FNDA:0,_ZSt3getILm1EJPN7testing8internal17StreamingListener20AbstractSocketWriterESt14default_deleteIS3_EEERNSt13tuple_elementIXT_ESt5tupleIJDpT0_EEE4typeERSB_
FNDA:0,_ZSt3getILm1EJPN7testing8internal24InternalRunDeathTestFlagESt14default_deleteIS2_EEERNSt13tuple_elementIXT_ESt5tupleIJDpT0_EEE4typeERSA_
FNDA:0,_ZSt3getILm1EJPNSt7__cxx1112basic_stringIcSt11char_traitsIcESaIcEEESt14default_deleteIS5_EEERNSt13tuple_elementIXT_ESt5tupleIJDpT0_EEE4typeERSD_
FNDA:207,_ZSt3getILm1EJPNSt7__cxx1118basic_stringstreamIcSt11char_traitsIcESaIcEEESt14default_deleteIS5_EEERNSt13tuple_elementIXT_ESt5tupleIJDpT0_EEE4typeERSD_
FNDA:0,_ZSt3getILm1EJPPcSt14default_deleteIA_S0_EEERNSt13tuple_elementIXT_ESt5tupleIJDpT0_EEE4typeERS9_
FNDA:48,_ZSt3getILm0EJPKNSt7__cxx1112basic_stringIcSt11char_traitsIcESaIcEEESt14default_deleteIS6_EEERKNSt13tuple_elementIXT_ESt5tupleIJDpT0_EEE4typeERKSE_
FNDA:0,_ZSt3getILm0EJPN7testing8internal11ThreadLocalIPNS0_31TestPartResultReporterInterfaceEE18ValueHolderFactoryESt14default_deleteIS6_EEERKNSt13tuple_elementIXT_ESt5tupleIJDpT0_EEE4typeERKSE_
FNDA:0,_ZSt3getILm0EJPN7testing8internal11ThreadLocalISt6vectorINS1_9TraceInfoESaIS4_EEE18ValueHolderFactoryESt14default_deleteIS8_EEERKNSt13tuple_elementIXT_ESt5tupleIJDpT0_EEE4typeERKSG_
FNDA:0,_ZSt3getILm0EJPN7testing8internal16DeathTestFactoryESt14default_deleteIS2_EEERKNSt13tuple_elementIXT_ESt5tupleIJDpT0_EEE4typeERKSA_
FNDA:0,_ZSt3getILm0EJPN7testing8internal17StreamingListener20AbstractSocketWriterESt14default_deleteIS3_EEERKNSt13tuple_elementIXT_ESt5tupleIJDpT0_EEE4typeERKSB_
FNDA:6,_ZSt3getILm0EJPN7testing8internal24InternalRunDeathTestFlagESt14default_deleteIS2_EEERKNSt13tuple_elementIXT_ESt5tupleIJDpT0_EEE4typeERKSA_
FNDA:0,_ZSt3getILm0EJPNSt7__cxx1112basic_stringIcSt11char_traitsIcESaIcEEESt14default_deleteIS5_EEERKNSt13tuple_elementIXT_ESt5tupleIJDpT0_EEE4typeERKSD_
FNDA:1863,_ZSt3getILm0EJPNSt7__cxx1118basic_stringstreamIcSt11char_traitsIcESaIcEEESt14default_deleteIS5_EEERKNSt13tuple_elementIXT_ESt5tupleIJDpT0_EEE4typeERKSD_
FNDA:0,_ZSt3getILm0EJPPcSt14default_deleteIA_S0_EEERKNSt13tuple_elementIXT_ESt5tupleIJDpT0_EEE4typeERKS9_
FNDA:0,_ZSt3getILm0EJPKN7testing8internal11MatcherBaseINSt7__cxx1112basic_stringIcSt11char_traitsIcESaIcEEEEEPKNS1_9EqMatcherIS8_EEEEONSt13tuple_elementIXT_ESt5tupleIJDpT0_EEE4typeEOSK_
FNDA:0,_ZSt3getILm0EJPKN7testing8internal11MatcherBaseIRKNSt7__cxx1112basic_stringIcSt11char_traitsIcESaIcEEEEEPKNS1_9EqMatcherIS8_EEEEONSt13tuple_elementIXT_ESt5tupleIJDpT0_EEE4typeEOSM_
FNDA:0,_ZSt3getILm0EJPKN7testing8internal11MatcherBaseIRKSt17basic_string_viewIcSt11char_traitsIcEEEEPKNS1_9EqMatcherINSt7__cxx1112basic_stringIcS5_SaIcEEEEEEEONSt13tuple_elementIXT_ESt5tupleIJDpT0_EEE4typeEOSO_
FNDA:0,_ZSt3getILm0EJPKN7testing8internal11MatcherBaseISt17basic_string_viewIcSt11char_traitsIcEEEEPKNS1_9EqMatcherINSt7__cxx1112basic_stringIcS5_SaIcEEEEEEEONSt13tuple_elementIXT_ESt5tupleIJDpT0_EEE4typeEOSM_
FNDA:90,_ZNSt10_Head_baseILm0EPKNSt7__cxx1112basic_stringIcSt11char_traitsIcESaIcEEELb0EEC2Ev
FNDA:3,_ZNSt10_Head_baseILm0EPN7testing8internal11ThreadLocalIPNS0_31TestPartResultReporterInterfaceEE18ValueHolderFactoryELb0EEC2Ev
FNDA:3,_ZNSt10_Head_baseILm0EPN7testing8internal11ThreadLocalISt6vectorINS1_9TraceInfoESaIS4_EEE18ValueHolderFactoryELb0EEC2Ev
FNDA:42,_ZNSt10_Head_baseILm0EPN7testing8internal14GTestFlagSaverELb0EEC2Ev
FNDA:3,_ZNSt10_Head_baseILm0EPN7testing8internal16DeathTestFactoryELb0EEC2Ev
FNDA:0,_ZNSt10_Head_baseILm0EPN7testing8internal17StreamingListener20AbstractSocketWriterELb0EEC2Ev
FNDA:3,_ZNSt10_Head_baseILm0EPN7testing8internal24InternalRunDeathTestFlagELb0EEC2Ev
FNDA:207,_ZNSt10_Head_baseILm0EPNSt7__cxx1112basic_stringIcSt11char_traitsIcESaIcEEELb0EEC2Ev
FNDA:207,_ZNSt10_Head_baseILm0EPNSt7__cxx1118basic_stringstreamIcSt11char_traitsIcESaIcEEELb0EEC2Ev
FNDA:0,_ZNSt10_Head_baseILm0EPPcLb0EEC2Ev
FNDA:0,_ZNSt10_Head_baseILm0ERKNSt7__cxx1112basic_stringIcSt11char_traitsIcESaIcEEELb0EEC2ES7_
FNDA:0,_ZNSt10_Head_baseILm0EPKN7testing8internal11MatcherBaseINSt7__cxx1112basic_stringIcSt11char_traitsIcESaIcEEEEELb0EEC2ISB_EEOT_
FNDA:0,_ZNSt10_Head_baseILm0EPKN7testing8internal11MatcherBaseIRKNSt7__cxx1112basic_stringIcSt11char_traitsIcESaIcEEEEELb0EEC2ISD_EEOT_
FNDA:0,_ZNSt10_Head_baseILm0EPKN7testing8internal11MatcherBaseIRKSt17basic_string_viewIcSt11char_traitsIcEEEELb0EEC2ISB_EEOT_
FNDA:0,_ZNSt10_Head_baseILm0EPKN7testing8internal11MatcherBaseISt17basic_string_viewIcSt11char_traitsIcEEEELb0EEC2IS9_EEOT_
FNDA:0,_ZNSt10_Head_baseILm1EPKN7testing8internal9EqMatcherINSt7__cxx1112basic_stringIcSt11char_traitsIcESaIcEEEEELb0EEC2ISB_EEOT_
FNDA:0,_ZSt10make_tupleIJPKN7testing8internal11MatcherBaseINSt7__cxx1112basic_stringIcSt11char_traitsIcESaIcEEEEEPKNS1_9EqMatcherIS8_EEEESt5tupleIJDpNSt25__strip_reference_wrapperINSt5decayIT_E4typeEE6__typeEEEDpOSJ_
FNDA:0,_ZSt10make_tupleIJPKN7testing8internal11MatcherBaseIRKNSt7__cxx1112basic_stringIcSt11char_traitsIcESaIcEEEEEPKNS1_9EqMatcherIS8_EEEESt5tupleIJDpNSt25__strip_reference_wrapperINSt5decayIT_E4typeEE6__typeEEEDpOSL_
FNDA:0,_ZSt10make_tupleIJPKN7testing8internal11MatcherBaseIRKSt17basic_string_viewIcSt11char_traitsIcEEEEPKNS1_9EqMatcherINSt7__cxx1112basic_stringIcS5_SaIcEEEEEEESt5tupleIJDpNSt25__strip_reference_wrapperINSt5decayIT_E4typeEE6__typeEEEDpOSN_
FNDA:0,_ZSt10make_tupleIJPKN7testing8internal11MatcherBaseISt17basic_string_viewIcSt11char_traitsIcEEEEPKNS1_9EqMatcherINSt7__cxx1112basic_stringIcS5_SaIcEEEEEEESt5tupleIJDpNSt25__strip_reference_wrapperINSt5decayIT_E4typeEE6__typeEEEDpOSL_
FNDA:0,_ZNSt4pairIKNSt7__cxx1112basic_stringIcSt11char_traitsIcESaIcEEEmEC2IJRS6_EJEEESt21piecewise_construct_tSt5tupleIJDpT_EESB_IJDpT0_EE
FNDA:0,_ZNSt4pairIKNSt7__cxx1112basic_stringIcSt11char_traitsIcESaIcEEEmEC2IJRS6_EJLm0EEJEJEEERSt5tupleIJDpT_EERSA_IJDpT1_EESt12_Index_tupleIJXspT0_EEESJ_IJXspT2_EEE
FNDA:0,_ZNSt10_Head_baseILm0EPKN7testing8internal11MatcherBaseINSt7__cxx1112basic_stringIcSt11char_traitsIcESaIcEEEEELb0EE7_M_headERSC_
FNDA:0,_ZNSt10_Head_baseILm0EPKN7testing8internal11MatcherBaseIRKNSt7__cxx1112basic_stringIcSt11char_traitsIcESaIcEEEEELb0EE7_M_headERSE_
FNDA:0,_ZNSt10_Head_baseILm0EPKN7testing8internal11MatcherBaseIRKSt17basic_string_viewIcSt11char_traitsIcEEEELb0EE7_M_headERSC_
FNDA:0,_ZNSt10_Head_baseILm0EPKN7testing8internal11MatcherBaseISt17basic_string_viewIcSt11char_traitsIcEEEELb0EE7_M_headERSA_
FNDA:180,_ZNSt10_Head_baseILm0EPKNSt7__cxx1112basic_stringIcSt11char_traitsIcESaIcEEELb0EE7_M_headERS8_
FNDA:6,_ZNSt10_Head_baseILm0EPN7testing8internal11ThreadLocalIPNS0_31TestPartResultReporterInterfaceEE18ValueHolderFactoryELb0EE7_M_headERS8_
FNDA:6,_ZNSt10_Head_baseILm0EPN7testing8internal11ThreadLocalISt6vectorINS1_9TraceInfoESaIS4_EEE18ValueHolderFactoryELb0EE7_M_headERSA_
FNDA:84,_ZNSt10_Head_baseILm0EPN7testing8internal14GTestFlagSaverELb0EE7_M_headERS4_
FNDA:6,_ZNSt10_Head_baseILm0EPN7testing8internal16DeathTestFactoryELb0EE7_M_headERS4_
FNDA:0,_ZNSt10_Head_baseILm0EPN7testing8internal17StreamingListener20AbstractSocketWriterELb0EE7_M_headERS5_
FNDA:9,_ZNSt10_Head_baseILm0EPN7testing8internal24InternalRunDeathTestFlagELb0EE7_M_headERS4_
FNDA:207,_ZNSt10_Head_baseILm0EPNSt7__cxx1112basic_stringIcSt11char_traitsIcESaIcEEELb0EE7_M_headERS7_
FNDA:414,_ZNSt10_Head_baseILm0EPNSt7__cxx1118basic_stringstreamIcSt11char_traitsIcESaIcEEELb0EE7_M_headERS7_
FNDA:0,_ZNSt10_Head_baseILm0EPPcLb0EE7_M_headERS2_
FNDA:0,_ZNSt10_Head_baseILm0ERKNSt7__cxx1112basic_stringIcSt11char_traitsIcESaIcEEELb0EE7_M_headERS8_
FNDA:48,_ZNSt10_Head_baseILm0EPKNSt7__cxx1112basic_stringIcSt11char_traitsIcESaIcEEELb0EE7_M_headERKS8_
FNDA:0,_ZNSt10_Head_baseILm0EPN7testing8internal11ThreadLocalIPNS0_31TestPartResultReporterInterfaceEE18ValueHolderFactoryELb0EE7_M_headERKS8_
FNDA:0,_ZNSt10_Head_baseILm0EPN7testing8internal11ThreadLocalISt6vectorINS1_9TraceInfoESaIS4_EEE18ValueHolderFactoryELb0EE7_M_headERKSA_
FNDA:0,_ZNSt10_Head_baseILm0EPN7testing8internal16DeathTestFactoryELb0EE7_M_headERKS4_
FNDA:0,_ZNSt10_Head_baseILm0EPN7testing8internal17StreamingListener20AbstractSocketWriterELb0EE7_M_headERKS5_
FNDA:6,_ZNSt10_Head_baseILm0EPN7testing8internal24InternalRunDeathTestFlagELb0EE7_M_headERKS4_
FNDA:0,_ZNSt10_Head_baseILm0EPNSt7__cxx1112basic_stringIcSt11char_traitsIcESaIcEEELb0EE7_M_headERKS7_
FNDA:1863,_ZNSt10_Head_baseILm0EPNSt7__cxx1118basic_stringstreamIcSt11char_traitsIcESaIcEEELb0EE7_M_headERKS7_
FNDA:0,_ZNSt10_Head_baseILm0EPPcLb0EE7_M_headERKS2_
FNDA:0,_ZNSt11_Tuple_implILm0EJPKN7testing8internal11MatcherBaseINSt7__cxx1112basic_stringIcSt11char_traitsIcESaIcEEEEEPKNS1_9EqMatcherIS8_EEEE7_M_headERSG_
FNDA:0,_ZNSt11_Tuple_implILm0EJPKN7testing8internal11MatcherBaseIRKNSt7__cxx1112basic_stringIcSt11char_traitsIcESaIcEEEEEPKNS1_9EqMatcherIS8_EEEE7_M_headERSI_
FNDA:0,_ZNSt11_Tuple_implILm0EJPKN7testing8internal11MatcherBaseIRKSt17basic_string_viewIcSt11char_traitsIcEEEEPKNS1_9EqMatcherINSt7__cxx1112basic_stringIcS5_SaIcEEEEEEE7_M_headERSK_
FNDA:0,_ZNSt11_Tuple_implILm0EJPKN7testing8internal11MatcherBaseISt17basic_string_viewIcSt11char_traitsIcEEEEPKNS1_9EqMatcherINSt7__cxx1112basic_stringIcS5_SaIcEEEEEEE7_M_headERSI_
FNDA:180,_ZNSt11_Tuple_implILm0EJPKNSt7__cxx1112basic_stringIcSt11char_traitsIcESaIcEEESt14default_deleteIS6_EEE7_M_headERSA_
FNDA:6,_ZNSt11_Tuple_implILm0EJPN7testing8internal11ThreadLocalIPNS0_31TestPartResultReporterInterfaceEE18ValueHolderFactoryESt14default_deleteIS6_EEE7_M_headERSA_
FNDA:6,_ZNSt11_Tuple_implILm0EJPN7testing8internal11ThreadLocalISt6vectorINS1_9TraceInfoESaIS4_EEE18ValueHolderFactoryESt14default_deleteIS8_EEE7_M_headERSC_
FNDA:84,_ZNSt11_Tuple_implILm0EJPN7testing8internal14GTestFlagSaverESt14default_deleteIS2_EEE7_M_headERS6_
FNDA:6,_ZNSt11_Tuple_implILm0EJPN7testing8internal16DeathTestFactoryESt14default_deleteIS2_EEE7_M_headERS6_
FNDA:0,_ZNSt11_Tuple_implILm0EJPN7testing8internal17StreamingListener20AbstractSocketWriterESt14default_deleteIS3_EEE7_M_headERS7_
FNDA:9,_ZNSt11_Tuple_implILm0EJPN7testing8internal24InternalRunDeathTestFlagESt14default_deleteIS2_EEE7_M_headERS6_
FNDA:207,_ZNSt11_Tuple_implILm0EJPNSt7__cxx1112basic_stringIcSt11char_traitsIcESaIcEEESt14default_deleteIS5_EEE7_M_headERS9_
FNDA:414,_ZNSt11_Tuple_implILm0EJPNSt7__cxx1118basic_stringstreamIcSt11char_traitsIcESaIcEEESt14default_deleteIS5_EEE7_M_headERS9_
FNDA:0,_ZNSt11_Tuple_implILm0EJPPcSt14default_deleteIA_S0_EEE7_M_headERS5_
FNDA:48,_ZNSt11_Tuple_implILm0EJPKNSt7__cxx1112basic_stringIcSt11char_traitsIcESaIcEEESt14default_deleteIS6_EEE7_M_headERKSA_
FNDA:0,_ZNSt11_Tuple_implILm0EJPN7testing8internal11ThreadLocalIPNS0_31TestPartResultReporterInterfaceEE18ValueHolderFactoryESt14default_deleteIS6_EEE7_M_headERKSA_
FNDA:0,_ZNSt11_Tuple_implILm0EJPN7testing8internal11ThreadLocalISt6vectorINS1_9TraceInfoESaIS4_EEE18ValueHolderFactoryESt14default_deleteIS8_EEE7_M_headERKSC_
FNDA:0,_ZNSt11_Tuple_implILm0EJPN7testing8internal16DeathTestFactoryESt14default_deleteIS2_EEE7_M_headERKS6_
FNDA:0,_ZNSt11_Tuple_implILm0EJPN7testing8internal17StreamingListener20AbstractSocketWriterESt14default_deleteIS3_EEE7_M_headERKS7_
FNDA:6,_ZNSt11_Tuple_implILm0EJPN7testing8internal24InternalRunDeathTestFlagESt14default_deleteIS2_EEE7_M_headERKS6_
FNDA:0,_ZNSt11_Tuple_implILm0EJPNSt7__cxx1112basic_stringIcSt11char_traitsIcESaIcEEESt14default_deleteIS5_EEE7_M_headERKS9_
FNDA:1863,_ZNSt11_Tuple_implILm0EJPNSt7__cxx1118basic_stringstreamIcSt11char_traitsIcESaIcEEESt14default_deleteIS5_EEE7_M_headERKS9_
FNDA:0,_ZNSt11_Tuple_implILm0EJPPcSt14default_deleteIA_S0_EEE7_M_headERKS5_
FNDA:90,_ZNSt11_Tuple_implILm0EJPKNSt7__cxx1112basic_stringIcSt11char_traitsIcESaIcEEESt14default_deleteIS6_EEEC2Ev
FNDA:3,_ZNSt11_Tuple_implILm0EJPN7testing8internal11ThreadLocalIPNS0_31TestPartResultReporterInterfaceEE18ValueHolderFactoryESt14default_deleteIS6_EEEC2Ev
FNDA:3,_ZNSt11_Tuple_implILm0EJPN7testing8internal11ThreadLocalISt6vectorINS1_9TraceInfoESaIS4_EEE18ValueHolderFactoryESt14default_deleteIS8_EEEC2Ev
FNDA:42,_ZNSt11_Tuple_implILm0EJPN7testing8internal14GTestFlagSaverESt14default_deleteIS2_EEEC2Ev
FNDA:3,_ZNSt11_Tuple_implILm0EJPN7testing8internal16DeathTestFactoryESt14default_deleteIS2_EEEC2Ev
FNDA:0,_ZNSt11_Tuple_implILm0EJPN7testing8internal17StreamingListener20AbstractSocketWriterESt14default_deleteIS3_EEEC2Ev
FNDA:3,_ZNSt11_Tuple_implILm0EJPN7testing8internal24InternalRunDeathTestFlagESt14default_deleteIS2_EEEC2Ev
FNDA:207,_ZNSt11_Tuple_implILm0EJPNSt7__cxx1112basic_stringIcSt11char_traitsIcESaIcEEESt14default_deleteIS5_EEEC2Ev
FNDA:207,_ZNSt11_Tuple_implILm0EJPNSt7__cxx1118basic_stringstreamIcSt11char_traitsIcESaIcEEESt14default_deleteIS5_EEEC2Ev
FNDA:0,_ZNSt11_Tuple_implILm0EJPPcSt14default_deleteIA_S0_EEEC2Ev
FNDA:0,_ZNSt11_Tuple_implILm0EJPKN7testing8internal11MatcherBaseINSt7__cxx1112basic_stringIcSt11char_traitsIcESaIcEEEEEPKNS1_9EqMatcherIS8_EEEEC2ISB_JSF_EvEEOT_DpOT0_
FNDA:0,_ZNSt11_Tuple_implILm0EJPKN7testing8internal11MatcherBaseIRKNSt7__cxx1112basic_stringIcSt11char_traitsIcESaIcEEEEEPKNS1_9EqMatcherIS8_EEEEC2ISD_JSH_EvEEOT_DpOT0_
FNDA:0,_ZNSt11_Tuple_implILm0EJPKN7testing8internal11MatcherBaseIRKSt17basic_string_viewIcSt11char_traitsIcEEEEPKNS1_9EqMatcherINSt7__cxx1112basic_stringIcS5_SaIcEEEEEEEC2ISB_JSJ_EvEEOT_DpOT0_
FNDA:0,_ZNSt11_Tuple_implILm0EJPKN7testing8internal11MatcherBaseISt17basic_string_viewIcSt11char_traitsIcEEEEPKNS1_9EqMatcherINSt7__cxx1112basic_stringIcS5_SaIcEEEEEEEC2IS9_JSH_EvEEOT_DpOT0_
FNDA:0,_ZNSt11_Tuple_implILm0EJRKNSt7__cxx1112basic_stringIcSt11char_traitsIcESaIcEEEEE7_M_headERS8_
FNDA:0,_ZNSt11_Tuple_implILm1EJSt14default_deleteIA_PcEEE7_M_headERS4_
FNDA:0,_ZNSt11_Tuple_implILm1EJSt14default_deleteIKNSt7__cxx1112basic_stringIcSt11char_traitsIcESaIcEEEEEE7_M_headERS9_
FNDA:3,_ZNSt11_Tuple_implILm1EJSt14default_deleteIN7testing8internal11ThreadLocalIPNS1_31TestPartResultReporterInterfaceEE18ValueHolderFactoryEEEE7_M_headERS9_
FNDA:3,_ZNSt11_Tuple_implILm1EJSt14default_deleteIN7testing8internal11ThreadLocalISt6vectorINS2_9TraceInfoESaIS5_EEE18ValueHolderFactoryEEEE7_M_headERSB_
FNDA:42,_ZNSt11_Tuple_implILm1EJSt14default_deleteIN7testing8internal14GTestFlagSaverEEEE7_M_headERS5_
FNDA:3,_ZNSt11_Tuple_implILm1EJSt14default_deleteIN7testing8internal16DeathTestFactoryEEEE7_M_headERS5_
FNDA:0,_ZNSt11_Tuple_implILm1EJSt14default_deleteIN7testing8internal17StreamingListener20AbstractSocketWriterEEEE7_M_headERS6_
FNDA:0,_ZNSt11_Tuple_implILm1EJSt14default_deleteIN7testing8internal24InternalRunDeathTestFlagEEEE7_M_headERS5_
FNDA:0,_ZNSt11_Tuple_implILm1EJSt14default_deleteINSt7__cxx1112basic_stringIcSt11char_traitsIcESaIcEEEEEE7_M_headERS8_
FNDA:207,_ZNSt11_Tuple_implILm1EJSt14default_deleteINSt7__cxx1118basic_stringstreamIcSt11char_traitsIcESaIcEEEEEE7_M_headERS8_
FNDA:0,_ZNSt11_Tuple_implILm1EJSt14default_deleteIA_PcEEEC2Ev
FNDA:90,_ZNSt11_Tuple_implILm1EJSt14default_deleteIKNSt7__cxx1112basic_stringIcSt11char_traitsIcESaIcEEEEEEC2Ev
FNDA:3,_ZNSt11_Tuple_implILm1EJSt14default_deleteIN7testing8internal11ThreadLocalIPNS1_31TestPartResultReporterInterfaceEE18ValueHolderFactoryEEEEC2Ev
FNDA:3,_ZNSt11_Tuple_implILm1EJSt14default_deleteIN7testing8internal11ThreadLocalISt6vectorINS2_9TraceInfoESaIS5_EEE18ValueHolderFactoryEEEEC2Ev
FNDA:42,_ZNSt11_Tuple_implILm1EJSt14default_deleteIN7testing8internal14GTestFlagSaverEEEEC2Ev
FNDA:3,_ZNSt11_Tuple_implILm1EJSt14default_deleteIN7testing8internal16DeathTestFactoryEEEEC2Ev
FNDA:0,_ZNSt11_Tuple_implILm1EJSt14default_deleteIN7testing8internal17StreamingListener20AbstractSocketWriterEEEEC2Ev
FNDA:3,_ZNSt11_Tuple_implILm1EJSt14default_deleteIN7testing8internal24InternalRunDeathTestFlagEEEEC2Ev
FNDA:207,_ZNSt11_Tuple_implILm1EJSt14default_deleteINSt7__cxx1112basic_stringIcSt11char_traitsIcESaIcEEEEEEC2Ev
FNDA:207,_ZNSt11_Tuple_implILm1EJSt14default_deleteINSt7__cxx1118basic_stringstreamIcSt11char_traitsIcESaIcEEEEEEC2Ev
FNDA:0,_ZNSt11_Tuple_implILm0EJRKNSt7__cxx1112basic_stringIcSt11char_traitsIcESaIcEEEEEC2ES7_
FNDA:0,_ZNSt11_Tuple_implILm1EJPKN7testing8internal9EqMatcherINSt7__cxx1112basic_stringIcSt11char_traitsIcESaIcEEEEEEEC2ISB_EEOT_
FNDA:0,_ZNSt11_Tuple_implILm0EJRKNSt7__cxx1112basic_stringIcSt11char_traitsIcESaIcEEEEEC2EOS8_
FNDA:0,_ZNSt10_Head_baseILm1ESt14default_deleteIA_PcELb1EEC2Ev
FNDA:90,_ZNSt10_Head_baseILm1ESt14default_deleteIKNSt7__cxx1112basic_stringIcSt11char_traitsIcESaIcEEEELb1EEC2Ev
FNDA:3,_ZNSt10_Head_baseILm1ESt14default_deleteIN7testing8internal11ThreadLocalIPNS1_31TestPartResultReporterInterfaceEE18ValueHolderFactoryEELb1EEC2Ev
FNDA:3,_ZNSt10_Head_baseILm1ESt14default_deleteIN7testing8internal11ThreadLocalISt6vectorINS2_9TraceInfoESaIS5_EEE18ValueHolderFactoryEELb1EEC2Ev
FNDA:42,_ZNSt10_Head_baseILm1ESt14default_deleteIN7testing8internal14GTestFlagSaverEELb1EEC2Ev
FNDA:3,_ZNSt10_Head_baseILm1ESt14default_deleteIN7testing8internal16DeathTestFactoryEELb1EEC2Ev
FNDA:0,_ZNSt10_Head_baseILm1ESt14default_deleteIN7testing8internal17StreamingListener20AbstractSocketWriterEELb1EEC2Ev
FNDA:3,_ZNSt10_Head_baseILm1ESt14default_deleteIN7testing8internal24InternalRunDeathTestFlagEELb1EEC2Ev
FNDA:207,_ZNSt10_Head_baseILm1ESt14default_deleteINSt7__cxx1112basic_stringIcSt11char_traitsIcESaIcEEEELb1EEC2Ev
FNDA:207,_ZNSt10_Head_baseILm1ESt14default_deleteINSt7__cxx1118basic_stringstreamIcSt11char_traitsIcESaIcEEEELb1EEC2Ev
FNDA:0,_ZNSt5tupleIJRKNSt7__cxx1112basic_stringIcSt11char_traitsIcESaIcEEEEEC2ILb1ELb1EEES7_
FNDA:0,_ZNSt5tupleIJRKNSt7__cxx1112basic_stringIcSt11char_traitsIcESaIcEEEEEC2EOS8_
FNF:211
FNH:104
DA:81,558
DA:82,558
DA:125,258
DA:190,558
DA:191,558
DA:193,0
DA:194,0
DA:200,0
DA:201,0
DA:234,912
DA:237,1917
DA:269,912
DA:272,1917
DA:280,558
DA:281,558
DA:291,0
DA:293,0
DA:294,0
DA:497,258
DA:503,558
DA:504,558
DA:507,0
DA:508,0
DA:509,0
DA:513,0
DA:514,0
DA:515,0
DA:527,0
DA:529,0
DA:530,0
DA:874,0
DA:876,0
DA:903,0
DA:1317,558
DA:1319,558
DA:1345,0
DA:1347,0
DA:1787,1170
DA:1788,1170
DA:1792,1917
DA:1793,1917
DA:1803,1170
DA:1804,1170
DA:1809,1917
DA:1810,1917
DA:1815,0
DA:1818,0
DA:2001,0
DA:2005,0
DA:2252,0
DA:2257,0
DA:2258,0
DA:2264,0
DA:2267,0
DA:2268,0
DA:2269,0
LF:56
LH:24
end_of_record
TN:
SF:/usr/include/x86_64-linux-gnu/c++/13/bits/c++config.h
FN:540,551,_ZSt23__is_constant_evaluatedv
FNDA:2421,_ZSt23__is_constant_evaluatedv
FNF:1
FNH:1
DA:540,2421
DA:547,2421
LF:2
LH:2
end_of_record
