TN:
SF:/mnt/c/users/t470/desktop/funda/lab11/project2/build/_deps/googletest-src/googletest/include/gtest/gtest-assertion-result.h
FN:155,161,_ZN7testing15AssertionResultC2IbEERKT_PNSt9enable_ifIXntsrSt14is_convertibleIS2_S0_E5valueEvE4typeE
FN:174,174,_ZNK7testing15AssertionResultcvbEv
FN:183,185,_ZNK7testing15AssertionResult7messageEv
FN:187,187,_ZNK7testing15AssertionResult15failure_messageEv
FN:191,194,_ZN7testing15AssertionResultlsIA100_cEERS0_RKT_
FN:191,194,_ZN7testing15AssertionResultlsIA106_cEERS0_RKT_
FN:191,194,_ZN7testing15AssertionResultlsIA11_cEERS0_RKT_
FN:191,194,_ZN7testing15AssertionResultlsIA12_cEERS0_RKT_
FN:191,194,_ZN7testing15AssertionResultlsIA13_cEERS0_RKT_
FN:191,194,_ZN7testing15AssertionResultlsIA14_cEERS0_RKT_
FN:191,194,_ZN7testing15AssertionResultlsIA15_cEERS0_RKT_
FN:191,194,_ZN7testing15AssertionResultlsIA16_cEERS0_RKT_
FN:191,194,_ZN7testing15AssertionResultlsIA17_cEERS0_RKT_
FN:191,194,_ZN7testing15AssertionResultlsIA24_cEERS0_RKT_
FN:191,194,_ZN7testing15AssertionResultlsIA27_cEERS0_RKT_
FN:191,194,_ZN7testing15AssertionResultlsIA29_cEERS0_RKT_
FN:191,194,_ZN7testing15AssertionResultlsIA2_cEERS0_RKT_
FN:191,194,_ZN7testing15AssertionResultlsIA3_cEERS0_RKT_
FN:191,194,_ZN7testing15AssertionResultlsIA5_cEERS0_RKT_
FN:191,194,_ZN7testing15AssertionResultlsIA6_cEERS0_RKT_
FN:191,194,_ZN7testing15AssertionResultlsIA7_cEERS0_RKT_
FN:191,194,_ZN7testing15AssertionResultlsIA9_cEERS0_RKT_
FN:191,194,_ZN7testing15AssertionResultlsINS_14TestPartResultEEERS0_RKT_
FN:191,194,_ZN7testing15AssertionResultlsINS_7MessageEEERS0_RKT_
FN:191,194,_ZN7testing15AssertionResultlsINSt7__cxx1112basic_stringIcSt11char_traitsIcESaIcEEEEERS0_RKT_
FN:191,194,_ZN7testing15AssertionResultlsINSt7__cxx1112basic_stringIwSt11char_traitsIwESaIwEEEEERS0_RKT_
FN:191,194,_ZN7testing15AssertionResultlsIPKcEERS0_RKT_
FN:191,194,_ZN7testing15AssertionResultlsIPKwEERS0_RKT_
FN:191,194,_ZN7testing15AssertionResultlsIdEERS0_RKT_
FN:206,209,_ZN7testing15AssertionResult13AppendMessageERKNS_7MessageE
FNDA:52,_ZN7testing15AssertionResultC2IbEERKT_PNSt9enable_ifIXntsrSt14is_convertibleIS2_S0_E5valueEvE4typeE
FNDA:52,_ZNK7testing15AssertionResultcvbEv
FNDA:0,_ZNK7testing15AssertionResult7messageEv
FNDA:0,_ZNK7testing15AssertionResult15failure_messageEv
FNDA:0,_ZN7testing15AssertionResultlsIA100_cEERS0_RKT_
FNDA:0,_ZN7testing15AssertionResultlsIA106_cEERS0_RKT_
FNDA:0,_ZN7testing15AssertionResultlsIA11_cEERS0_RKT_
FNDA:0,_ZN7testing15AssertionResultlsIA12_cEERS0_RKT_
FNDA:0,_ZN7testing15AssertionResultlsIA13_cEERS0_RKT_
FNDA:0,_ZN7testing15AssertionResultlsIA14_cEERS0_RKT_
FNDA:0,_ZN7testing15AssertionResultlsIA15_cEERS0_RKT_
FNDA:0,_ZN7testing15AssertionResultlsIA16_cEERS0_RKT_
FNDA:0,_ZN7testing15AssertionResultlsIA17_cEERS0_RKT_
FNDA:0,_ZN7testing15AssertionResultlsIA24_cEERS0_RKT_
FNDA:0,_ZN7testing15AssertionResultlsIA27_cEERS0_RKT_
FNDA:0,_ZN7testing15AssertionResultlsIA29_cEERS0_RKT_
FNDA:0,_ZN7testing15AssertionResultlsIA2_cEERS0_RKT_
FNDA:0,_ZN7testing15AssertionResultlsIA3_cEERS0_RKT_
FNDA:0,_ZN7testing15AssertionResultlsIA5_cEERS0_RKT_
FNDA:0,_ZN7testing15AssertionResultlsIA6_cEERS0_RKT_
FNDA:0,_ZN7testing15AssertionResultlsIA7_cEERS0_RKT_
FNDA:0,_ZN7testing15AssertionResultlsIA9_cEERS0_RKT_
FNDA:0,_ZN7testing15AssertionResultlsINS_14TestPartResultEEERS0_RKT_
FNDA:0,_ZN7testing15AssertionResultlsINS_7MessageEEERS0_RKT_
FNDA:0,_ZN7testing15AssertionResultlsINSt7__cxx1112basic_stringIcSt11char_traitsIcESaIcEEEEERS0_RKT_
FNDA:0,_ZN7testing15AssertionResultlsINSt7__cxx1112basic_stringIwSt11char_traitsIwESaIwEEEEERS0_RKT_
FNDA:0,_ZN7testing15AssertionResultlsIPKcEERS0_RKT_
FNDA:0,_ZN7testing15AssertionResultlsIPKwEERS0_RKT_
FNDA:0,_ZN7testing15AssertionResultlsIdEERS0_RKT_
FNDA:0,_ZN7testing15AssertionResult13AppendMessageERKNS_7MessageE
FNF:30
FNH:2
DA:155,52
DA:161,52
DA:174,52
DA:183,0
DA:184,0
DA:187,0
DA:191,0
DA:192,0
DA:193,0
DA:206,0
DA:207,0
DA:208,0
DA:209,0
LF:13
LH:3
end_of_record
TN:
SF:/mnt/c/users/t470/desktop/funda/lab11/project2/build/_deps/googletest-src/googletest/include/gtest/gtest-matchers.h
FN:110,110,_ZN7testing19MatchResultListenerD0Ev
FN:110,110,_ZN7testing19MatchResultListenerD2Ev
FN:116,116,_ZN7testing25MatcherDescriberInterfaceD0Ev
FN:116,116,_ZN7testing25MatcherDescriberInterfaceD2Ev
FN:131,135,_ZNK7testing25MatcherDescriberInterface18DescribeNegationToEPSo
FN:185,185,_ZN7testing8internal24DummyMatchResultListenerC2Ev
FN:209,209,_ZN7testing8internal17SharedPayloadBase5UnrefEv
FN:215,215,_ZN7testing8internal13SharedPayloadINS0_9EqMatcherINSt7__cxx1112basic_stringIcSt11char_traitsIcESaIcEEEEEEC2EOS9_
FN:217,219,_ZN7testing8internal13SharedPayloadINS0_9EqMatcherINSt7__cxx1112basic_stringIcSt11char_traitsIcESaIcEEEEEE7DestroyEPNS0_17SharedPayloadBaseE
FN:232,235,_ZNK7testing8internal11MatcherBaseIRKNSt7__cxx1112basic_stringIcSt11char_traitsIcESaIcEEEE15MatchAndExplainES9_PNS_19MatchResultListenerE
FN:238,241,_ZNK7testing8internal11MatcherBaseIRKNSt7__cxx1112basic_stringIcSt11char_traitsIcESaIcEEEE7MatchesES9_
FN:244,247,_ZNK7testing8internal11MatcherBaseINSt7__cxx1112basic_stringIcSt11char_traitsIcESaIcEEEE10DescribeToEPSo
FN:244,247,_ZNK7testing8internal11MatcherBaseIRKNSt7__cxx1112basic_stringIcSt11char_traitsIcESaIcEEEE10DescribeToEPSo
FN:244,247,_ZNK7testing8internal11MatcherBaseIRKSt17basic_string_viewIcSt11char_traitsIcEEE10DescribeToEPSo
FN:244,247,_ZNK7testing8internal11MatcherBaseISt17basic_string_viewIcSt11char_traitsIcEEE10DescribeToEPSo
FN:250,253,_ZNK7testing8internal11MatcherBaseINSt7__cxx1112basic_stringIcSt11char_traitsIcESaIcEEEE18DescribeNegationToEPSo
FN:250,253,_ZNK7testing8internal11MatcherBaseIRKNSt7__cxx1112basic_stringIcSt11char_traitsIcESaIcEEEE18DescribeNegationToEPSo
FN:250,253,_ZNK7testing8internal11MatcherBaseIRKSt17basic_string_viewIcSt11char_traitsIcEEE18DescribeNegationToEPSo
FN:250,253,_ZNK7testing8internal11MatcherBaseISt17basic_string_viewIcSt11char_traitsIcEEE18DescribeNegationToEPSo
FN:270,270,_ZN7testing8internal11MatcherBaseINSt7__cxx1112basic_stringIcSt11char_traitsIcESaIcEEEEC2Ev
FN:270,270,_ZN7testing8internal11MatcherBaseIRKNSt7__cxx1112basic_stringIcSt11char_traitsIcESaIcEEEEC2Ev
FN:270,270,_ZN7testing8internal11MatcherBaseIRKSt17basic_string_viewIcSt11char_traitsIcEEEC2Ev
FN:270,270,_ZN7testing8internal11MatcherBaseISt17basic_string_viewIcSt11char_traitsIcEEEC2Ev
FN:281,283,_ZN7testing8internal11MatcherBaseINSt7__cxx1112basic_stringIcSt11char_traitsIcESaIcEEEEC2INS0_9EqMatcherIS7_EEvEEOT_
FN:281,283,_ZN7testing8internal11MatcherBaseIRKNSt7__cxx1112basic_stringIcSt11char_traitsIcESaIcEEEEC2INS0_9EqMatcherIS7_EEvEEOT_
FN:281,283,_ZN7testing8internal11MatcherBaseIRKSt17basic_string_viewIcSt11char_traitsIcEEEC2INS0_9EqMatcherINSt7__cxx1112basic_stringIcS4_SaIcEEEEEvEEOT_
FN:281,283,_ZN7testing8internal11MatcherBaseISt17basic_string_viewIcSt11char_traitsIcEEEC2INS0_9EqMatcherINSt7__cxx1112basic_stringIcS4_SaIcEEEEEvEEOT_
FN:299,302,_ZN7testing8internal11MatcherBaseIRKNSt7__cxx1112basic_stringIcSt11char_traitsIcESaIcEEEEC2EOSA_
FN:304,311,_ZN7testing8internal11MatcherBaseINSt7__cxx1112basic_stringIcSt11char_traitsIcESaIcEEEEaSEOS8_
FN:304,311,_ZN7testing8internal11MatcherBaseIRKNSt7__cxx1112basic_stringIcSt11char_traitsIcESaIcEEEEaSEOSA_
FN:304,311,_ZN7testing8internal11MatcherBaseIRKSt17basic_string_viewIcSt11char_traitsIcEEEaSEOS8_
FN:304,311,_ZN7testing8internal11MatcherBaseISt17basic_string_viewIcSt11char_traitsIcEEEaSEOS6_
FN:313,313,_ZN7testing8internal11MatcherBaseINSt7__cxx1112basic_stringIcSt11char_traitsIcESaIcEEEED0Ev
FN:313,313,_ZN7testing8internal11MatcherBaseINSt7__cxx1112basic_stringIcSt11char_traitsIcESaIcEEEED2Ev
FN:313,313,_ZN7testing8internal11MatcherBaseIRKNSt7__cxx1112basic_stringIcSt11char_traitsIcESaIcEEEED0Ev
FN:313,313,_ZN7testing8internal11MatcherBaseIRKNSt7__cxx1112basic_stringIcSt11char_traitsIcESaIcEEEED2Ev
FN:313,313,_ZN7testing8internal11MatcherBaseIRKSt17basic_string_viewIcSt11char_traitsIcEEED0Ev
FN:313,313,_ZN7testing8internal11MatcherBaseIRKSt17basic_string_viewIcSt11char_traitsIcEEED2Ev
FN:313,313,_ZN7testing8internal11MatcherBaseISt17basic_string_viewIcSt11char_traitsIcEEED0Ev
FN:313,313,_ZN7testing8internal11MatcherBaseISt17basic_string_viewIcSt11char_traitsIcEEED2Ev
FN:327,329,_ZNK7testing8internal11MatcherBaseINSt7__cxx1112basic_stringIcSt11char_traitsIcESaIcEEEE8IsSharedEv
FN:327,329,_ZNK7testing8internal11MatcherBaseIRKNSt7__cxx1112basic_stringIcSt11char_traitsIcESaIcEEEE8IsSharedEv
FN:327,329,_ZNK7testing8internal11MatcherBaseIRKSt17basic_string_viewIcSt11char_traitsIcEEE8IsSharedEv
FN:327,329,_ZNK7testing8internal11MatcherBaseISt17basic_string_viewIcSt11char_traitsIcEEE8IsSharedEv
FN:333,337,_ZN7testing8internal11MatcherBaseINSt7__cxx1112basic_stringIcSt11char_traitsIcESaIcEEEE19MatchAndExplainImplINS8_11ValuePolicyINS0_9EqMatcherIS7_EELb0EEEEEDTcldtclsrT_3Getfp_E15MatchAndExplainfp0_clptfp1_L_ZNS_19MatchResultListener6streamEvEEEERKS8_RKS7_PSF_
FN:333,337,_ZN7testing8internal11MatcherBaseIRKNSt7__cxx1112basic_stringIcSt11char_traitsIcESaIcEEEE19MatchAndExplainImplINSA_11ValuePolicyINS0_9EqMatcherIS7_EELb0EEEEEDTcldtclsrT_3Getfp_E15MatchAndExplainfp0_clptfp1_L_ZNS_19MatchResultListener6streamEvEEEERKSA_S9_PSH_
FN:333,337,_ZN7testing8internal11MatcherBaseIRKSt17basic_string_viewIcSt11char_traitsIcEEE19MatchAndExplainImplINS8_11ValuePolicyINS0_9EqMatcherINSt7__cxx1112basic_stringIcS4_SaIcEEEEELb0EEEEEDTcldtclsrT_3Getfp_E15MatchAndExplainfp0_clptfp1_L_ZNS_19MatchResultListener6streamEvEEEERKS8_S7_PSJ_
FN:333,337,_ZN7testing8internal11MatcherBaseISt17basic_string_viewIcSt11char_traitsIcEEE19MatchAndExplainImplINS6_11ValuePolicyINS0_9EqMatcherINSt7__cxx1112basic_stringIcS4_SaIcEEEEELb0EEEEEDTcldtclsrT_3Getfp_E15MatchAndExplainfp0_clptfp1_L_ZNS_19MatchResultListener6streamEvEEEERKS6_RKS5_PSH_
FN:347,354,_ZN7testing8internal11MatcherBaseINSt7__cxx1112basic_stringIcSt11char_traitsIcESaIcEEEE12DescribeImplINS8_11ValuePolicyINS0_9EqMatcherIS7_EELb0EEEEEvRKS8_PSob
FN:347,354,_ZN7testing8internal11MatcherBaseIRKNSt7__cxx1112basic_stringIcSt11char_traitsIcESaIcEEEE12DescribeImplINSA_11ValuePolicyINS0_9EqMatcherIS7_EELb0EEEEEvRKSA_PSob
FN:347,354,_ZN7testing8internal11MatcherBaseIRKSt17basic_string_viewIcSt11char_traitsIcEEE12DescribeImplINS8_11ValuePolicyINS0_9EqMatcherINSt7__cxx1112basic_stringIcS4_SaIcEEEEELb0EEEEEvRKS8_PSob
FN:347,354,_ZN7testing8internal11MatcherBaseISt17basic_string_viewIcSt11char_traitsIcEEE12DescribeImplINS6_11ValuePolicyINS0_9EqMatcherINSt7__cxx1112basic_stringIcS4_SaIcEEEEELb0EEEEEvRKS6_PSob
FN:357,370,_ZN7testing8internal11MatcherBaseINSt7__cxx1112basic_stringIcSt11char_traitsIcESaIcEEEE16GetDescriberImplINS8_11ValuePolicyINS0_9EqMatcherIS7_EELb0EEEEEPKNS_25MatcherDescriberInterfaceERKS8_
FN:357,370,_ZN7testing8internal11MatcherBaseIRKNSt7__cxx1112basic_stringIcSt11char_traitsIcESaIcEEEE16GetDescriberImplINSA_11ValuePolicyINS0_9EqMatcherIS7_EELb0EEEEEPKNS_25MatcherDescriberInterfaceERKSA_
FN:357,370,_ZN7testing8internal11MatcherBaseIRKSt17basic_string_viewIcSt11char_traitsIcEEE16GetDescriberImplINS8_11ValuePolicyINS0_9EqMatcherINSt7__cxx1112basic_stringIcS4_SaIcEEEEELb0EEEEEPKNS_25MatcherDescriberInterfaceERKS8_
FN:357,370,_ZN7testing8internal11MatcherBaseISt17basic_string_viewIcSt11char_traitsIcEEE16GetDescriberImplINS6_11ValuePolicyINS0_9EqMatcherINSt7__cxx1112basic_stringIcS4_SaIcEEEEELb0EEEEEPKNS_25MatcherDescriberInterfaceERKS6_
FN:373,378,_ZN7testing8internal11MatcherBaseINSt7__cxx1112basic_stringIcSt11char_traitsIcESaIcEEEE9GetVTableINS8_11ValuePolicyINS0_9EqMatcherIS7_EELb0EEEEEPKNS8_6VTableEv
FN:373,378,_ZN7testing8internal11MatcherBaseIRKNSt7__cxx1112basic_stringIcSt11char_traitsIcESaIcEEEE9GetVTableINSA_11ValuePolicyINS0_9EqMatcherIS7_EELb0EEEEEPKNSA_6VTableEv
FN:373,378,_ZN7testing8internal11MatcherBaseIRKSt17basic_string_viewIcSt11char_traitsIcEEE9GetVTableINS8_11ValuePolicyINS0_9EqMatcherINSt7__cxx1112basic_stringIcS4_SaIcEEEEELb0EEEEEPKNS8_6VTableEv
FN:373,378,_ZN7testing8internal11MatcherBaseISt17basic_string_viewIcSt11char_traitsIcEEE9GetVTableINS6_11ValuePolicyINS0_9EqMatcherINSt7__cxx1112basic_stringIcS4_SaIcEEEEELb0EEEEEPKNS6_6VTableEv
FN:389,393,_ZN7testing8internal11MatcherBaseINSt7__cxx1112basic_stringIcSt11char_traitsIcESaIcEEEE7DestroyEv
FN:389,393,_ZN7testing8internal11MatcherBaseIRKNSt7__cxx1112basic_stringIcSt11char_traitsIcESaIcEEEE7DestroyEv
FN:389,393,_ZN7testing8internal11MatcherBaseIRKSt17basic_string_viewIcSt11char_traitsIcEEE7DestroyEv
FN:389,393,_ZN7testing8internal11MatcherBaseISt17basic_string_viewIcSt11char_traitsIcEEE7DestroyEv
FN:420,422,_ZN7testing8internal11MatcherBaseINSt7__cxx1112basic_stringIcSt11char_traitsIcESaIcEEEE11ValuePolicyINS0_9EqMatcherIS7_EELb0EE3GetERKS8_
FN:420,422,_ZN7testing8internal11MatcherBaseIRKNSt7__cxx1112basic_stringIcSt11char_traitsIcESaIcEEEE11ValuePolicyINS0_9EqMatcherIS7_EELb0EE3GetERKSA_
FN:420,422,_ZN7testing8internal11MatcherBaseIRKSt17basic_string_viewIcSt11char_traitsIcEEE11ValuePolicyINS0_9EqMatcherINSt7__cxx1112basic_stringIcS4_SaIcEEEEELb0EE3GetERKS8_
FN:420,422,_ZN7testing8internal11MatcherBaseISt17basic_string_viewIcSt11char_traitsIcEEE11ValuePolicyINS0_9EqMatcherINSt7__cxx1112basic_stringIcS4_SaIcEEEEELb0EE3GetERKS6_
FN:424,426,_ZN7testing8internal11MatcherBaseINSt7__cxx1112basic_stringIcSt11char_traitsIcESaIcEEEE11ValuePolicyINS0_9EqMatcherIS7_EELb0EE4InitISB_EEvRS8_OT_
FN:424,426,_ZN7testing8internal11MatcherBaseIRKNSt7__cxx1112basic_stringIcSt11char_traitsIcESaIcEEEE11ValuePolicyINS0_9EqMatcherIS7_EELb0EE4InitISD_EEvRSA_OT_
FN:424,426,_ZN7testing8internal11MatcherBaseIRKSt17basic_string_viewIcSt11char_traitsIcEEE11ValuePolicyINS0_9EqMatcherINSt7__cxx1112basic_stringIcS4_SaIcEEEEELb0EE4InitISF_EEvRS8_OT_
FN:424,426,_ZN7testing8internal11MatcherBaseISt17basic_string_viewIcSt11char_traitsIcEEE11ValuePolicyINS0_9EqMatcherINSt7__cxx1112basic_stringIcS4_SaIcEEEEELb0EE4InitISD_EEvRS6_OT_
FN:445,450,_ZN7testing8internal11MatcherBaseINSt7__cxx1112basic_stringIcSt11char_traitsIcESaIcEEEE4InitINS0_9EqMatcherIS7_EEEEvOT_
FN:445,450,_ZN7testing8internal11MatcherBaseIRKNSt7__cxx1112basic_stringIcSt11char_traitsIcESaIcEEEE4InitINS0_9EqMatcherIS7_EEEEvOT_
FN:445,450,_ZN7testing8internal11MatcherBaseIRKSt17basic_string_viewIcSt11char_traitsIcEEE4InitINS0_9EqMatcherINSt7__cxx1112basic_stringIcS4_SaIcEEEEEEEvOT_
FN:445,450,_ZN7testing8internal11MatcherBaseISt17basic_string_viewIcSt11char_traitsIcEEE4InitINS0_9EqMatcherINSt7__cxx1112basic_stringIcS4_SaIcEEEEEEEvOT_
FN:504,505,_ZN7testing7MatcherIRKNSt7__cxx1112basic_stringIcSt11char_traitsIcESaIcEEEEC2INS_8internal9EqMatcherIS6_EEvEEOT_
FN:528,529,_ZN7testing7MatcherINSt7__cxx1112basic_stringIcSt11char_traitsIcESaIcEEEEC2INS_8internal9EqMatcherIS6_EEvEEOT_
FN:554,556,_ZN7testing7MatcherIRKSt17basic_string_viewIcSt11char_traitsIcEEEC2INS_8internal9EqMatcherINSt7__cxx1112basic_stringIcS3_SaIcEEEEEvEEOT_
FN:582,583,_ZN7testing7MatcherISt17basic_string_viewIcSt11char_traitsIcEEEC2INS_8internal9EqMatcherINSt7__cxx1112basic_stringIcS3_SaIcEEEEEvEEOT_
FN:694,694,_ZN7testing8internal14ComparisonBaseINS0_9EqMatcherINSt7__cxx1112basic_stringIcSt11char_traitsIcESaIcEEEEES8_St8equal_toIvEEC2ERKS8_
FN:699,701,_ZNK7testing8internal14ComparisonBaseINS0_9EqMatcherINSt7__cxx1112basic_stringIcSt11char_traitsIcESaIcEEEEES8_St8equal_toIvEE15MatchAndExplainIS8_EEbRKT_PSo
FN:699,701,_ZNK7testing8internal14ComparisonBaseINS0_9EqMatcherINSt7__cxx1112basic_stringIcSt11char_traitsIcESaIcEEEEES8_St8equal_toIvEE15MatchAndExplainISt17basic_string_viewIcS6_EEEbRKT_PSo
FN:702,705,_ZNK7testing8internal14ComparisonBaseINS0_9EqMatcherINSt7__cxx1112basic_stringIcSt11char_traitsIcESaIcEEEEES8_St8equal_toIvEE10DescribeToEPSo
FN:706,709,_ZNK7testing8internal14ComparisonBaseINS0_9EqMatcherINSt7__cxx1112basic_stringIcSt11char_traitsIcESaIcEEEEES8_St8equal_toIvEE18DescribeNegationToEPSo
FN:713,715,_ZN7testing8internal14ComparisonBaseINS0_9EqMatcherINSt7__cxx1112basic_stringIcSt11char_traitsIcESaIcEEEEES8_St8equal_toIvEE6UnwrapIS8_EERKT_SG_
FN:727,728,_ZN7testing8internal9EqMatcherINSt7__cxx1112basic_stringIcSt11char_traitsIcESaIcEEEEC2ERKS7_
FN:729,729,_ZN7testing8internal9EqMatcherINSt7__cxx1112basic_stringIcSt11char_traitsIcESaIcEEEE4DescEv
FN:730,730,_ZN7testing8internal9EqMatcherINSt7__cxx1112basic_stringIcSt11char_traitsIcESaIcEEEE11NegatedDescEv
FN:83,83,_ZN7testing19MatchResultListenerC2EPSo
FN:862,864,_ZN7testing2EqINSt7__cxx1112basic_stringIcSt11char_traitsIcESaIcEEEEENS_8internal9EqMatcherIT_EES9_
FN:95,95,_ZN7testing19MatchResultListener6streamEv
FNDA:0,_ZN7testing19MatchResultListenerD0Ev
FNDA:0,_ZN7testing19MatchResultListenerD2Ev
FNDA:0,_ZN7testing25MatcherDescriberInterfaceD0Ev
FNDA:0,_ZN7testing25MatcherDescriberInterfaceD2Ev
FNDA:0,_ZNK7testing25MatcherDescriberInterface18DescribeNegationToEPSo
FNDA:0,_ZN7testing8internal24DummyMatchResultListenerC2Ev
FNDA:0,_ZN7testing8internal17SharedPayloadBase5UnrefEv
FNDA:0,_ZN7testing8internal13SharedPayloadINS0_9EqMatcherINSt7__cxx1112basic_stringIcSt11char_traitsIcESaIcEEEEEEC2EOS9_
FNDA:0,_ZN7testing8internal13SharedPayloadINS0_9EqMatcherINSt7__cxx1112basic_stringIcSt11char_traitsIcESaIcEEEEEE7DestroyEPNS0_17SharedPayloadBaseE
FNDA:0,_ZNK7testing8internal11MatcherBaseIRKNSt7__cxx1112basic_stringIcSt11char_traitsIcESaIcEEEE15MatchAndExplainES9_PNS_19MatchResultListenerE
FNDA:0,_ZNK7testing8internal11MatcherBaseIRKNSt7__cxx1112basic_stringIcSt11char_traitsIcESaIcEEEE7MatchesES9_
FNDA:0,_ZNK7testing8internal11MatcherBaseINSt7__cxx1112basic_stringIcSt11char_traitsIcESaIcEEEE10DescribeToEPSo
FNDA:0,_ZNK7testing8internal11MatcherBaseIRKNSt7__cxx1112basic_stringIcSt11char_traitsIcESaIcEEEE10DescribeToEPSo
FNDA:0,_ZNK7testing8internal11MatcherBaseIRKSt17basic_string_viewIcSt11char_traitsIcEEE10DescribeToEPSo
FNDA:0,_ZNK7testing8internal11MatcherBaseISt17basic_string_viewIcSt11char_traitsIcEEE10DescribeToEPSo
FNDA:0,_ZNK7testing8internal11MatcherBaseINSt7__cxx1112basic_stringIcSt11char_traitsIcESaIcEEEE18DescribeNegationToEPSo
FNDA:0,_ZNK7testing8internal11MatcherBaseIRKNSt7__cxx1112basic_stringIcSt11char_traitsIcESaIcEEEE18DescribeNegationToEPSo
FNDA:0,_ZNK7testing8internal11MatcherBaseIRKSt17basic_string_viewIcSt11char_traitsIcEEE18DescribeNegationToEPSo
FNDA:0,_ZNK7testing8internal11MatcherBaseISt17basic_string_viewIcSt11char_traitsIcEEE18DescribeNegationToEPSo
FNDA:0,_ZN7testing8internal11MatcherBaseINSt7__cxx1112basic_stringIcSt11char_traitsIcESaIcEEEEC2Ev
FNDA:0,_ZN7testing8internal11MatcherBaseIRKNSt7__cxx1112basic_stringIcSt11char_traitsIcESaIcEEEEC2Ev
FNDA:0,_ZN7testing8internal11MatcherBaseIRKSt17basic_string_viewIcSt11char_traitsIcEEEC2Ev
FNDA:0,_ZN7testing8internal11MatcherBaseISt17basic_string_viewIcSt11char_traitsIcEEEC2Ev
FNDA:0,_ZN7testing8internal11MatcherBaseINSt7__cxx1112basic_stringIcSt11char_traitsIcESaIcEEEEC2INS0_9EqMatcherIS7_EEvEEOT_
FNDA:0,_ZN7testing8internal11MatcherBaseIRKNSt7__cxx1112basic_stringIcSt11char_traitsIcESaIcEEEEC2INS0_9EqMatcherIS7_EEvEEOT_
FNDA:0,_ZN7testing8internal11MatcherBaseIRKSt17basic_string_viewIcSt11char_traitsIcEEEC2INS0_9EqMatcherINSt7__cxx1112basic_stringIcS4_SaIcEEEEEvEEOT_
FNDA:0,_ZN7testing8internal11MatcherBaseISt17basic_string_viewIcSt11char_traitsIcEEEC2INS0_9EqMatcherINSt7__cxx1112basic_stringIcS4_SaIcEEEEEvEEOT_
FNDA:0,_ZN7testing8internal11MatcherBaseIRKNSt7__cxx1112basic_stringIcSt11char_traitsIcESaIcEEEEC2EOSA_
FNDA:0,_ZN7testing8internal11MatcherBaseINSt7__cxx1112basic_stringIcSt11char_traitsIcESaIcEEEEaSEOS8_
FNDA:0,_ZN7testing8internal11MatcherBaseIRKNSt7__cxx1112basic_stringIcSt11char_traitsIcESaIcEEEEaSEOSA_
FNDA:0,_ZN7testing8internal11MatcherBaseIRKSt17basic_string_viewIcSt11char_traitsIcEEEaSEOS8_
FNDA:0,_ZN7testing8internal11MatcherBaseISt17basic_string_viewIcSt11char_traitsIcEEEaSEOS6_
FNDA:0,_ZN7testing8internal11MatcherBaseINSt7__cxx1112basic_stringIcSt11char_traitsIcESaIcEEEED0Ev
FNDA:0,_ZN7testing8internal11MatcherBaseINSt7__cxx1112basic_stringIcSt11char_traitsIcESaIcEEEED2Ev
FNDA:0,_ZN7testing8internal11MatcherBaseIRKNSt7__cxx1112basic_stringIcSt11char_traitsIcESaIcEEEED0Ev
FNDA:0,_ZN7testing8internal11MatcherBaseIRKNSt7__cxx1112basic_stringIcSt11char_traitsIcESaIcEEEED2Ev
FNDA:0,_ZN7testing8internal11MatcherBaseIRKSt17basic_string_viewIcSt11char_traitsIcEEED0Ev
FNDA:0,_ZN7testing8internal11MatcherBaseIRKSt17basic_string_viewIcSt11char_traitsIcEEED2Ev
FNDA:0,_ZN7testing8internal11MatcherBaseISt17basic_string_viewIcSt11char_traitsIcEEED0Ev
FNDA:0,_ZN7testing8internal11MatcherBaseISt17basic_string_viewIcSt11char_traitsIcEEED2Ev
FNDA:0,_ZNK7testing8internal11MatcherBaseINSt7__cxx1112basic_stringIcSt11char_traitsIcESaIcEEEE8IsSharedEv
FNDA:0,_ZNK7testing8internal11MatcherBaseIRKNSt7__cxx1112basic_stringIcSt11char_traitsIcESaIcEEEE8IsSharedEv
FNDA:0,_ZNK7testing8internal11MatcherBaseIRKSt17basic_string_viewIcSt11char_traitsIcEEE8IsSharedEv
FNDA:0,_ZNK7testing8internal11MatcherBaseISt17basic_string_viewIcSt11char_traitsIcEEE8IsSharedEv
FNDA:0,_ZN7testing8internal11MatcherBaseINSt7__cxx1112basic_stringIcSt11char_traitsIcESaIcEEEE19MatchAndExplainImplINS8_11ValuePolicyINS0_9EqMatcherIS7_EELb0EEEEEDTcldtclsrT_3Getfp_E15MatchAndExplainfp0_clptfp1_L_ZNS_19MatchResultListener6streamEvEEEERKS8_RKS7_PSF_
FNDA:0,_ZN7testing8internal11MatcherBaseIRKNSt7__cxx1112basic_stringIcSt11char_traitsIcESaIcEEEE19MatchAndExplainImplINSA_11ValuePolicyINS0_9EqMatcherIS7_EELb0EEEEEDTcldtclsrT_3Getfp_E15MatchAndExplainfp0_clptfp1_L_ZNS_19MatchResultListener6streamEvEEEERKSA_S9_PSH_
FNDA:0,_ZN7testing8internal11MatcherBaseIRKSt17basic_string_viewIcSt11char_traitsIcEEE19MatchAndExplainImplINS8_11ValuePolicyINS0_9EqMatcherINSt7__cxx1112basic_stringIcS4_SaIcEEEEELb0EEEEEDTcldtclsrT_3Getfp_E15MatchAndExplainfp0_clptfp1_L_ZNS_19MatchResultListener6streamEvEEEERKS8_S7_PSJ_
FNDA:0,_ZN7testing8internal11MatcherBaseISt17basic_string_viewIcSt11char_traitsIcEEE19MatchAndExplainImplINS6_11ValuePolicyINS0_9EqMatcherINSt7__cxx1112basic_stringIcS4_SaIcEEEEELb0EEEEEDTcldtclsrT_3Getfp_E15MatchAndExplainfp0_clptfp1_L_ZNS_19MatchResultListener6streamEvEEEERKS6_RKS5_PSH_
FNDA:0,_ZN7testing8internal11MatcherBaseINSt7__cxx1112basic_stringIcSt11char_traitsIcESaIcEEEE12DescribeImplINS8_11ValuePolicyINS0_9EqMatcherIS7_EELb0EEEEEvRKS8_PSob
FNDA:0,_ZN7testing8internal11MatcherBaseIRKNSt7__cxx1112basic_stringIcSt11char_traitsIcESaIcEEEE12DescribeImplINSA_11ValuePolicyINS0_9EqMatcherIS7_EELb0EEEEEvRKSA_PSob
FNDA:0,_ZN7testing8internal11MatcherBaseIRKSt17basic_string_viewIcSt11char_traitsIcEEE12DescribeImplINS8_11ValuePolicyINS0_9EqMatcherINSt7__cxx1112basic_stringIcS4_SaIcEEEEELb0EEEEEvRKS8_PSob
FNDA:0,_ZN7testing8internal11MatcherBaseISt17basic_string_viewIcSt11char_traitsIcEEE12DescribeImplINS6_11ValuePolicyINS0_9EqMatcherINSt7__cxx1112basic_stringIcS4_SaIcEEEEELb0EEEEEvRKS6_PSob
FNDA:0,_ZN7testing8internal11MatcherBaseINSt7__cxx1112basic_stringIcSt11char_traitsIcESaIcEEEE16GetDescriberImplINS8_11ValuePolicyINS0_9EqMatcherIS7_EELb0EEEEEPKNS_25MatcherDescriberInterfaceERKS8_
FNDA:0,_ZN7testing8internal11MatcherBaseIRKNSt7__cxx1112basic_stringIcSt11char_traitsIcESaIcEEEE16GetDescriberImplINSA_11ValuePolicyINS0_9EqMatcherIS7_EELb0EEEEEPKNS_25MatcherDescriberInterfaceERKSA_
FNDA:0,_ZN7testing8internal11MatcherBaseIRKSt17basic_string_viewIcSt11char_traitsIcEEE16GetDescriberImplINS8_11ValuePolicyINS0_9EqMatcherINSt7__cxx1112basic_stringIcS4_SaIcEEEEELb0EEEEEPKNS_25MatcherDescriberInterfaceERKS8_
FNDA:0,_ZN7testing8internal11MatcherBaseISt17basic_string_viewIcSt11char_traitsIcEEE16GetDescriberImplINS6_11ValuePolicyINS0_9EqMatcherINSt7__cxx1112basic_stringIcS4_SaIcEEEEELb0EEEEEPKNS_25MatcherDescriberInterfaceERKS6_
FNDA:0,_ZN7testing8internal11MatcherBaseINSt7__cxx1112basic_stringIcSt11char_traitsIcESaIcEEEE9GetVTableINS8_11ValuePolicyINS0_9EqMatcherIS7_EELb0EEEEEPKNS8_6VTableEv
FNDA:0,_ZN7testing8internal11MatcherBaseIRKNSt7__cxx1112basic_stringIcSt11char_traitsIcESaIcEEEE9GetVTableINSA_11ValuePolicyINS0_9EqMatcherIS7_EELb0EEEEEPKNSA_6VTableEv
FNDA:0,_ZN7testing8internal11MatcherBaseIRKSt17basic_string_viewIcSt11char_traitsIcEEE9GetVTableINS8_11ValuePolicyINS0_9EqMatcherINSt7__cxx1112basic_stringIcS4_SaIcEEEEELb0EEEEEPKNS8_6VTableEv
FNDA:0,_ZN7testing8internal11MatcherBaseISt17basic_string_viewIcSt11char_traitsIcEEE9GetVTableINS6_11ValuePolicyINS0_9EqMatcherINSt7__cxx1112basic_stringIcS4_SaIcEEEEELb0EEEEEPKNS6_6VTableEv
FNDA:0,_ZN7testing8internal11MatcherBaseINSt7__cxx1112basic_stringIcSt11char_traitsIcESaIcEEEE7DestroyEv
FNDA:0,_ZN7testing8internal11MatcherBaseIRKNSt7__cxx1112basic_stringIcSt11char_traitsIcESaIcEEEE7DestroyEv
FNDA:0,_ZN7testing8internal11MatcherBaseIRKSt17basic_string_viewIcSt11char_traitsIcEEE7DestroyEv
FNDA:0,_ZN7testing8internal11MatcherBaseISt17basic_string_viewIcSt11char_traitsIcEEE7DestroyEv
FNDA:0,_ZN7testing8internal11MatcherBaseINSt7__cxx1112basic_stringIcSt11char_traitsIcESaIcEEEE11ValuePolicyINS0_9EqMatcherIS7_EELb0EE3GetERKS8_
FNDA:0,_ZN7testing8internal11MatcherBaseIRKNSt7__cxx1112basic_stringIcSt11char_traitsIcESaIcEEEE11ValuePolicyINS0_9EqMatcherIS7_EELb0EE3GetERKSA_
FNDA:0,_ZN7testing8internal11MatcherBaseIRKSt17basic_string_viewIcSt11char_traitsIcEEE11ValuePolicyINS0_9EqMatcherINSt7__cxx1112basic_stringIcS4_SaIcEEEEELb0EE3GetERKS8_
FNDA:0,_ZN7testing8internal11MatcherBaseISt17basic_string_viewIcSt11char_traitsIcEEE11ValuePolicyINS0_9EqMatcherINSt7__cxx1112basic_stringIcS4_SaIcEEEEELb0EE3GetERKS6_
FNDA:0,_ZN7testing8internal11MatcherBaseINSt7__cxx1112basic_stringIcSt11char_traitsIcESaIcEEEE11ValuePolicyINS0_9EqMatcherIS7_EELb0EE4InitISB_EEvRS8_OT_
FNDA:0,_ZN7testing8internal11MatcherBaseIRKNSt7__cxx1112basic_stringIcSt11char_traitsIcESaIcEEEE11ValuePolicyINS0_9EqMatcherIS7_EELb0EE4InitISD_EEvRSA_OT_
FNDA:0,_ZN7testing8internal11MatcherBaseIRKSt17basic_string_viewIcSt11char_traitsIcEEE11ValuePolicyINS0_9EqMatcherINSt7__cxx1112basic_stringIcS4_SaIcEEEEELb0EE4InitISF_EEvRS8_OT_
FNDA:0,_ZN7testing8internal11MatcherBaseISt17basic_string_viewIcSt11char_traitsIcEEE11ValuePolicyINS0_9EqMatcherINSt7__cxx1112basic_stringIcS4_SaIcEEEEELb0EE4InitISD_EEvRS6_OT_
FNDA:0,_ZN7testing8internal11MatcherBaseINSt7__cxx1112basic_stringIcSt11char_traitsIcESaIcEEEE4InitINS0_9EqMatcherIS7_EEEEvOT_
FNDA:0,_ZN7testing8internal11MatcherBaseIRKNSt7__cxx1112basic_stringIcSt11char_traitsIcESaIcEEEE4InitINS0_9EqMatcherIS7_EEEEvOT_
FNDA:0,_ZN7testing8internal11MatcherBaseIRKSt17basic_string_viewIcSt11char_traitsIcEEE4InitINS0_9EqMatcherINSt7__cxx1112basic_stringIcS4_SaIcEEEEEEEvOT_
FNDA:0,_ZN7testing8internal11MatcherBaseISt17basic_string_viewIcSt11char_traitsIcEEE4InitINS0_9EqMatcherINSt7__cxx1112basic_stringIcS4_SaIcEEEEEEEvOT_
FNDA:0,_ZN7testing7MatcherIRKNSt7__cxx1112basic_stringIcSt11char_traitsIcESaIcEEEEC2INS_8internal9EqMatcherIS6_EEvEEOT_
FNDA:0,_ZN7testing7MatcherINSt7__cxx1112basic_stringIcSt11char_traitsIcESaIcEEEEC2INS_8internal9EqMatcherIS6_EEvEEOT_
FNDA:0,_ZN7testing7MatcherIRKSt17basic_string_viewIcSt11char_traitsIcEEEC2INS_8internal9EqMatcherINSt7__cxx1112basic_stringIcS3_SaIcEEEEEvEEOT_
FNDA:0,_ZN7testing7MatcherISt17basic_string_viewIcSt11char_traitsIcEEEC2INS_8internal9EqMatcherINSt7__cxx1112basic_stringIcS3_SaIcEEEEEvEEOT_
FNDA:0,_ZN7testing8internal14ComparisonBaseINS0_9EqMatcherINSt7__cxx1112basic_stringIcSt11char_traitsIcESaIcEEEEES8_St8equal_toIvEEC2ERKS8_
FNDA:0,_ZNK7testing8internal14ComparisonBaseINS0_9EqMatcherINSt7__cxx1112basic_stringIcSt11char_traitsIcESaIcEEEEES8_St8equal_toIvEE15MatchAndExplainIS8_EEbRKT_PSo
FNDA:0,_ZNK7testing8internal14ComparisonBaseINS0_9EqMatcherINSt7__cxx1112basic_stringIcSt11char_traitsIcESaIcEEEEES8_St8equal_toIvEE15MatchAndExplainISt17basic_string_viewIcS6_EEEbRKT_PSo
FNDA:0,_ZNK7testing8internal14ComparisonBaseINS0_9EqMatcherINSt7__cxx1112basic_stringIcSt11char_traitsIcESaIcEEEEES8_St8equal_toIvEE10DescribeToEPSo
FNDA:0,_ZNK7testing8internal14ComparisonBaseINS0_9EqMatcherINSt7__cxx1112basic_stringIcSt11char_traitsIcESaIcEEEEES8_St8equal_toIvEE18DescribeNegationToEPSo
FNDA:0,_ZN7testing8internal14ComparisonBaseINS0_9EqMatcherINSt7__cxx1112basic_stringIcSt11char_traitsIcESaIcEEEEES8_St8equal_toIvEE6UnwrapIS8_EERKT_SG_
FNDA:0,_ZN7testing8internal9EqMatcherINSt7__cxx1112basic_stringIcSt11char_traitsIcESaIcEEEEC2ERKS7_
FNDA:0,_ZN7testing8internal9EqMatcherINSt7__cxx1112basic_stringIcSt11char_traitsIcESaIcEEEE4DescEv
FNDA:0,_ZN7testing8internal9EqMatcherINSt7__cxx1112basic_stringIcSt11char_traitsIcESaIcEEEE11NegatedDescEv
FNDA:0,_ZN7testing19MatchResultListenerC2EPSo
FNDA:0,_ZN7testing2EqINSt7__cxx1112basic_stringIcSt11char_traitsIcESaIcEEEEENS_8internal9EqMatcherIT_EES9_
FNDA:0,_ZN7testing19MatchResultListener6streamEv
FNF:92
FNH:0
DA:83,0
DA:95,0
DA:110,0
DA:116,0
DA:131,0
DA:132,0
DA:133,0
DA:134,0
DA:135,0
DA:185,0
DA:209,0
DA:215,0
DA:217,0
DA:218,0
DA:219,0
DA:232,0
DA:233,0
DA:234,0
DA:238,0
DA:239,0
DA:240,0
DA:241,0
DA:244,0
DA:245,0
DA:246,0
DA:247,0
DA:250,0
DA:251,0
DA:252,0
DA:253,0
DA:270,0
DA:281,0
DA:282,0
DA:283,0
DA:299,0
DA:300,0
DA:301,0
DA:302,0
DA:304,0
DA:305,0
DA:306,0
DA:307,0
DA:308,0
DA:309,0
DA:310,0
DA:313,0
DA:327,0
DA:328,0
DA:333,0
DA:336,0
DA:347,0
DA:349,0
DA:350,0
DA:352,0
DA:354,0
DA:357,0
DA:369,0
DA:373,0
DA:377,0
DA:389,0
DA:390,0
DA:391,0
DA:393,0
DA:420,0
DA:421,0
DA:424,0
DA:425,0
DA:426,0
DA:445,0
DA:448,0
DA:449,0
DA:450,0
DA:504,0
DA:505,0
DA:528,0
DA:529,0
DA:554,0
DA:555,0
DA:556,0
DA:582,0
DA:583,0
DA:694,0
DA:699,0
DA:700,0
DA:702,0
DA:703,0
DA:704,0
DA:705,0
DA:706,0
DA:707,0
DA:708,0
DA:709,0
DA:713,0
DA:714,0
DA:727,0
DA:728,0
DA:729,0
DA:730,0
DA:862,0
DA:863,0
LF:100
LH:0
end_of_record
TN:
SF:/mnt/c/users/t470/desktop/funda/lab11/project2/build/_deps/googletest-src/googletest/include/gtest/gtest-message.h
FN:112,114,_ZN7testing7MessageC2ERKS0_
FN:132,150,_ZN7testing7MessagelsIA100_cEERS0_RKT_
FN:132,150,_ZN7testing7MessagelsIA106_cEERS0_RKT_
FN:132,150,_ZN7testing7MessagelsIA10_cEERS0_RKT_
FN:132,150,_ZN7testing7MessagelsIA11_cEERS0_RKT_
FN:132,150,_ZN7testing7MessagelsIA12_cEERS0_RKT_
FN:132,150,_ZN7testing7MessagelsIA13_cEERS0_RKT_
FN:132,150,_ZN7testing7MessagelsIA14_cEERS0_RKT_
FN:132,150,_ZN7testing7MessagelsIA15_cEERS0_RKT_
FN:132,150,_ZN7testing7MessagelsIA16_cEERS0_RKT_
FN:132,150,_ZN7testing7MessagelsIA17_cEERS0_RKT_
FN:132,150,_ZN7testing7MessagelsIA18_cEERS0_RKT_
FN:132,150,_ZN7testing7MessagelsIA19_cEERS0_RKT_
FN:132,150,_ZN7testing7MessagelsIA20_cEERS0_RKT_
FN:132,150,_ZN7testing7MessagelsIA21_cEERS0_RKT_
FN:132,150,_ZN7testing7MessagelsIA22_cEERS0_RKT_
FN:132,150,_ZN7testing7MessagelsIA24_cEERS0_RKT_
FN:132,150,_ZN7testing7MessagelsIA256_cEERS0_RKT_
FN:132,150,_ZN7testing7MessagelsIA25_cEERS0_RKT_
FN:132,150,_ZN7testing7MessagelsIA27_cEERS0_RKT_
FN:132,150,_ZN7testing7MessagelsIA28_cEERS0_RKT_
FN:132,150,_ZN7testing7MessagelsIA29_cEERS0_RKT_
FN:132,150,_ZN7testing7MessagelsIA2_cEERS0_RKT_
FN:132,150,_ZN7testing7MessagelsIA30_cEERS0_RKT_
FN:132,150,_ZN7testing7MessagelsIA32_cEERS0_RKT_
FN:132,150,_ZN7testing7MessagelsIA33_cEERS0_RKT_
FN:132,150,_ZN7testing7MessagelsIA35_cEERS0_RKT_
FN:132,150,_ZN7testing7MessagelsIA38_cEERS0_RKT_
FN:132,150,_ZN7testing7MessagelsIA39_cEERS0_RKT_
FN:132,150,_ZN7testing7MessagelsIA3_cEERS0_RKT_
FN:132,150,_ZN7testing7MessagelsIA40_cEERS0_RKT_
FN:132,150,_ZN7testing7MessagelsIA41_cEERS0_RKT_
FN:132,150,_ZN7testing7MessagelsIA47_cEERS0_RKT_
FN:132,150,_ZN7testing7MessagelsIA48_cEERS0_RKT_
FN:132,150,_ZN7testing7MessagelsIA4_cEERS0_RKT_
FN:132,150,_ZN7testing7MessagelsIA50_cEERS0_RKT_
FN:132,150,_ZN7testing7MessagelsIA51_cEERS0_RKT_
FN:132,150,_ZN7testing7MessagelsIA52_cEERS0_RKT_
FN:132,150,_ZN7testing7MessagelsIA53_cEERS0_RKT_
FN:132,150,_ZN7testing7MessagelsIA5_cEERS0_RKT_
FN:132,150,_ZN7testing7MessagelsIA60_cEERS0_RKT_
FN:132,150,_ZN7testing7MessagelsIA61_cEERS0_RKT_
FN:132,150,_ZN7testing7MessagelsIA62_cEERS0_RKT_
FN:132,150,_ZN7testing7MessagelsIA63_cEERS0_RKT_
FN:132,150,_ZN7testing7MessagelsIA65_cEERS0_RKT_
FN:132,150,_ZN7testing7MessagelsIA68_cEERS0_RKT_
FN:132,150,_ZN7testing7MessagelsIA6_cEERS0_RKT_
FN:132,150,_ZN7testing7MessagelsIA7_cEERS0_RKT_
FN:132,150,_ZN7testing7MessagelsIA8_cEERS0_RKT_
FN:132,150,_ZN7testing7MessagelsIA93_cEERS0_RKT_
FN:132,150,_ZN7testing7MessagelsIA9_cEERS0_RKT_
FN:132,150,_ZN7testing7MessagelsINS_14TestPartResultEEERS0_RKT_
FN:132,150,_ZN7testing7MessagelsINSt7__cxx1112basic_stringIcSt11char_traitsIcESaIcEEEEERS0_RKT_
FN:132,150,_ZN7testing7MessagelsIS0_EERS0_RKT_
FN:132,150,_ZN7testing7MessagelsIcEERS0_RKT_
FN:132,150,_ZN7testing7MessagelsIdEERS0_RKT_
FN:132,150,_ZN7testing7MessagelsIiEERS0_RKT_
FN:132,150,_ZN7testing7MessagelsIlEERS0_RKT_
FN:132,150,_ZN7testing7MessagelsImEERS0_RKT_
FN:182,189,_ZN7testing7MessagelsIKcEERS0_RKPT_
FN:182,189,_ZN7testing7MessagelsIcEERS0_RKPT_
FN:232,234,_ZN7testinglsERSoRKNS_7MessageE
FN:243,245,_ZN7testing8internal18StreamableToStringIPcEENSt7__cxx1112basic_stringIcSt11char_traitsIcESaIcEEERKT_
FN:243,245,_ZN7testing8internal18StreamableToStringIPwEENSt7__cxx1112basic_stringIcSt11char_traitsIcESaIcEEERKT_
FN:243,245,_ZN7testing8internal18StreamableToStringIiEENSt7__cxx1112basic_stringIcSt11char_traitsIcESaIcEEERKT_
FN:243,245,_ZN7testing8internal18StreamableToStringIlEENSt7__cxx1112basic_stringIcSt11char_traitsIcESaIcEEERKT_
FNDA:0,_ZN7testing7MessageC2ERKS0_
FNDA:0,_ZN7testing7MessagelsIA100_cEERS0_RKT_
FNDA:0,_ZN7testing7MessagelsIA106_cEERS0_RKT_
FNDA:0,_ZN7testing7MessagelsIA10_cEERS0_RKT_
FNDA:0,_ZN7testing7MessagelsIA11_cEERS0_RKT_
FNDA:0,_ZN7testing7MessagelsIA12_cEERS0_RKT_
FNDA:0,_ZN7testing7MessagelsIA13_cEERS0_RKT_
FNDA:0,_ZN7testing7MessagelsIA14_cEERS0_RKT_
FNDA:0,_ZN7testing7MessagelsIA15_cEERS0_RKT_
FNDA:0,_ZN7testing7MessagelsIA16_cEERS0_RKT_
FNDA:0,_ZN7testing7MessagelsIA17_cEERS0_RKT_
FNDA:0,_ZN7testing7MessagelsIA18_cEERS0_RKT_
FNDA:0,_ZN7testing7MessagelsIA19_cEERS0_RKT_
FNDA:0,_ZN7testing7MessagelsIA20_cEERS0_RKT_
FNDA:0,_ZN7testing7MessagelsIA21_cEERS0_RKT_
FNDA:0,_ZN7testing7MessagelsIA22_cEERS0_RKT_
FNDA:0,_ZN7testing7MessagelsIA24_cEERS0_RKT_
FNDA:0,_ZN7testing7MessagelsIA256_cEERS0_RKT_
FNDA:0,_ZN7testing7MessagelsIA25_cEERS0_RKT_
FNDA:0,_ZN7testing7MessagelsIA27_cEERS0_RKT_
FNDA:0,_ZN7testing7MessagelsIA28_cEERS0_RKT_
FNDA:0,_ZN7testing7MessagelsIA29_cEERS0_RKT_
FNDA:0,_ZN7testing7MessagelsIA2_cEERS0_RKT_
FNDA:0,_ZN7testing7MessagelsIA30_cEERS0_RKT_
FNDA:0,_ZN7testing7MessagelsIA32_cEERS0_RKT_
FNDA:0,_ZN7testing7MessagelsIA33_cEERS0_RKT_
FNDA:0,_ZN7testing7MessagelsIA35_cEERS0_RKT_
FNDA:0,_ZN7testing7MessagelsIA38_cEERS0_RKT_
FNDA:0,_ZN7testing7MessagelsIA39_cEERS0_RKT_
FNDA:0,_ZN7testing7MessagelsIA3_cEERS0_RKT_
FNDA:0,_ZN7testing7MessagelsIA40_cEERS0_RKT_
FNDA:0,_ZN7testing7MessagelsIA41_cEERS0_RKT_
FNDA:0,_ZN7testing7MessagelsIA47_cEERS0_RKT_
FNDA:0,_ZN7testing7MessagelsIA48_cEERS0_RKT_
FNDA:0,_ZN7testing7MessagelsIA4_cEERS0_RKT_
FNDA:0,_ZN7testing7MessagelsIA50_cEERS0_RKT_
FNDA:0,_ZN7testing7MessagelsIA51_cEERS0_RKT_
FNDA:0,_ZN7testing7MessagelsIA52_cEERS0_RKT_
FNDA:0,_ZN7testing7MessagelsIA53_cEERS0_RKT_
FNDA:0,_ZN7testing7MessagelsIA5_cEERS0_RKT_
FNDA:0,_ZN7testing7MessagelsIA60_cEERS0_RKT_
FNDA:0,_ZN7testing7MessagelsIA61_cEERS0_RKT_
FNDA:0,_ZN7testing7MessagelsIA62_cEERS0_RKT_
FNDA:0,_ZN7testing7MessagelsIA63_cEERS0_RKT_
FNDA:0,_ZN7testing7MessagelsIA65_cEERS0_RKT_
FNDA:0,_ZN7testing7MessagelsIA68_cEERS0_RKT_
FNDA:0,_ZN7testing7MessagelsIA6_cEERS0_RKT_
FNDA:21,_ZN7testing7MessagelsIA7_cEERS0_RKT_
FNDA:0,_ZN7testing7MessagelsIA8_cEERS0_RKT_
FNDA:0,_ZN7testing7MessagelsIA93_cEERS0_RKT_
FNDA:0,_ZN7testing7MessagelsIA9_cEERS0_RKT_
FNDA:0,_ZN7testing7MessagelsINS_14TestPartResultEEERS0_RKT_
FNDA:0,_ZN7testing7MessagelsINSt7__cxx1112basic_stringIcSt11char_traitsIcESaIcEEEEERS0_RKT_
FNDA:0,_ZN7testing7MessagelsIS0_EERS0_RKT_
FNDA:414,_ZN7testing7MessagelsIcEERS0_RKT_
FNDA:0,_ZN7testing7MessagelsIdEERS0_RKT_
FNDA:7,_ZN7testing7MessagelsIiEERS0_RKT_
FNDA:19,_ZN7testing7MessagelsIlEERS0_RKT_
FNDA:0,_ZN7testing7MessagelsImEERS0_RKT_
FNDA:21,_ZN7testing7MessagelsIKcEERS0_RKPT_
FNDA:1,_ZN7testing7MessagelsIcEERS0_RKPT_
FNDA:0,_ZN7testinglsERSoRKNS_7MessageE
FNDA:1,_ZN7testing8internal18StreamableToStringIPcEENSt7__cxx1112basic_stringIcSt11char_traitsIcESaIcEEERKT_
FNDA:0,_ZN7testing8internal18StreamableToStringIPwEENSt7__cxx1112basic_stringIcSt11char_traitsIcESaIcEEERKT_
FNDA:7,_ZN7testing8internal18StreamableToStringIiEENSt7__cxx1112basic_stringIcSt11char_traitsIcESaIcEEERKT_
FNDA:19,_ZN7testing8internal18StreamableToStringIlEENSt7__cxx1112basic_stringIcSt11char_traitsIcESaIcEEERKT_
FNF:66
FNH:9
DA:112,0
DA:113,0
DA:114,0
DA:132,461
DA:148,461
DA:149,461
DA:182,22
DA:183,22
DA:184,0
DA:186,22
DA:188,22
DA:232,0
DA:233,0
DA:243,27
DA:244,54
LF:15
LH:9
end_of_record
TN:
SF:/mnt/c/users/t470/desktop/funda/lab11/project2/build/_deps/googletest-src/googletest/include/gtest/gtest-printers.h
FN:1017,1023,_ZN7testing8internal21UniversalTersePrinterIPKcE5PrintES3_PSo
FN:1080,1086,_ZN7testing8internal21UniversalTersePrinterIPKwE5PrintES3_PSo
FN:1108,1113,_ZN7testing8internal14UniversalPrintINSt7__cxx1112basic_stringIcSt11char_traitsIcESaIcEEEEEvRKT_PSo
FN:1108,1113,_ZN7testing8internal14UniversalPrintINSt7__cxx1112basic_stringIwSt11char_traitsIwESaIwEEEEEvRKT_PSo
FN:1108,1113,_ZN7testing8internal14UniversalPrintISt6vectorIiSaIiEEEEvRKT_PSo
FN:1108,1113,_ZN7testing8internal14UniversalPrintIiEEvRKT_PSo
FN:1108,1113,_ZN7testing8internal14UniversalPrintImEEvRKT_PSo
FN:1148,1152,_ZN7testing13PrintToStringIPKcEENSt7__cxx1112basic_stringIcSt11char_traitsIcESaIcEEERKT_
FN:1148,1152,_ZN7testing13PrintToStringIPKwEENSt7__cxx1112basic_stringIcSt11char_traitsIcESaIcEEERKT_
FN:1148,1152,_ZN7testing13PrintToStringISt6vectorIiSaIiEEEENSt7__cxx1112basic_stringIcSt11char_traitsIcESaIcEEERKT_
FN:1148,1152,_ZN7testing13PrintToStringIiEENSt7__cxx1112basic_stringIcSt11char_traitsIcESaIcEEERKT_
FN:1148,1152,_ZN7testing13PrintToStringImEENSt7__cxx1112basic_stringIcSt11char_traitsIcESaIcEEERKT_
FN:141,164,_ZN7testing8internal16ContainerPrinter10PrintValueISt6vectorIiSaIiEEvEEvRKT_PSo
FN:221,226,_ZN7testing8internal52internal_stream_operator_without_lexical_name_lookup13StreamPrinter10PrintValueIivEEDTcvvlsdefp0_fp_ERKT_PSo
FN:221,226,_ZN7testing8internal52internal_stream_operator_without_lexical_name_lookup13StreamPrinter10PrintValueImvEEDTcvvlsdefp0_fp_ERKT_PSo
FN:326,337,_ZN7testing8internal17PrintWithFallbackISt6vectorIiSaIiEEEEvRKT_PSo
FN:326,337,_ZN7testing8internal17PrintWithFallbackIiEEvRKT_PSo
FN:326,337,_ZN7testing8internal17PrintWithFallbackImEEvRKT_PSo
FN:357,359,_ZN7testing8internal19FormatForComparisonISt6vectorIiSaIiEES4_E6FormatB5cxx11ERKS4_
FN:357,359,_ZN7testing8internal19FormatForComparisonIiiE6FormatB5cxx11ERKi
FN:357,359,_ZN7testing8internal19FormatForComparisonIimE6FormatB5cxx11ERKi
FN:357,359,_ZN7testing8internal19FormatForComparisonImiE6FormatB5cxx11ERKm
FN:437,440,_ZN7testing8internal33FormatForComparisonFailureMessageISt6vectorIiSaIiEES4_EENSt7__cxx1112basic_stringIcSt11char_traitsIcESaIcEEERKT_RKT0_
FN:437,440,_ZN7testing8internal33FormatForComparisonFailureMessageIiiEENSt7__cxx1112basic_stringIcSt11char_traitsIcESaIcEEERKT_RKT0_
FN:437,440,_ZN7testing8internal33FormatForComparisonFailureMessageIimEENSt7__cxx1112basic_stringIcSt11char_traitsIcESaIcEEERKT_RKT0_
FN:437,440,_ZN7testing8internal33FormatForComparisonFailureMessageImiEENSt7__cxx1112basic_stringIcSt11char_traitsIcESaIcEEERKT_RKT0_
FN:464,466,_ZN7testing8internal7PrintToISt6vectorIiSaIiEEEEvRKT_PSo
FN:464,466,_ZN7testing8internal7PrintToIiEEvRKT_PSo
FN:464,466,_ZN7testing8internal7PrintToImEEvRKT_PSo
FN:660,662,_ZN7testing8internal7PrintToERKNSt7__cxx1112basic_stringIcSt11char_traitsIcESaIcEEEPSo
FN:687,689,_ZN7testing8internal7PrintToERKNSt7__cxx1112basic_stringIwSt11char_traitsIwESaIwEEEPSo
FN:799,809,_ZN7testing8internal16UniversalPrinterINSt7__cxx1112basic_stringIcSt11char_traitsIcESaIcEEEE5PrintERKS7_PSo
FN:799,809,_ZN7testing8internal16UniversalPrinterINSt7__cxx1112basic_stringIwSt11char_traitsIwESaIwEEEE5PrintERKS7_PSo
FN:799,809,_ZN7testing8internal16UniversalPrinterISt6vectorIiSaIiEEE5PrintERKS4_PSo
FN:799,809,_ZN7testing8internal16UniversalPrinterIiE5PrintERKiPSo
FN:799,809,_ZN7testing8internal16UniversalPrinterImE5PrintERKmPSo
FN:989,991,_ZN7testing8internal21UniversalTersePrinterISt6vectorIiSaIiEEE5PrintERKS4_PSo
FN:989,991,_ZN7testing8internal21UniversalTersePrinterIiE5PrintERKiPSo
FN:989,991,_ZN7testing8internal21UniversalTersePrinterImE5PrintERKmPSo
FNDA:0,_ZN7testing8internal21UniversalTersePrinterIPKcE5PrintES3_PSo
FNDA:0,_ZN7testing8internal21UniversalTersePrinterIPKwE5PrintES3_PSo
FNDA:0,_ZN7testing8internal14UniversalPrintINSt7__cxx1112basic_stringIcSt11char_traitsIcESaIcEEEEEvRKT_PSo
FNDA:0,_ZN7testing8internal14UniversalPrintINSt7__cxx1112basic_stringIwSt11char_traitsIwESaIwEEEEEvRKT_PSo
FNDA:0,_ZN7testing8internal14UniversalPrintISt6vectorIiSaIiEEEEvRKT_PSo
FNDA:0,_ZN7testing8internal14UniversalPrintIiEEvRKT_PSo
FNDA:0,_ZN7testing8internal14UniversalPrintImEEvRKT_PSo
FNDA:0,_ZN7testing13PrintToStringIPKcEENSt7__cxx1112basic_stringIcSt11char_traitsIcESaIcEEERKT_
FNDA:0,_ZN7testing13PrintToStringIPKwEENSt7__cxx1112basic_stringIcSt11char_traitsIcESaIcEEERKT_
FNDA:0,_ZN7testing13PrintToStringISt6vectorIiSaIiEEEENSt7__cxx1112basic_stringIcSt11char_traitsIcESaIcEEERKT_
FNDA:0,_ZN7testing13PrintToStringIiEENSt7__cxx1112basic_stringIcSt11char_traitsIcESaIcEEERKT_
FNDA:0,_ZN7testing13PrintToStringImEENSt7__cxx1112basic_stringIcSt11char_traitsIcESaIcEEERKT_
FNDA:0,_ZN7testing8internal16ContainerPrinter10PrintValueISt6vectorIiSaIiEEvEEvRKT_PSo
FNDA:0,_ZN7testing8internal52internal_stream_operator_without_lexical_name_lookup13StreamPrinter10PrintValueIivEEDTcvvlsdefp0_fp_ERKT_PSo
FNDA:0,_ZN7testing8internal52internal_stream_operator_without_lexical_name_lookup13StreamPrinter10PrintValueImvEEDTcvvlsdefp0_fp_ERKT_PSo
FNDA:0,_ZN7testing8internal17PrintWithFallbackISt6vectorIiSaIiEEEEvRKT_PSo
FNDA:0,_ZN7testing8internal17PrintWithFallbackIiEEvRKT_PSo
FNDA:0,_ZN7testing8internal17PrintWithFallbackImEEvRKT_PSo
FNDA:0,_ZN7testing8internal19FormatForComparisonISt6vectorIiSaIiEES4_E6FormatB5cxx11ERKS4_
FNDA:0,_ZN7testing8internal19FormatForComparisonIiiE6FormatB5cxx11ERKi
FNDA:0,_ZN7testing8internal19FormatForComparisonIimE6FormatB5cxx11ERKi
FNDA:0,_ZN7testing8internal19FormatForComparisonImiE6FormatB5cxx11ERKm
FNDA:0,_ZN7testing8internal33FormatForComparisonFailureMessageISt6vectorIiSaIiEES4_EENSt7__cxx1112basic_stringIcSt11char_traitsIcESaIcEEERKT_RKT0_
FNDA:0,_ZN7testing8internal33FormatForComparisonFailureMessageIiiEENSt7__cxx1112basic_stringIcSt11char_traitsIcESaIcEEERKT_RKT0_
FNDA:0,_ZN7testing8internal33FormatForComparisonFailureMessageIimEENSt7__cxx1112basic_stringIcSt11char_traitsIcESaIcEEERKT_RKT0_
FNDA:0,_ZN7testing8internal33FormatForComparisonFailureMessageImiEENSt7__cxx1112basic_stringIcSt11char_traitsIcESaIcEEERKT_RKT0_
FNDA:0,_ZN7testing8internal7PrintToISt6vectorIiSaIiEEEEvRKT_PSo
FNDA:0,_ZN7testing8internal7PrintToIiEEvRKT_PSo
FNDA:0,_ZN7testing8internal7PrintToImEEvRKT_PSo
FNDA:0,_ZN7testing8internal7PrintToERKNSt7__cxx1112basic_stringIcSt11char_traitsIcESaIcEEEPSo
FNDA:0,_ZN7testing8internal7PrintToERKNSt7__cxx1112basic_stringIwSt11char_traitsIwESaIwEEEPSo
FNDA:0,_ZN7testing8internal16UniversalPrinterINSt7__cxx1112basic_stringIcSt11char_traitsIcESaIcEEEE5PrintERKS7_PSo
FNDA:0,_ZN7testing8internal16UniversalPrinterINSt7__cxx1112basic_stringIwSt11char_traitsIwESaIwEEEE5PrintERKS7_PSo
FNDA:0,_ZN7testing8internal16UniversalPrinterISt6vectorIiSaIiEEE5PrintERKS4_PSo
FNDA:0,_ZN7testing8internal16UniversalPrinterIiE5PrintERKiPSo
FNDA:0,_ZN7testing8internal16UniversalPrinterImE5PrintERKmPSo
FNDA:0,_ZN7testing8internal21UniversalTersePrinterISt6vectorIiSaIiEEE5PrintERKS4_PSo
FNDA:0,_ZN7testing8internal21UniversalTersePrinterIiE5PrintERKiPSo
FNDA:0,_ZN7testing8internal21UniversalTersePrinterImE5PrintERKmPSo
FNF:39
FNH:0
DA:141,0
DA:142,0
DA:143,0
DA:144,0
DA:145,0
DA:146,0
DA:147,0
DA:148,0
DA:149,0
DA:150,0
DA:153,0
DA:156,0
DA:157,0
DA:160,0
DA:161,0
DA:163,0
DA:164,0
DA:221,0
DA:225,0
DA:226,0
DA:326,0
DA:336,0
DA:337,0
DA:357,0
DA:358,0
DA:437,0
DA:439,0
DA:464,0
DA:465,0
DA:466,0
DA:660,0
DA:661,0
DA:662,0
DA:687,0
DA:688,0
DA:689,0
DA:799,0
DA:808,0
DA:809,0
DA:989,0
DA:990,0
DA:991,0
DA:1017,0
DA:1018,0
DA:1019,0
DA:1021,0
DA:1023,0
DA:1080,0
DA:1081,0
DA:1082,0
DA:1084,0
DA:1086,0
DA:1108,0
DA:1112,0
DA:1113,0
DA:1148,0
DA:1149,0
DA:1150,0
DA:1151,0
DA:1152,0
LF:60
LH:0
end_of_record
TN:
SF:/mnt/c/users/t470/desktop/funda/lab11/project2/build/_deps/googletest-src/googletest/include/gtest/gtest-test-part.h
FN:102,102,_ZNK7testing14TestPartResult17nonfatally_failedEv
FN:105,105,_ZNK7testing14TestPartResult14fatally_failedEv
FN:108,108,_ZNK7testing14TestPartResult6failedEv
FN:157,157,_ZN7testing31TestPartResultReporterInterfaceD0Ev
FN:157,157,_ZN7testing31TestPartResultReporterInterfaceD2Ev
FN:68,74,_ZN7testing14TestPartResultC2ENS0_4TypeEPKciS3_
FN:77,77,_ZNK7testing14TestPartResult4typeEv
FN:81,83,_ZNK7testing14TestPartResult9file_nameEv
FN:87,87,_ZNK7testing14TestPartResult11line_numberEv
FN:90,90,_ZNK7testing14TestPartResult7summaryEv
FN:93,93,_ZNK7testing14TestPartResult7messageEv
FN:96,96,_ZNK7testing14TestPartResult7skippedEv
FNDA:0,_ZNK7testing14TestPartResult17nonfatally_failedEv
FNDA:0,_ZNK7testing14TestPartResult14fatally_failedEv
FNDA:0,_ZNK7testing14TestPartResult6failedEv
FNDA:0,_ZN7testing31TestPartResultReporterInterfaceD0Ev
FNDA:2,_ZN7testing31TestPartResultReporterInterfaceD2Ev
FNDA:0,_ZN7testing14TestPartResultC2ENS0_4TypeEPKciS3_
FNDA:0,_ZNK7testing14TestPartResult4typeEv
FNDA:0,_ZNK7testing14TestPartResult9file_nameEv
FNDA:0,_ZNK7testing14TestPartResult11line_numberEv
FNDA:0,_ZNK7testing14TestPartResult7summaryEv
FNDA:0,_ZNK7testing14TestPartResult7messageEv
FNDA:0,_ZNK7testing14TestPartResult7skippedEv
FNF:12
FNH:1
DA:68,0
DA:70,0
DA:71,0
DA:72,0
DA:73,0
DA:74,0
DA:77,0
DA:81,0
DA:82,0
DA:87,0
DA:90,0
DA:93,0
DA:96,0
DA:102,0
DA:105,0
DA:108,0
DA:157,2
LF:17
LH:1
end_of_record
TN:
SF:/mnt/c/users/t470/desktop/funda/lab11/project2/build/_deps/googletest-src/googletest/include/gtest/gtest.h
FN:1000,1000,_ZN7testing22EmptyTestEventListener16OnTestSuiteStartERKNS_9TestSuiteE
FN:1003,1003,_ZN7testing22EmptyTestEventListener15OnTestCaseStartERKNS_9TestSuiteE
FN:1006,1006,_ZN7testing22EmptyTestEventListener11OnTestStartERKNS_8TestInfoE
FN:1007,1007,_ZN7testing22EmptyTestEventListener14OnTestDisabledERKNS_8TestInfoE
FN:1008,1008,_ZN7testing22EmptyTestEventListener16OnTestPartResultERKNS_14TestPartResultE
FN:1009,1009,_ZN7testing22EmptyTestEventListener9OnTestEndERKNS_8TestInfoE
FN:1010,1010,_ZN7testing22EmptyTestEventListener14OnTestSuiteEndERKNS_9TestSuiteE
FN:1012,1012,_ZN7testing22EmptyTestEventListener13OnTestCaseEndERKNS_9TestSuiteE
FN:1015,1015,_ZN7testing22EmptyTestEventListener27OnEnvironmentsTearDownStartERKNS_8UnitTestE
FN:1016,1016,_ZN7testing22EmptyTestEventListener25OnEnvironmentsTearDownEndERKNS_8UnitTestE
FN:1017,1018,_ZN7testing22EmptyTestEventListener18OnTestIterationEndERKNS_8UnitTestEi
FN:1019,1019,_ZN7testing22EmptyTestEventListener16OnTestProgramEndERKNS_8UnitTestE
FN:1267,1267,_ZN7testing8UnitTest4implEv
FN:1268,1268,_ZNK7testing8UnitTest4implEv
FN:1359,1365,_ZN7testing8internal18CmpHelperEQFailureISt6vectorIiSaIiEES4_EENS_15AssertionResultEPKcS7_RKT_RKT0_
FN:1359,1365,_ZN7testing8internal18CmpHelperEQFailureIiiEENS_15AssertionResultEPKcS4_RKT_RKT0_
FN:1359,1365,_ZN7testing8internal18CmpHelperEQFailureImiEENS_15AssertionResultEPKcS4_RKT_RKT0_
FN:1376,1384,_ZN7testing8internal11CmpHelperEQISt6vectorIiSaIiEES4_EENS_15AssertionResultEPKcS7_RKT_RKT0_
FN:1376,1384,_ZN7testing8internal11CmpHelperEQIiiEENS_15AssertionResultEPKcS4_RKT_RKT0_
FN:1376,1384,_ZN7testing8internal11CmpHelperEQImiEENS_15AssertionResultEPKcS4_RKT_RKT0_
FN:1395,1399,_ZN7testing8internal8EqHelper7CompareISt6vectorIiSaIiEES5_LPv0EEENS_15AssertionResultEPKcS9_RKT_RKT0_
FN:1395,1399,_ZN7testing8internal8EqHelper7CompareIiiLPv0EEENS_15AssertionResultEPKcS6_RKT_RKT0_
FN:1395,1399,_ZN7testing8internal8EqHelper7CompareImiLPv0EEENS_15AssertionResultEPKcS6_RKT_RKT0_
FN:1617,1619,_ZN7testing8internal12AssertHelper16AssertHelperDataC2ENS_14TestPartResult4TypeEPKciS6_
FN:2283,2303,_ZN7testing12RegisterTestIJEZNS_8internal23InsertSyntheticTestCaseERKNSt7__cxx1112basic_stringIcSt11char_traitsIcESaIcEEENS1_12CodeLocationEbEUlvE_EEPNS_8TestInfoEPKcSF_SF_SF_SF_iT0_
FN:2283,2303,_ZN7testing12RegisterTestIJEZNS_8internal34TypeParameterizedTestSuiteRegistry22CheckForInstantiationsEvEUlvE_EEPNS_8TestInfoEPKcS7_S7_S7_S7_iT0_
FN:2290,2290,_ZZN7testing12RegisterTestIJEZNS_8internal23InsertSyntheticTestCaseERKNSt7__cxx1112basic_stringIcSt11char_traitsIcESaIcEEENS1_12CodeLocationEbEUlvE_EEPNS_8TestInfoEPKcSF_SF_SF_SF_iT0_EN11FactoryImplC2ESB_
FN:2290,2290,_ZZN7testing12RegisterTestIJEZNS_8internal34TypeParameterizedTestSuiteRegistry22CheckForInstantiationsEvEUlvE_EEPNS_8TestInfoEPKcS7_S7_S7_S7_iT0_EN11FactoryImplC2ES3_
FN:2291,2291,_ZZN7testing12RegisterTestIJEZNS_8internal23InsertSyntheticTestCaseERKNSt7__cxx1112basic_stringIcSt11char_traitsIcESaIcEEENS1_12CodeLocationEbEUlvE_EEPNS_8TestInfoEPKcSF_SF_SF_SF_iT0_EN11FactoryImpl10CreateTestEv
FN:2291,2291,_ZZN7testing12RegisterTestIJEZNS_8internal34TypeParameterizedTestSuiteRegistry22CheckForInstantiationsEvEUlvE_EEPNS_8TestInfoEPKcS7_S7_S7_S7_iT0_EN11FactoryImpl10CreateTestEv
FN:2317,2317,_Z13RUN_ALL_TESTSv
FN:256,256,_ZN7testing4Test14SetUpTestSuiteEv
FN:264,264,_ZN7testing4Test17TearDownTestSuiteEv
FN:269,269,_ZN7testing4Test16TearDownTestCaseEv
FN:270,270,_ZN7testing4Test13SetUpTestCaseEv
FN:336,336,_ZN7testing4Test11DeleteSelf_Ev
FN:357,357,_ZN7testing4Test5SetupEv
FN:375,376,_ZN7testing12TestPropertyC2ERKNSt7__cxx1112basic_stringIcSt11char_traitsIcESaIcEEES8_
FN:379,379,_ZNK7testing12TestProperty3keyEv
FN:382,382,_ZNK7testing12TestProperty5valueEv
FN:385,385,_ZN7testing12TestProperty8SetValueERKNSt7__cxx1112basic_stringIcSt11char_traitsIcESaIcEEE
FN:416,416,_ZNK7testing10TestResult6PassedEv
FN:431,431,_ZNK7testing10TestResult12elapsed_timeEv
FN:435,435,_ZNK7testing10TestResult15start_timestampEv
FN:468,468,_ZN7testing10TestResult19set_start_timestampEl
FN:471,471,_ZN7testing10TestResult16set_elapsed_timeEl
FN:492,492,_ZNK7testing10TestResult16death_test_countEv
FN:495,495,_ZN7testing10TestResult26increment_death_test_countEv
FN:541,541,_ZNK7testing8TestInfo15test_suite_nameEv
FN:549,549,_ZNK7testing8TestInfo4nameEv
FN:553,556,_ZNK7testing8TestInfo10type_paramEv
FN:560,563,_ZNK7testing8TestInfo11value_paramEv
FN:566,566,_ZNK7testing8TestInfo4fileEv
FN:569,569,_ZNK7testing8TestInfo4lineEv
FN:572,572,_ZNK7testing8TestInfo19is_in_another_shardEv
FN:590,590,_ZNK7testing8TestInfo10should_runEv
FN:593,597,_ZNK7testing8TestInfo13is_reportableEv
FN:600,600,_ZNK7testing8TestInfo6resultEv
FN:628,630,_ZN7testing8TestInfo26increment_death_test_countEv
FN:639,641,_ZN7testing8TestInfo15ClearTestResultEPS0_
FN:695,695,_ZNK7testing9TestSuite4nameEv
FN:699,702,_ZNK7testing9TestSuite10type_paramEv
FN:705,705,_ZNK7testing9TestSuite10should_runEv
FN:732,732,_ZNK7testing9TestSuite6PassedEv
FN:735,737,_ZNK7testing9TestSuite6FailedEv
FN:740,740,_ZNK7testing9TestSuite12elapsed_timeEv
FN:744,744,_ZNK7testing9TestSuite15start_timestampEv
FN:752,752,_ZNK7testing9TestSuite18ad_hoc_test_resultEv
FN:759,759,_ZN7testing9TestSuite14test_info_listEv
FN:762,764,_ZNK7testing9TestSuite14test_info_listEv
FN:771,771,_ZN7testing9TestSuite14set_should_runEb
FN:781,783,_ZN7testing9TestSuite20ClearTestSuiteResultEPS0_
FN:793,797,_ZN7testing9TestSuite17RunSetUpTestSuiteEv
FN:801,805,_ZN7testing9TestSuite20RunTearDownTestSuiteEv
FN:808,810,_ZN7testing9TestSuite10TestPassedEPKNS_8TestInfoE
FN:813,815,_ZN7testing9TestSuite11TestSkippedEPKNS_8TestInfoE
FN:818,820,_ZN7testing9TestSuite10TestFailedEPKNS_8TestInfoE
FN:824,826,_ZN7testing9TestSuite22TestReportableDisabledEPKNS_8TestInfoE
FN:829,831,_ZN7testing9TestSuite12TestDisabledEPKNS_8TestInfoE
FN:834,836,_ZN7testing9TestSuite14TestReportableEPKNS_8TestInfoE
FN:839,841,_ZN7testing9TestSuite13ShouldRunTestEPKNS_8TestInfoE
FN:928,928,_ZN7testing17TestEventListenerD0Ev
FN:928,928,_ZN7testing17TestEventListenerD2Ev
FN:946,946,_ZN7testing17TestEventListener16OnTestSuiteStartERKNS_9TestSuiteE
FN:950,950,_ZN7testing17TestEventListener15OnTestCaseStartERKNS_9TestSuiteE
FN:957,957,_ZN7testing17TestEventListener14OnTestDisabledERKNS_8TestInfoE
FN:968,968,_ZN7testing17TestEventListener14OnTestSuiteEndERKNS_9TestSuiteE
FN:972,972,_ZN7testing17TestEventListener13OnTestCaseEndERKNS_9TestSuiteE
FN:995,995,_ZN7testing22EmptyTestEventListener18OnTestProgramStartERKNS_8UnitTestE
FN:996,997,_ZN7testing22EmptyTestEventListener20OnTestIterationStartERKNS_8UnitTestEi
FN:998,998,_ZN7testing22EmptyTestEventListener24OnEnvironmentsSetUpStartERKNS_8UnitTestE
FN:999,999,_ZN7testing22EmptyTestEventListener22OnEnvironmentsSetUpEndERKNS_8UnitTestE
FNDA:0,_ZN7testing22EmptyTestEventListener16OnTestSuiteStartERKNS_9TestSuiteE
FNDA:0,_ZN7testing22EmptyTestEventListener15OnTestCaseStartERKNS_9TestSuiteE
FNDA:0,_ZN7testing22EmptyTestEventListener11OnTestStartERKNS_8TestInfoE
FNDA:0,_ZN7testing22EmptyTestEventListener14OnTestDisabledERKNS_8TestInfoE
FNDA:0,_ZN7testing22EmptyTestEventListener16OnTestPartResultERKNS_14TestPartResultE
FNDA:0,_ZN7testing22EmptyTestEventListener9OnTestEndERKNS_8TestInfoE
FNDA:0,_ZN7testing22EmptyTestEventListener14OnTestSuiteEndERKNS_9TestSuiteE
FNDA:0,_ZN7testing22EmptyTestEventListener13OnTestCaseEndERKNS_9TestSuiteE
FNDA:0,_ZN7testing22EmptyTestEventListener27OnEnvironmentsTearDownStartERKNS_8UnitTestE
FNDA:0,_ZN7testing22EmptyTestEventListener25OnEnvironmentsTearDownEndERKNS_8UnitTestE
FNDA:0,_ZN7testing22EmptyTestEventListener18OnTestIterationEndERKNS_8UnitTestEi
FNDA:0,_ZN7testing22EmptyTestEventListener16OnTestProgramEndERKNS_8UnitTestE
FNDA:249,_ZN7testing8UnitTest4implEv
FNDA:9,_ZNK7testing8UnitTest4implEv
FNDA:0,_ZN7testing8internal18CmpHelperEQFailureISt6vectorIiSaIiEES4_EENS_15AssertionResultEPKcS7_RKT_RKT0_
FNDA:0,_ZN7testing8internal18CmpHelperEQFailureIiiEENS_15AssertionResultEPKcS4_RKT_RKT0_
FNDA:0,_ZN7testing8internal18CmpHelperEQFailureImiEENS_15AssertionResultEPKcS4_RKT_RKT0_
FNDA:1,_ZN7testing8internal11CmpHelperEQISt6vectorIiSaIiEES4_EENS_15AssertionResultEPKcS7_RKT_RKT0_
FNDA:23,_ZN7testing8internal11CmpHelperEQIiiEENS_15AssertionResultEPKcS4_RKT_RKT0_
FNDA:15,_ZN7testing8internal11CmpHelperEQImiEENS_15AssertionResultEPKcS4_RKT_RKT0_
FNDA:1,_ZN7testing8internal8EqHelper7CompareISt6vectorIiSaIiEES5_LPv0EEENS_15AssertionResultEPKcS9_RKT_RKT0_
FNDA:23,_ZN7testing8internal8EqHelper7CompareIiiLPv0EEENS_15AssertionResultEPKcS6_RKT_RKT0_
FNDA:15,_ZN7testing8internal8EqHelper7CompareImiLPv0EEENS_15AssertionResultEPKcS6_RKT_RKT0_
FNDA:0,_ZN7testing8internal12AssertHelper16AssertHelperDataC2ENS_14TestPartResult4TypeEPKciS6_
FNDA:0,_ZN7testing12RegisterTestIJEZNS_8internal23InsertSyntheticTestCaseERKNSt7__cxx1112basic_stringIcSt11char_traitsIcESaIcEEENS1_12CodeLocationEbEUlvE_EEPNS_8TestInfoEPKcSF_SF_SF_SF_iT0_
FNDA:0,_ZN7testing12RegisterTestIJEZNS_8internal34TypeParameterizedTestSuiteRegistry22CheckForInstantiationsEvEUlvE_EEPNS_8TestInfoEPKcS7_S7_S7_S7_iT0_
FNDA:0,_ZZN7testing12RegisterTestIJEZNS_8internal23InsertSyntheticTestCaseERKNSt7__cxx1112basic_stringIcSt11char_traitsIcESaIcEEENS1_12CodeLocationEbEUlvE_EEPNS_8TestInfoEPKcSF_SF_SF_SF_iT0_EN11FactoryImplC2ESB_
FNDA:0,_ZZN7testing12RegisterTestIJEZNS_8internal34TypeParameterizedTestSuiteRegistry22CheckForInstantiationsEvEUlvE_EEPNS_8TestInfoEPKcS7_S7_S7_S7_iT0_EN11FactoryImplC2ES3_
FNDA:0,_ZZN7testing12RegisterTestIJEZNS_8internal23InsertSyntheticTestCaseERKNSt7__cxx1112basic_stringIcSt11char_traitsIcESaIcEEENS1_12CodeLocationEbEUlvE_EEPNS_8TestInfoEPKcSF_SF_SF_SF_iT0_EN11FactoryImpl10CreateTestEv
FNDA:0,_ZZN7testing12RegisterTestIJEZNS_8internal34TypeParameterizedTestSuiteRegistry22CheckForInstantiationsEvEUlvE_EEPNS_8TestInfoEPKcS7_S7_S7_S7_iT0_EN11FactoryImpl10CreateTestEv
FNDA:1,_Z13RUN_ALL_TESTSv
FNDA:0,_ZN7testing4Test14SetUpTestSuiteEv
FNDA:0,_ZN7testing4Test17TearDownTestSuiteEv
FNDA:0,_ZN7testing4Test16TearDownTestCaseEv
FNDA:0,_ZN7testing4Test13SetUpTestCaseEv
FNDA:17,_ZN7testing4Test11DeleteSelf_Ev
FNDA:0,_ZN7testing4Test5SetupEv
FNDA:0,_ZN7testing12TestPropertyC2ERKNSt7__cxx1112basic_stringIcSt11char_traitsIcESaIcEEES8_
FNDA:0,_ZNK7testing12TestProperty3keyEv
FNDA:0,_ZNK7testing12TestProperty5valueEv
FNDA:0,_ZN7testing12TestProperty8SetValueERKNSt7__cxx1112basic_stringIcSt11char_traitsIcESaIcEEE
FNDA:34,_ZNK7testing10TestResult6PassedEv
FNDA:17,_ZNK7testing10TestResult12elapsed_timeEv
FNDA:0,_ZNK7testing10TestResult15start_timestampEv
FNDA:17,_ZN7testing10TestResult19set_start_timestampEl
FNDA:17,_ZN7testing10TestResult16set_elapsed_timeEl
FNDA:0,_ZNK7testing10TestResult16death_test_countEv
FNDA:0,_ZN7testing10TestResult26increment_death_test_countEv
FNDA:51,_ZNK7testing8TestInfo15test_suite_nameEv
FNDA:85,_ZNK7testing8TestInfo4nameEv
FNDA:17,_ZNK7testing8TestInfo10type_paramEv
FNDA:0,_ZNK7testing8TestInfo11value_paramEv
FNDA:96,_ZNK7testing8TestInfo4fileEv
FNDA:96,_ZNK7testing8TestInfo4lineEv
FNDA:0,_ZNK7testing8TestInfo19is_in_another_shardEv
FNDA:136,_ZNK7testing8TestInfo10should_runEv
FNDA:17,_ZNK7testing8TestInfo13is_reportableEv
FNDA:119,_ZNK7testing8TestInfo6resultEv
FNDA:0,_ZN7testing8TestInfo26increment_death_test_countEv
FNDA:17,_ZN7testing8TestInfo15ClearTestResultEPS0_
FNDA:19,_ZNK7testing9TestSuite4nameEv
FNDA:1,_ZNK7testing9TestSuite10type_paramEv
FNDA:21,_ZNK7testing9TestSuite10should_runEv
FNDA:0,_ZNK7testing9TestSuite6PassedEv
FNDA:2,_ZNK7testing9TestSuite6FailedEv
FNDA:1,_ZNK7testing9TestSuite12elapsed_timeEv
FNDA:0,_ZNK7testing9TestSuite15start_timestampEv
FNDA:4,_ZNK7testing9TestSuite18ad_hoc_test_resultEv
FNDA:35,_ZN7testing9TestSuite14test_info_listEv
FNDA:17,_ZNK7testing9TestSuite14test_info_listEv
FNDA:18,_ZN7testing9TestSuite14set_should_runEb
FNDA:1,_ZN7testing9TestSuite20ClearTestSuiteResultEPS0_
FNDA:1,_ZN7testing9TestSuite17RunSetUpTestSuiteEv
FNDA:1,_ZN7testing9TestSuite20RunTearDownTestSuiteEv
FNDA:17,_ZN7testing9TestSuite10TestPassedEPKNS_8TestInfoE
FNDA:17,_ZN7testing9TestSuite11TestSkippedEPKNS_8TestInfoE
FNDA:34,_ZN7testing9TestSuite10TestFailedEPKNS_8TestInfoE
FNDA:17,_ZN7testing9TestSuite22TestReportableDisabledEPKNS_8TestInfoE
FNDA:0,_ZN7testing9TestSuite12TestDisabledEPKNS_8TestInfoE
FNDA:0,_ZN7testing9TestSuite14TestReportableEPKNS_8TestInfoE
FNDA:68,_ZN7testing9TestSuite13ShouldRunTestEPKNS_8TestInfoE
FNDA:0,_ZN7testing17TestEventListenerD0Ev
FNDA:2,_ZN7testing17TestEventListenerD2Ev
FNDA:1,_ZN7testing17TestEventListener16OnTestSuiteStartERKNS_9TestSuiteE
FNDA:0,_ZN7testing17TestEventListener15OnTestCaseStartERKNS_9TestSuiteE
FNDA:0,_ZN7testing17TestEventListener14OnTestDisabledERKNS_8TestInfoE
FNDA:1,_ZN7testing17TestEventListener14OnTestSuiteEndERKNS_9TestSuiteE
FNDA:0,_ZN7testing17TestEventListener13OnTestCaseEndERKNS_9TestSuiteE
FNDA:0,_ZN7testing22EmptyTestEventListener18OnTestProgramStartERKNS_8UnitTestE
FNDA:0,_ZN7testing22EmptyTestEventListener20OnTestIterationStartERKNS_8UnitTestEi
FNDA:0,_ZN7testing22EmptyTestEventListener24OnEnvironmentsSetUpStartERKNS_8UnitTestE
FNDA:0,_ZN7testing22EmptyTestEventListener22OnEnvironmentsSetUpEndERKNS_8UnitTestE
FNF:92
FNH:43
DA:256,0
DA:264,0
DA:269,0
DA:270,0
DA:336,17
DA:357,0
DA:375,0
DA:376,0
DA:379,0
DA:382,0
DA:385,0
DA:416,34
DA:431,17
DA:435,0
DA:468,17
DA:471,17
DA:492,0
DA:495,0
DA:541,51
DA:549,85
DA:553,17
DA:554,17
DA:555,17
DA:560,0
DA:561,0
DA:562,0
DA:566,96
DA:569,96
DA:572,0
DA:590,136
DA:593,17
DA:596,17
DA:600,119
DA:628,0
DA:629,0
DA:639,17
DA:640,17
DA:641,17
DA:695,19
DA:699,1
DA:700,1
DA:701,1
DA:705,21
DA:732,0
DA:735,2
DA:736,2
DA:740,1
DA:744,0
DA:752,4
DA:759,35
DA:762,17
DA:763,17
DA:771,18
DA:781,1
DA:782,1
DA:783,1
DA:793,1
DA:794,1
DA:795,0
DA:797,1
DA:801,1
DA:802,1
DA:803,0
DA:805,1
DA:808,17
DA:809,17
DA:813,17
DA:814,17
DA:818,34
DA:819,34
DA:824,17
DA:825,17
DA:829,0
DA:830,0
DA:834,0
DA:835,0
DA:839,68
DA:840,68
DA:928,2
DA:946,1
DA:950,0
DA:957,0
DA:968,1
DA:972,0
DA:995,0
DA:996,0
DA:997,0
DA:998,0
DA:999,0
DA:1000,0
DA:1003,0
DA:1006,0
DA:1007,0
DA:1008,0
DA:1009,0
DA:1010,0
DA:1012,0
DA:1015,0
DA:1016,0
DA:1017,0
DA:1018,0
DA:1019,0
DA:1267,249
DA:1268,9
DA:1359,0
DA:1364,0
DA:1376,39
DA:1379,39
DA:1380,39
DA:1383,0
DA:1395,39
DA:1398,39
DA:1617,0
DA:1619,0
DA:2283,0
DA:2290,0
DA:2291,0
DA:2297,0
DA:2299,0
DA:2302,0
DA:2317,1
LF:121
LH:62
end_of_record
TN:
SF:/mnt/c/users/t470/desktop/funda/lab11/project2/build/_deps/googletest-src/googletest/include/gtest/internal/gtest-death-test-internal.h
FN:156,156,_ZN7testing8internal16DeathTestFactoryD0Ev
FN:156,156,_ZN7testing8internal16DeathTestFactoryD2Ev
FN:274,276,_ZN7testing8internal24InternalRunDeathTestFlagC2ERKNSt7__cxx1112basic_stringIcSt11char_traitsIcESaIcEEEiii
FN:278,280,_ZN7testing8internal24InternalRunDeathTestFlagD2Ev
FN:282,282,_ZNK7testing8internal24InternalRunDeathTestFlag4fileB5cxx11Ev
FN:283,283,_ZNK7testing8internal24InternalRunDeathTestFlag4lineEv
FN:284,284,_ZNK7testing8internal24InternalRunDeathTestFlag5indexEv
FN:285,285,_ZNK7testing8internal24InternalRunDeathTestFlag8write_fdEv
FN:91,91,_ZN7testing8internal9DeathTestD0Ev
FN:91,91,_ZN7testing8internal9DeathTestD2Ev
FNDA:0,_ZN7testing8internal16DeathTestFactoryD0Ev
FNDA:1,_ZN7testing8internal16DeathTestFactoryD2Ev
FNDA:0,_ZN7testing8internal24InternalRunDeathTestFlagC2ERKNSt7__cxx1112basic_stringIcSt11char_traitsIcESaIcEEEiii
FNDA:0,_ZN7testing8internal24InternalRunDeathTestFlagD2Ev
FNDA:0,_ZNK7testing8internal24InternalRunDeathTestFlag4fileB5cxx11Ev
FNDA:0,_ZNK7testing8internal24InternalRunDeathTestFlag4lineEv
FNDA:0,_ZNK7testing8internal24InternalRunDeathTestFlag5indexEv
FNDA:0,_ZNK7testing8internal24InternalRunDeathTestFlag8write_fdEv
FNDA:0,_ZN7testing8internal9DeathTestD0Ev
FNDA:0,_ZN7testing8internal9DeathTestD2Ev
FNF:10
FNH:1
DA:91,0
DA:156,1
DA:274,0
DA:276,0
DA:278,0
DA:279,0
DA:280,0
DA:282,0
DA:283,0
DA:284,0
DA:285,0
LF:11
LH:1
end_of_record
TN:
SF:/mnt/c/users/t470/desktop/funda/lab11/project2/build/_deps/googletest-src/googletest/include/gtest/internal/gtest-filepath.h
FN:118,118,_ZNK7testing8internal8FilePath7IsEmptyEv
FN:71,71,_ZN7testing8internal8FilePathC2Ev
FN:72,72,_ZN7testing8internal8FilePathC2ERKS1_
FN:74,76,_ZN7testing8internal8FilePathC2ERKNSt7__cxx1112basic_stringIcSt11char_traitsIcESaIcEEE
FN:78,81,_ZN7testing8internal8FilePathaSERKS1_
FN:83,83,_ZN7testing8internal8FilePath3SetERKS1_
FN:85,85,_ZNK7testing8internal8FilePath6stringB5cxx11Ev
FN:86,86,_ZNK7testing8internal8FilePath5c_strEv
FNDA:18,_ZNK7testing8internal8FilePath7IsEmptyEv
FNDA:1,_ZN7testing8internal8FilePathC2Ev
FNDA:0,_ZN7testing8internal8FilePathC2ERKS1_
FNDA:1,_ZN7testing8internal8FilePathC2ERKNSt7__cxx1112basic_stringIcSt11char_traitsIcESaIcEEE
FNDA:0,_ZN7testing8internal8FilePathaSERKS1_
FNDA:1,_ZN7testing8internal8FilePath3SetERKS1_
FNDA:0,_ZNK7testing8internal8FilePath6stringB5cxx11Ev
FNDA:0,_ZNK7testing8internal8FilePath5c_strEv
FNF:8
FNH:4
DA:71,3
DA:72,0
DA:74,1
DA:75,1
DA:76,1
DA:78,0
DA:79,0
DA:80,0
DA:83,1
DA:85,0
DA:86,0
DA:118,18
LF:12
LH:6
end_of_record
TN:
SF:/mnt/c/users/t470/desktop/funda/lab11/project2/build/_deps/googletest-src/googletest/include/gtest/internal/gtest-internal.h
FN:294,294,_ZN7testing8internal13FloatingPointIdEC2ERKd
FN:294,294,_ZN7testing8internal13FloatingPointIfEC2ERKf
FN:316,316,_ZNK7testing8internal13FloatingPointIdE13exponent_bitsEv
FN:316,316,_ZNK7testing8internal13FloatingPointIfE13exponent_bitsEv
FN:319,319,_ZNK7testing8internal13FloatingPointIdE13fraction_bitsEv
FN:319,319,_ZNK7testing8internal13FloatingPointIfE13fraction_bitsEv
FN:325,329,_ZNK7testing8internal13FloatingPointIdE6is_nanEv
FN:325,329,_ZNK7testing8internal13FloatingPointIfE6is_nanEv
FN:337,344,_ZNK7testing8internal13FloatingPointIdE12AlmostEqualsERKS2_
FN:337,344,_ZNK7testing8internal13FloatingPointIfE12AlmostEqualsERKS2_
FN:368,376,_ZN7testing8internal13FloatingPointIdE24SignAndMagnitudeToBiasedERKm
FN:368,376,_ZN7testing8internal13FloatingPointIfE24SignAndMagnitudeToBiasedERKj
FN:380,385,_ZN7testing8internal13FloatingPointIdE38DistanceBetweenSignAndMagnitudeNumbersERKmS4_
FN:380,385,_ZN7testing8internal13FloatingPointIfE38DistanceBetweenSignAndMagnitudeNumbersERKjS4_
FN:419,425,_ZN7testing8internal9GetTypeIdINS0_12_GLOBAL__N_111FailureTestEEEPKvv
FN:419,425,_ZN7testing8internal9GetTypeIdINS_4TestEEEPKvv
FN:438,438,_ZN7testing8internal15TestFactoryBaseD0Ev
FN:438,438,_ZN7testing8internal15TestFactoryBaseD2Ev
FN:445,445,_ZN7testing8internal15TestFactoryBaseC2Ev
FN:457,457,_ZN7testing8internal15TestFactoryImplI18ListTest_Swap_TestE10CreateTestEv
FN:457,457,_ZN7testing8internal15TestFactoryImplI19ListTest_Clear_TestE10CreateTestEv
FN:457,457,_ZN7testing8internal15TestFactoryImplI19ListTest_Erase_TestE10CreateTestEv
FN:457,457,_ZN7testing8internal15TestFactoryImplI20ListTest_Insert_TestE10CreateTestEv
FN:457,457,_ZN7testing8internal15TestFactoryImplI20ListTest_Resize_TestE10CreateTestEv
FN:457,457,_ZN7testing8internal15TestFactoryImplI21ListTest_PopBack_TestE10CreateTestEv
FN:457,457,_ZN7testing8internal15TestFactoryImplI22ListTest_Iterator_TestE10CreateTestEv
FN:457,457,_ZN7testing8internal15TestFactoryImplI22ListTest_PopFront_TestE10CreateTestEv
FN:457,457,_ZN7testing8internal15TestFactoryImplI22ListTest_PushBack_TestE10CreateTestEv
FN:457,457,_ZN7testing8internal15TestFactoryImplI23ListTest_EdgeCases_TestE10CreateTestEv
FN:457,457,_ZN7testing8internal15TestFactoryImplI23ListTest_PushFront_TestE10CreateTestEv
FN:457,457,_ZN7testing8internal15TestFactoryImplI27ListTest_ConstIterator_TestE10CreateTestEv
FN:457,457,_ZN7testing8internal15TestFactoryImplI29ListTest_ReverseIterator_TestE10CreateTestEv
FN:457,457,_ZN7testing8internal15TestFactoryImplI32ListTest_DefaultConstructor_TestE10CreateTestEv
FN:457,457,_ZN7testing8internal15TestFactoryImplI33ListTest_ComparisonOperators_TestE10CreateTestEv
FN:457,457,_ZN7testing8internal15TestFactoryImplI33ListTest_CopyListConstructor_TestE10CreateTestEv
FN:457,457,_ZN7testing8internal15TestFactoryImplI40ListTest_InitializerListConstructor_TestE10CreateTestEv
FN:478,479,_ZN7testing8internal12CodeLocationC2ERKNSt7__cxx1112basic_stringIcSt11char_traitsIcESaIcEEEi
FN:491,494,_ZN7testing8internal19GetNotDefaultOrNullEPFvvES2_
FN:506,525,_ZN7testing8internal16SuiteApiResolverINS0_12_GLOBAL__N_111FailureTestEE19GetSetUpCaseOrSuiteEPKci
FN:506,525,_ZN7testing8internal16SuiteApiResolverINS_4TestEE19GetSetUpCaseOrSuiteEPKci
FN:527,546,_ZN7testing8internal16SuiteApiResolverINS0_12_GLOBAL__N_111FailureTestEE22GetTearDownCaseOrSuiteEPKci
FN:527,546,_ZN7testing8internal16SuiteApiResolverINS_4TestEE22GetTearDownCaseOrSuiteEPKci
FN:637,645,_ZN7testing8internal9SkipCommaEPKc
FN:649,652,_ZN7testing8internal19GetPrefixUntilCommaB5cxx11EPKc
FN:829,829,_ZN7testing8internal11AlwaysFalseEv
FN:843,843,_ZN7testing8internal14TrueWithStringC2Ev
FN:846,846,_ZNK7testing8internal14TrueWithStringcvbEv
FN:859,859,_ZN7testing8internal6RandomC2Ej
FN:861,861,_ZN7testing8internal6Random6ReseedEj
FNDA:0,_ZN7testing8internal13FloatingPointIdEC2ERKd
FNDA:0,_ZN7testing8internal13FloatingPointIfEC2ERKf
FNDA:0,_ZNK7testing8internal13FloatingPointIdE13exponent_bitsEv
FNDA:0,_ZNK7testing8internal13FloatingPointIfE13exponent_bitsEv
FNDA:0,_ZNK7testing8internal13FloatingPointIdE13fraction_bitsEv
FNDA:0,_ZNK7testing8internal13FloatingPointIfE13fraction_bitsEv
FNDA:0,_ZNK7testing8internal13FloatingPointIdE6is_nanEv
FNDA:0,_ZNK7testing8internal13FloatingPointIfE6is_nanEv
FNDA:0,_ZNK7testing8internal13FloatingPointIdE12AlmostEqualsERKS2_
FNDA:0,_ZNK7testing8internal13FloatingPointIfE12AlmostEqualsERKS2_
FNDA:0,_ZN7testing8internal13FloatingPointIdE24SignAndMagnitudeToBiasedERKm
FNDA:0,_ZN7testing8internal13FloatingPointIfE24SignAndMagnitudeToBiasedERKj
FNDA:0,_ZN7testing8internal13FloatingPointIdE38DistanceBetweenSignAndMagnitudeNumbersERKmS4_
FNDA:0,_ZN7testing8internal13FloatingPointIfE38DistanceBetweenSignAndMagnitudeNumbersERKjS4_
FNDA:0,_ZN7testing8internal9GetTypeIdINS0_12_GLOBAL__N_111FailureTestEEEPKvv
FNDA:18,_ZN7testing8internal9GetTypeIdINS_4TestEEEPKvv
FNDA:0,_ZN7testing8internal15TestFactoryBaseD0Ev
FNDA:17,_ZN7testing8internal15TestFactoryBaseD2Ev
FNDA:17,_ZN7testing8internal15TestFactoryBaseC2Ev
FNDA:1,_ZN7testing8internal15TestFactoryImplI18ListTest_Swap_TestE10CreateTestEv
FNDA:1,_ZN7testing8internal15TestFactoryImplI19ListTest_Clear_TestE10CreateTestEv
FNDA:1,_ZN7testing8internal15TestFactoryImplI19ListTest_Erase_TestE10CreateTestEv
FNDA:1,_ZN7testing8internal15TestFactoryImplI20ListTest_Insert_TestE10CreateTestEv
FNDA:1,_ZN7testing8internal15TestFactoryImplI20ListTest_Resize_TestE10CreateTestEv
FNDA:1,_ZN7testing8internal15TestFactoryImplI21ListTest_PopBack_TestE10CreateTestEv
FNDA:1,_ZN7testing8internal15TestFactoryImplI22ListTest_Iterator_TestE10CreateTestEv
FNDA:1,_ZN7testing8internal15TestFactoryImplI22ListTest_PopFront_TestE10CreateTestEv
FNDA:1,_ZN7testing8internal15TestFactoryImplI22ListTest_PushBack_TestE10CreateTestEv
FNDA:1,_ZN7testing8internal15TestFactoryImplI23ListTest_EdgeCases_TestE10CreateTestEv
FNDA:1,_ZN7testing8internal15TestFactoryImplI23ListTest_PushFront_TestE10CreateTestEv
FNDA:1,_ZN7testing8internal15TestFactoryImplI27ListTest_ConstIterator_TestE10CreateTestEv
FNDA:1,_ZN7testing8internal15TestFactoryImplI29ListTest_ReverseIterator_TestE10CreateTestEv
FNDA:1,_ZN7testing8internal15TestFactoryImplI32ListTest_DefaultConstructor_TestE10CreateTestEv
FNDA:1,_ZN7testing8internal15TestFactoryImplI33ListTest_ComparisonOperators_TestE10CreateTestEv
FNDA:1,_ZN7testing8internal15TestFactoryImplI33ListTest_CopyListConstructor_TestE10CreateTestEv
FNDA:1,_ZN7testing8internal15TestFactoryImplI40ListTest_InitializerListConstructor_TestE10CreateTestEv
FNDA:17,_ZN7testing8internal12CodeLocationC2ERKNSt7__cxx1112basic_stringIcSt11char_traitsIcESaIcEEEi
FNDA:68,_ZN7testing8internal19GetNotDefaultOrNullEPFvvES2_
FNDA:0,_ZN7testing8internal16SuiteApiResolverINS0_12_GLOBAL__N_111FailureTestEE19GetSetUpCaseOrSuiteEPKci
FNDA:17,_ZN7testing8internal16SuiteApiResolverINS_4TestEE19GetSetUpCaseOrSuiteEPKci
FNDA:0,_ZN7testing8internal16SuiteApiResolverINS0_12_GLOBAL__N_111FailureTestEE22GetTearDownCaseOrSuiteEPKci
FNDA:17,_ZN7testing8internal16SuiteApiResolverINS_4TestEE22GetTearDownCaseOrSuiteEPKci
FNDA:0,_ZN7testing8internal9SkipCommaEPKc
FNDA:0,_ZN7testing8internal19GetPrefixUntilCommaB5cxx11EPKc
FNDA:0,_ZN7testing8internal11AlwaysFalseEv
FNDA:2,_ZN7testing8internal14TrueWithStringC2Ev
FNDA:2,_ZNK7testing8internal14TrueWithStringcvbEv
FNDA:1,_ZN7testing8internal6RandomC2Ej
FNDA:0,_ZN7testing8internal6Random6ReseedEj
FNF:49
FNH:27
DA:294,0
DA:316,0
DA:319,0
DA:325,0
DA:328,0
DA:337,0
DA:340,0
DA:342,0
DA:343,0
DA:368,0
DA:369,0
DA:371,0
DA:374,0
DA:380,0
DA:382,0
DA:383,0
DA:384,0
DA:419,18
DA:424,18
DA:438,17
DA:445,17
DA:457,17
DA:478,17
DA:479,17
DA:491,68
DA:493,68
DA:506,17
DA:510,17
DA:512,17
DA:514,17
DA:517,0
DA:519,17
DA:527,17
DA:531,17
DA:533,17
DA:535,17
DA:538,0
DA:540,17
DA:637,0
DA:638,0
DA:639,0
DA:640,0
DA:642,0
DA:644,0
DA:649,0
DA:650,0
DA:651,0
DA:829,0
DA:843,2
DA:846,2
DA:859,1
DA:861,0
LF:52
LH:22
end_of_record
TN:
SF:/mnt/c/users/t470/desktop/funda/lab11/project2/build/_deps/googletest-src/googletest/include/gtest/internal/gtest-param-util.h
FN:694,694,_ZN7testing8internal30ParameterizedTestSuiteRegistryC2Ev
FN:695,699,_ZN7testing8internal30ParameterizedTestSuiteRegistryD2Ev
FN:732,736,_ZN7testing8internal30ParameterizedTestSuiteRegistry13RegisterTestsEv
FN:776,777,_ZN7testing8internal34TypeParameterizedTestSuiteRegistry30TypeParameterizedTestSuiteInfoC2ENS0_12CodeLocationE
FNDA:1,_ZN7testing8internal30ParameterizedTestSuiteRegistryC2Ev
FNDA:1,_ZN7testing8internal30ParameterizedTestSuiteRegistryD2Ev
FNDA:1,_ZN7testing8internal30ParameterizedTestSuiteRegistry13RegisterTestsEv
FNDA:0,_ZN7testing8internal34TypeParameterizedTestSuiteRegistry30TypeParameterizedTestSuiteInfoC2ENS0_12CodeLocationE
FNF:4
FNH:3
DA:694,1
DA:695,1
DA:696,1
DA:697,0
DA:699,1
DA:732,1
DA:733,1
DA:734,0
DA:736,1
DA:776,0
DA:777,0
LF:11
LH:7
end_of_record
TN:
SF:/mnt/c/users/t470/desktop/funda/lab11/project2/build/_deps/googletest-src/googletest/include/gtest/internal/gtest-port.h
FN:1042,1042,_ZN7testing8internal8GTestLog9GetStreamEv
FN:1058,1058,_ZN7testing8internal11LogToStderrEv
FN:1059,1059,_ZN7testing8internal12FlushInfoLogEv
FN:1140,1142,_ZN7testing8internal13ImplicitCast_IPKvEET_S4_
FN:1150,1157,_ZN7testing8internal27CheckedDowncastToActualTypeINS0_11ThreadLocalIPNS_31TestPartResultReporterInterfaceEE11ValueHolderENS0_26ThreadLocalValueHolderBaseEEEPT_PT0_
FN:1150,1157,_ZN7testing8internal27CheckedDowncastToActualTypeINS0_11ThreadLocalISt6vectorINS0_9TraceInfoESaIS4_EEE11ValueHolderENS0_26ThreadLocalValueHolderBaseEEEPT_PT0_
FN:1649,1653,_ZN7testing8internal9MutexBase4LockEv
FN:1656,1663,_ZN7testing8internal9MutexBase6UnlockEv
FN:1706,1709,_ZN7testing8internal5MutexC2Ev
FN:1710,1710,_ZN7testing8internal5MutexD2Ev
FN:1724,1724,_ZN7testing8internal14GTestMutexLockC2EPNS0_9MutexBaseE
FN:1726,1726,_ZN7testing8internal14GTestMutexLockD2Ev
FN:1745,1745,_ZN7testing8internal26ThreadLocalValueHolderBaseD0Ev
FN:1745,1745,_ZN7testing8internal26ThreadLocalValueHolderBaseD2Ev
FN:1750,1752,DeleteThreadLocalValue
FN:1758,1759,_ZN7testing8internal11ThreadLocalISt6vectorINS0_9TraceInfoESaIS3_EEEC2Ev
FN:1760,1762,_ZN7testing8internal11ThreadLocalIPNS_31TestPartResultReporterInterfaceEEC2ERKS3_
FN:1764,1771,_ZN7testing8internal11ThreadLocalIPNS_31TestPartResultReporterInterfaceEED2Ev
FN:1764,1771,_ZN7testing8internal11ThreadLocalISt6vectorINS0_9TraceInfoESaIS3_EEED2Ev
FN:1773,1773,_ZN7testing8internal11ThreadLocalIPNS_31TestPartResultReporterInterfaceEE7pointerEv
FN:1773,1773,_ZN7testing8internal11ThreadLocalISt6vectorINS0_9TraceInfoESaIS3_EEE7pointerEv
FN:1774,1774,_ZNK7testing8internal11ThreadLocalIPNS_31TestPartResultReporterInterfaceEE7pointerEv
FN:1775,1775,_ZNK7testing8internal11ThreadLocalIPNS_31TestPartResultReporterInterfaceEE3getEv
FN:1776,1776,_ZN7testing8internal11ThreadLocalIPNS_31TestPartResultReporterInterfaceEE3setERKS3_
FN:1782,1782,_ZN7testing8internal11ThreadLocalISt6vectorINS0_9TraceInfoESaIS3_EEE11ValueHolderC2Ev
FN:1783,1783,_ZN7testing8internal11ThreadLocalIPNS_31TestPartResultReporterInterfaceEE11ValueHolderC2ERKS3_
FN:1785,1785,_ZN7testing8internal11ThreadLocalIPNS_31TestPartResultReporterInterfaceEE11ValueHolder7pointerEv
FN:1785,1785,_ZN7testing8internal11ThreadLocalISt6vectorINS0_9TraceInfoESaIS3_EEE11ValueHolder7pointerEv
FN:1793,1800,_ZN7testing8internal11ThreadLocalIPNS_31TestPartResultReporterInterfaceEE9CreateKeyEv
FN:1793,1800,_ZN7testing8internal11ThreadLocalISt6vectorINS0_9TraceInfoESaIS3_EEE9CreateKeyEv
FN:1802,1813,_ZNK7testing8internal11ThreadLocalIPNS_31TestPartResultReporterInterfaceEE16GetOrCreateValueEv
FN:1802,1813,_ZNK7testing8internal11ThreadLocalISt6vectorINS0_9TraceInfoESaIS3_EEE16GetOrCreateValueEv
FN:1817,1817,_ZN7testing8internal11ThreadLocalIPNS_31TestPartResultReporterInterfaceEE18ValueHolderFactoryC2Ev
FN:1817,1817,_ZN7testing8internal11ThreadLocalISt6vectorINS0_9TraceInfoESaIS3_EEE18ValueHolderFactoryC2Ev
FN:1818,1818,_ZN7testing8internal11ThreadLocalIPNS_31TestPartResultReporterInterfaceEE18ValueHolderFactoryD0Ev
FN:1818,1818,_ZN7testing8internal11ThreadLocalIPNS_31TestPartResultReporterInterfaceEE18ValueHolderFactoryD2Ev
FN:1818,1818,_ZN7testing8internal11ThreadLocalISt6vectorINS0_9TraceInfoESaIS3_EEE18ValueHolderFactoryD0Ev
FN:1818,1818,_ZN7testing8internal11ThreadLocalISt6vectorINS0_9TraceInfoESaIS3_EEE18ValueHolderFactoryD2Ev
FN:1828,1828,_ZN7testing8internal11ThreadLocalISt6vectorINS0_9TraceInfoESaIS3_EEE25DefaultValueHolderFactoryC2Ev
FN:1829,1829,_ZNK7testing8internal11ThreadLocalISt6vectorINS0_9TraceInfoESaIS3_EEE25DefaultValueHolderFactory13MakeNewHolderEv
FN:1839,1839,_ZN7testing8internal11ThreadLocalIPNS_31TestPartResultReporterInterfaceEE26InstanceValueHolderFactoryC2ERKS3_
FN:1840,1842,_ZNK7testing8internal11ThreadLocalIPNS_31TestPartResultReporterInterfaceEE26InstanceValueHolderFactory13MakeNewHolderEv
FN:1935,1937,_ZN7testing8internal7IsDigitEc
FN:1941,1943,_ZN7testing8internal7IsSpaceEc
FN:1947,1949,_ZN7testing8internal8IsXDigitEc
FN:1951,1953,_ZN7testing8internal8IsXDigitEDu
FN:1955,1958,_ZN7testing8internal8IsXDigitEDs
FN:1959,1962,_ZN7testing8internal8IsXDigitEDi
FN:1963,1966,_ZN7testing8internal8IsXDigitEw
FN:1971,1973,_ZN7testing8internal7ToUpperEc
FN:1975,1979,_ZN7testing8internal19StripTrailingSpacesENSt7__cxx1112basic_stringIcSt11char_traitsIcESaIcEEE
FN:2021,2021,_ZN7testing8internal5posix6FileNoEP8_IO_FILE
FN:2022,2022,_ZN7testing8internal5posix4StatEPKcP4stat
FN:2029,2029,_ZN7testing8internal5posix5IsDirERK4stat
FN:2058,2058,_ZN7testing8internal5posix8DoIsATTYEi
FN:2059,2061,_ZN7testing8internal5posix10StrCaseCmpEPKcS3_
FN:2065,2074,_ZN7testing8internal5posix6IsATTYEi
FN:2089,2099,_ZN7testing8internal5posix5FOpenEPKcS3_
FN:2104,2104,_ZN7testing8internal5posix6FDOpenEiPKc
FN:2106,2106,_ZN7testing8internal5posix6FCloseEP8_IO_FILE
FN:2108,2110,_ZN7testing8internal5posix4ReadEiPvj
FN:2111,2113,_ZN7testing8internal5posix5WriteEiPKvj
FN:2114,2114,_ZN7testing8internal5posix5CloseEi
FN:2119,2119,_ZN7testing8internal5posix8StrErrorEi
FN:2122,2137,_ZN7testing8internal5posix6GetEnvEPKc
FN:2147,2147,_ZN7testing8internal5posix5AbortEv
FNDA:0,_ZN7testing8internal8GTestLog9GetStreamEv
FNDA:0,_ZN7testing8internal11LogToStderrEv
FNDA:0,_ZN7testing8internal12FlushInfoLogEv
FNDA:0,_ZN7testing8internal13ImplicitCast_IPKvEET_S4_
FNDA:0,_ZN7testing8internal27CheckedDowncastToActualTypeINS0_11ThreadLocalIPNS_31TestPartResultReporterInterfaceEE11ValueHolderENS0_26ThreadLocalValueHolderBaseEEEPT_PT0_
FNDA:0,_ZN7testing8internal27CheckedDowncastToActualTypeINS0_11ThreadLocalISt6vectorINS0_9TraceInfoESaIS4_EEE11ValueHolderENS0_26ThreadLocalValueHolderBaseEEEPT_PT0_
FNDA:0,_ZN7testing8internal9MutexBase4LockEv
FNDA:0,_ZN7testing8internal9MutexBase6UnlockEv
FNDA:21,_ZN7testing8internal5MutexC2Ev
FNDA:21,_ZN7testing8internal5MutexD2Ev
FNDA:0,_ZN7testing8internal14GTestMutexLockC2EPNS0_9MutexBaseE
FNDA:0,_ZN7testing8internal14GTestMutexLockD2Ev
FNDA:0,_ZN7testing8internal26ThreadLocalValueHolderBaseD0Ev
FNDA:0,_ZN7testing8internal26ThreadLocalValueHolderBaseD2Ev
FNDA:2,DeleteThreadLocalValue
FNDA:1,_ZN7testing8internal11ThreadLocalISt6vectorINS0_9TraceInfoESaIS3_EEEC2Ev
FNDA:1,_ZN7testing8internal11ThreadLocalIPNS_31TestPartResultReporterInterfaceEEC2ERKS3_
FNDA:1,_ZN7testing8internal11ThreadLocalIPNS_31TestPartResultReporterInterfaceEED2Ev
FNDA:1,_ZN7testing8internal11ThreadLocalISt6vectorINS0_9TraceInfoESaIS3_EEED2Ev
FNDA:0,_ZN7testing8internal11ThreadLocalIPNS_31TestPartResultReporterInterfaceEE7pointerEv
FNDA:0,_ZN7testing8internal11ThreadLocalISt6vectorINS0_9TraceInfoESaIS3_EEE7pointerEv
FNDA:0,_ZNK7testing8internal11ThreadLocalIPNS_31TestPartResultReporterInterfaceEE7pointerEv
FNDA:0,_ZNK7testing8internal11ThreadLocalIPNS_31TestPartResultReporterInterfaceEE3getEv
FNDA:0,_ZN7testing8internal11ThreadLocalIPNS_31TestPartResultReporterInterfaceEE3setERKS3_
FNDA:0,_ZN7testing8internal11ThreadLocalISt6vectorINS0_9TraceInfoESaIS3_EEE11ValueHolderC2Ev
FNDA:0,_ZN7testing8internal11ThreadLocalIPNS_31TestPartResultReporterInterfaceEE11ValueHolderC2ERKS3_
FNDA:0,_ZN7testing8internal11ThreadLocalIPNS_31TestPartResultReporterInterfaceEE11ValueHolder7pointerEv
FNDA:0,_ZN7testing8internal11ThreadLocalISt6vectorINS0_9TraceInfoESaIS3_EEE11ValueHolder7pointerEv
FNDA:1,_ZN7testing8internal11ThreadLocalIPNS_31TestPartResultReporterInterfaceEE9CreateKeyEv
FNDA:1,_ZN7testing8internal11ThreadLocalISt6vectorINS0_9TraceInfoESaIS3_EEE9CreateKeyEv
FNDA:0,_ZNK7testing8internal11ThreadLocalIPNS_31TestPartResultReporterInterfaceEE16GetOrCreateValueEv
FNDA:0,_ZNK7testing8internal11ThreadLocalISt6vectorINS0_9TraceInfoESaIS3_EEE16GetOrCreateValueEv
FNDA:1,_ZN7testing8internal11ThreadLocalIPNS_31TestPartResultReporterInterfaceEE18ValueHolderFactoryC2Ev
FNDA:1,_ZN7testing8internal11ThreadLocalISt6vectorINS0_9TraceInfoESaIS3_EEE18ValueHolderFactoryC2Ev
FNDA:0,_ZN7testing8internal11ThreadLocalIPNS_31TestPartResultReporterInterfaceEE18ValueHolderFactoryD0Ev
[...]
FNDA:52,_ZSt3getILm0EJPNSt7__cxx1112basic_stringIcSt11char_traitsIcESaIcEEESt14default_deleteIS5_EEERNSt13tuple_elementIXT_ESt5tupleIJDpT0_EEE4typeERSD_
FNDA:138,_ZSt3getILm0EJPNSt7__cxx1118basic_stringstreamIcSt11char_traitsIcESaIcEEESt14default_deleteIS5_EEERNSt13tuple_elementIXT_ESt5tupleIJDpT0_EEE4typeERSD_
FNDA:0,_ZSt3getILm0EJPPcSt14default_deleteIA_S0_EEERNSt13tuple_elementIXT_ESt5tupleIJDpT0_EEE4typeERS9_
FNDA:0,_ZSt3getILm0EJRKNSt7__cxx1112basic_stringIcSt11char_traitsIcESaIcEEEEERNSt13tuple_elementIXT_ESt5tupleIJDpT0_EEE4typeERSC_
FNDA:0,_ZSt3getILm1EJPKNSt7__cxx1112basic_stringIcSt11char_traitsIcESaIcEEESt14default_deleteIS6_EEERNSt13tuple_elementIXT_ESt5tupleIJDpT0_EEE4typeERSE_
FNDA:1,_ZSt3getILm1EJPN7testing8internal11ThreadLocalIPNS0_31TestPartResultReporterInterfaceEE18ValueHolderFactoryESt14default_deleteIS6_EEERNSt13tuple_elementIXT_ESt5tupleIJDpT0_EEE4typeERSE_
FNDA:1,_ZSt3getILm1EJPN7testing8internal11ThreadLocalISt6vectorINS1_9TraceInfoESaIS4_EEE18ValueHolderFactoryESt14default_deleteIS8_EEERNSt13tuple_elementIXT_ESt5tupleIJDpT0_EEE4typeERSG_
FNDA:17,_ZSt3getILm1EJPN7testing8internal14GTestFlagSaverESt14default_deleteIS2_EEERNSt13tuple_elementIXT_ESt5tupleIJDpT0_EEE4typeERSA_
FNDA:1,_ZSt3getILm1EJPN7testing8internal16DeathTestFactoryESt14default_deleteIS2_EEERNSt13tuple_elementIXT_ESt5tupleIJDpT0_EEE4typeERSA_
FNDA:0,_ZSt3getILm1EJPN7testing8internal17StreamingListener20AbstractSocketWriterESt14default_deleteIS3_EEERNSt13tuple_elementIXT_ESt5tupleIJDpT0_EEE4typeERSB_
FNDA:0,_ZSt3getILm1EJPN7testing8internal24InternalRunDeathTestFlagESt14default_deleteIS2_EEERNSt13tuple_elementIXT_ESt5tupleIJDpT0_EEE4typeERSA_
FNDA:0,_ZSt3getILm1EJPNSt7__cxx1112basic_stringIcSt11char_traitsIcESaIcEEESt14default_deleteIS5_EEERNSt13tuple_elementIXT_ESt5tupleIJDpT0_EEE4typeERSD_
FNDA:69,_ZSt3getILm1EJPNSt7__cxx1118basic_stringstreamIcSt11char_traitsIcESaIcEEESt14default_deleteIS5_EEERNSt13tuple_elementIXT_ESt5tupleIJDpT0_EEE4typeERSD_
FNDA:0,_ZSt3getILm1EJPPcSt14default_deleteIA_S0_EEERNSt13tuple_elementIXT_ESt5tupleIJDpT0_EEE4typeERS9_
FNDA:18,_ZSt3getILm0EJPKNSt7__cxx1112basic_stringIcSt11char_traitsIcESaIcEEESt14default_deleteIS6_EEERKNSt13tuple_elementIXT_ESt5tupleIJDpT0_EEE4typeERKSE_
FNDA:0,_ZSt3getILm0EJPN7testing8internal11ThreadLocalIPNS0_31TestPartResultReporterInterfaceEE18ValueHolderFactoryESt14default_deleteIS6_EEERKNSt13tuple_elementIXT_ESt5tupleIJDpT0_EEE4typeERKSE_
FNDA:0,_ZSt3getILm0EJPN7testing8internal11ThreadLocalISt6vectorINS1_9TraceInfoESaIS4_EEE18ValueHolderFactoryESt14default_deleteIS8_EEERKNSt13tuple_elementIXT_ESt5tupleIJDpT0_EEE4typeERKSG_
FNDA:0,_ZSt3getILm0EJPN7testing8internal16DeathTestFactoryESt14default_deleteIS2_EEERKNSt13tuple_elementIXT_ESt5tupleIJDpT0_EEE4typeERKSA_
FNDA:0,_ZSt3getILm0EJPN7testing8internal17StreamingListener20AbstractSocketWriterESt14default_deleteIS3_EEERKNSt13tuple_elementIXT_ESt5tupleIJDpT0_EEE4typeERKSB_
FNDA:2,_ZSt3getILm0EJPN7testing8internal24InternalRunDeathTestFlagESt14default_deleteIS2_EEERKNSt13tuple_elementIXT_ESt5tupleIJDpT0_EEE4typeERKSA_
FNDA:0,_ZSt3getILm0EJPNSt7__cxx1112basic_stringIcSt11char_traitsIcESaIcEEESt14default_deleteIS5_EEERKNSt13tuple_elementIXT_ESt5tupleIJDpT0_EEE4typeERKSD_
FNDA:621,_ZSt3getILm0EJPNSt7__cxx1118basic_stringstreamIcSt11char_traitsIcESaIcEEESt14default_deleteIS5_EEERKNSt13tuple_elementIXT_ESt5tupleIJDpT0_EEE4typeERKSD_
FNDA:0,_ZSt3getILm0EJPPcSt14default_deleteIA_S0_EEERKNSt13tuple_elementIXT_ESt5tupleIJDpT0_EEE4typeERKS9_
FNDA:0,_ZSt3getILm0EJPKN7testing8internal11MatcherBaseINSt7__cxx1112basic_stringIcSt11char_traitsIcESaIcEEEEEPKNS1_9EqMatcherIS8_EEEEONSt13tuple_elementIXT_ESt5tupleIJDpT0_EEE4typeEOSK_
FNDA:0,_ZSt3getILm0EJPKN7testing8internal11MatcherBaseIRKNSt7__cxx1112basic_stringIcSt11char_traitsIcESaIcEEEEEPKNS1_9EqMatcherIS8_EEEEONSt13tuple_elementIXT_ESt5tupleIJDpT0_EEE4typeEOSM_
FNDA:0,_ZSt3getILm0EJPKN7testing8internal11MatcherBaseIRKSt17basic_string_viewIcSt11char_traitsIcEEEEPKNS1_9EqMatcherINSt7__cxx1112basic_stringIcS5_SaIcEEEEEEEONSt13tuple_elementIXT_ESt5tupleIJDpT0_EEE4typeEOSO_
FNDA:0,_ZSt3getILm0EJPKN7testing8internal11MatcherBaseISt17basic_string_viewIcSt11char_traitsIcEEEEPKNS1_9EqMatcherINSt7__cxx1112basic_stringIcS5_SaIcEEEEEEEONSt13tuple_elementIXT_ESt5tupleIJDpT0_EEE4typeEOSM_
FNDA:35,_ZNSt10_Head_baseILm0EPKNSt7__cxx1112basic_stringIcSt11char_traitsIcESaIcEEELb0EEC2Ev
FNDA:1,_ZNSt10_Head_baseILm0EPN7testing8internal11ThreadLocalIPNS0_31TestPartResultReporterInterfaceEE18ValueHolderFactoryELb0EEC2Ev
FNDA:1,_ZNSt10_Head_baseILm0EPN7testing8internal11ThreadLocalISt6vectorINS1_9TraceInfoESaIS4_EEE18ValueHolderFactoryELb0EEC2Ev
FNDA:17,_ZNSt10_Head_baseILm0EPN7testing8internal14GTestFlagSaverELb0EEC2Ev
FNDA:1,_ZNSt10_Head_baseILm0EPN7testing8internal16DeathTestFactoryELb0EEC2Ev
FNDA:0,_ZNSt10_Head_baseILm0EPN7testing8internal17StreamingListener20AbstractSocketWriterELb0EEC2Ev
FNDA:1,_ZNSt10_Head_baseILm0EPN7testing8internal24InternalRunDeathTestFlagELb0EEC2Ev
FNDA:52,_ZNSt10_Head_baseILm0EPNSt7__cxx1112basic_stringIcSt11char_traitsIcESaIcEEELb0EEC2Ev
FNDA:69,_ZNSt10_Head_baseILm0EPNSt7__cxx1118basic_stringstreamIcSt11char_traitsIcESaIcEEELb0EEC2Ev
FNDA:0,_ZNSt10_Head_baseILm0EPPcLb0EEC2Ev
FNDA:0,_ZNSt10_Head_baseILm0ERKNSt7__cxx1112basic_stringIcSt11char_traitsIcESaIcEEELb0EEC2ES7_
FNDA:0,_ZNSt10_Head_baseILm0EPKN7testing8internal11MatcherBaseINSt7__cxx1112basic_stringIcSt11char_traitsIcESaIcEEEEELb0EEC2ISB_EEOT_
FNDA:0,_ZNSt10_Head_baseILm0EPKN7testing8internal11MatcherBaseIRKNSt7__cxx1112basic_stringIcSt11char_traitsIcESaIcEEEEELb0EEC2ISD_EEOT_
FNDA:0,_ZNSt10_Head_baseILm0EPKN7testing8internal11MatcherBaseIRKSt17basic_string_viewIcSt11char_traitsIcEEEELb0EEC2ISB_EEOT_
FNDA:0,_ZNSt10_Head_baseILm0EPKN7testing8internal11MatcherBaseISt17basic_string_viewIcSt11char_traitsIcEEEELb0EEC2IS9_EEOT_
FNDA:0,_ZNSt10_Head_baseILm1EPKN7testing8internal9EqMatcherINSt7__cxx1112basic_stringIcSt11char_traitsIcESaIcEEEEELb0EEC2ISB_EEOT_
FNDA:0,_ZSt10make_tupleIJPKN7testing8internal11MatcherBaseINSt7__cxx1112basic_stringIcSt11char_traitsIcESaIcEEEEEPKNS1_9EqMatcherIS8_EEEESt5tupleIJDpNSt25__strip_reference_wrapperINSt5decayIT_E4typeEE6__typeEEEDpOSJ_
FNDA:0,_ZSt10make_tupleIJPKN7testing8internal11MatcherBaseIRKNSt7__cxx1112basic_stringIcSt11char_traitsIcESaIcEEEEEPKNS1_9EqMatcherIS8_EEEESt5tupleIJDpNSt25__strip_reference_wrapperINSt5decayIT_E4typeEE6__typeEEEDpOSL_
FNDA:0,_ZSt10make_tupleIJPKN7testing8internal11MatcherBaseIRKSt17basic_string_viewIcSt11char_traitsIcEEEEPKNS1_9EqMatcherINSt7__cxx1112basic_stringIcS5_SaIcEEEEEEESt5tupleIJDpNSt25__strip_reference_wrapperINSt5decayIT_E4typeEE6__typeEEEDpOSN_
FNDA:0,_ZSt10make_tupleIJPKN7testing8internal11MatcherBaseISt17basic_string_viewIcSt11char_traitsIcEEEEPKNS1_9EqMatcherINSt7__cxx1112basic_stringIcS5_SaIcEEEEEEESt5tupleIJDpNSt25__strip_reference_wrapperINSt5decayIT_E4typeEE6__typeEEEDpOSL_
FNDA:0,_ZNSt4pairIKNSt7__cxx1112basic_stringIcSt11char_traitsIcESaIcEEEmEC2IJRS6_EJEEESt21piecewise_construct_tSt5tupleIJDpT_EESB_IJDpT0_EE
FNDA:0,_ZNSt4pairIKNSt7__cxx1112basic_stringIcSt11char_traitsIcESaIcEEEmEC2IJRS6_EJLm0EEJEJEEERSt5tupleIJDpT_EERSA_IJDpT1_EESt12_Index_tupleIJXspT0_EEESJ_IJXspT2_EEE
FNDA:0,_ZNSt10_Head_baseILm0EPKN7testing8internal11MatcherBaseINSt7__cxx1112basic_stringIcSt11char_traitsIcESaIcEEEEELb0EE7_M_headERSC_
FNDA:0,_ZNSt10_Head_baseILm0EPKN7testing8internal11MatcherBaseIRKNSt7__cxx1112basic_stringIcSt11char_traitsIcESaIcEEEEELb0EE7_M_headERSE_
FNDA:0,_ZNSt10_Head_baseILm0EPKN7testing8internal11MatcherBaseIRKSt17basic_string_viewIcSt11char_traitsIcEEEELb0EE7_M_headERSC_
FNDA:0,_ZNSt10_Head_baseILm0EPKN7testing8internal11MatcherBaseISt17basic_string_viewIcSt11char_traitsIcEEEELb0EE7_M_headERSA_
FNDA:70,_ZNSt10_Head_baseILm0EPKNSt7__cxx1112basic_stringIcSt11char_traitsIcESaIcEEELb0EE7_M_headERS8_
FNDA:2,_ZNSt10_Head_baseILm0EPN7testing8internal11ThreadLocalIPNS0_31TestPartResultReporterInterfaceEE18ValueHolderFactoryELb0EE7_M_headERS8_
FNDA:2,_ZNSt10_Head_baseILm0EPN7testing8internal11ThreadLocalISt6vectorINS1_9TraceInfoESaIS4_EEE18ValueHolderFactoryELb0EE7_M_headERSA_
FNDA:34,_ZNSt10_Head_baseILm0EPN7testing8internal14GTestFlagSaverELb0EE7_M_headERS4_
FNDA:2,_ZNSt10_Head_baseILm0EPN7testing8internal16DeathTestFactoryELb0EE7_M_headERS4_
FNDA:0,_ZNSt10_Head_baseILm0EPN7testing8internal17StreamingListener20AbstractSocketWriterELb0EE7_M_headERS5_
FNDA:3,_ZNSt10_Head_baseILm0EPN7testing8internal24InternalRunDeathTestFlagELb0EE7_M_headERS4_
FNDA:52,_ZNSt10_Head_baseILm0EPNSt7__cxx1112basic_stringIcSt11char_traitsIcESaIcEEELb0EE7_M_headERS7_
FNDA:138,_ZNSt10_Head_baseILm0EPNSt7__cxx1118basic_stringstreamIcSt11char_traitsIcESaIcEEELb0EE7_M_headERS7_
FNDA:0,_ZNSt10_Head_baseILm0EPPcLb0EE7_M_headERS2_
FNDA:0,_ZNSt10_Head_baseILm0ERKNSt7__cxx1112basic_stringIcSt11char_traitsIcESaIcEEELb0EE7_M_headERS8_
FNDA:18,_ZNSt10_Head_baseILm0EPKNSt7__cxx1112basic_stringIcSt11char_traitsIcESaIcEEELb0EE7_M_headERKS8_
FNDA:0,_ZNSt10_Head_baseILm0EPN7testing8internal11ThreadLocalIPNS0_31TestPartResultReporterInterfaceEE18ValueHolderFactoryELb0EE7_M_headERKS8_
FNDA:0,_ZNSt10_Head_baseILm0EPN7testing8internal11ThreadLocalISt6vectorINS1_9TraceInfoESaIS4_EEE18ValueHolderFactoryELb0EE7_M_headERKSA_
FNDA:0,_ZNSt10_Head_baseILm0EPN7testing8internal16DeathTestFactoryELb0EE7_M_headERKS4_
FNDA:0,_ZNSt10_Head_baseILm0EPN7testing8internal17StreamingListener20AbstractSocketWriterELb0EE7_M_headERKS5_
FNDA:2,_ZNSt10_Head_baseILm0EPN7testing8internal24InternalRunDeathTestFlagELb0EE7_M_headERKS4_
FNDA:0,_ZNSt10_Head_baseILm0EPNSt7__cxx1112basic_stringIcSt11char_traitsIcESaIcEEELb0EE7_M_headERKS7_
FNDA:621,_ZNSt10_Head_baseILm0EPNSt7__cxx1118basic_stringstreamIcSt11char_traitsIcESaIcEEELb0EE7_M_headERKS7_
FNDA:0,_ZNSt10_Head_baseILm0EPPcLb0EE7_M_headERKS2_
FNDA:0,_ZNSt11_Tuple_implILm0EJPKN7testing8internal11MatcherBaseINSt7__cxx1112basic_stringIcSt11char_traitsIcESaIcEEEEEPKNS1_9EqMatcherIS8_EEEE7_M_headERSG_
FNDA:0,_ZNSt11_Tuple_implILm0EJPKN7testing8internal11MatcherBaseIRKNSt7__cxx1112basic_stringIcSt11char_traitsIcESaIcEEEEEPKNS1_9EqMatcherIS8_EEEE7_M_headERSI_
FNDA:0,_ZNSt11_Tuple_implILm0EJPKN7testing8internal11MatcherBaseIRKSt17basic_string_viewIcSt11char_traitsIcEEEEPKNS1_9EqMatcherINSt7__cxx1112basic_stringIcS5_SaIcEEEEEEE7_M_headERSK_
FNDA:0,_ZNSt11_Tuple_implILm0EJPKN7testing8internal11MatcherBaseISt17basic_string_viewIcSt11char_traitsIcEEEEPKNS1_9EqMatcherINSt7__cxx1112basic_stringIcS5_SaIcEEEEEEE7_M_headERSI_
FNDA:70,_ZNSt11_Tuple_implILm0EJPKNSt7__cxx1112basic_stringIcSt11char_traitsIcESaIcEEESt14default_deleteIS6_EEE7_M_headERSA_
FNDA:2,_ZNSt11_Tuple_implILm0EJPN7testing8internal11ThreadLocalIPNS0_31TestPartResultReporterInterfaceEE18ValueHolderFactoryESt14default_deleteIS6_EEE7_M_headERSA_
FNDA:2,_ZNSt11_Tuple_implILm0EJPN7testing8internal11ThreadLocalISt6vectorINS1_9TraceInfoESaIS4_EEE18ValueHolderFactoryESt14default_deleteIS8_EEE7_M_headERSC_
FNDA:34,_ZNSt11_Tuple_implILm0EJPN7testing8internal14GTestFlagSaverESt14default_deleteIS2_EEE7_M_headERS6_
FNDA:2,_ZNSt11_Tuple_implILm0EJPN7testing8internal16DeathTestFactoryESt14default_deleteIS2_EEE7_M_headERS6_
FNDA:0,_ZNSt11_Tuple_implILm0EJPN7testing8internal17StreamingListener20AbstractSocketWriterESt14default_deleteIS3_EEE7_M_headERS7_
FNDA:3,_ZNSt11_Tuple_implILm0EJPN7testing8internal24InternalRunDeathTestFlagESt14default_deleteIS2_EEE7_M_headERS6_
FNDA:52,_ZNSt11_Tuple_implILm0EJPNSt7__cxx1112basic_stringIcSt11char_traitsIcESaIcEEESt14default_deleteIS5_EEE7_M_headERS9_
FNDA:138,_ZNSt11_Tuple_implILm0EJPNSt7__cxx1118basic_stringstreamIcSt11char_traitsIcESaIcEEESt14default_deleteIS5_EEE7_M_headERS9_
FNDA:0,_ZNSt11_Tuple_implILm0EJPPcSt14default_deleteIA_S0_EEE7_M_headERS5_
FNDA:18,_ZNSt11_Tuple_implILm0EJPKNSt7__cxx1112basic_stringIcSt11char_traitsIcESaIcEEESt14default_deleteIS6_EEE7_M_headERKSA_
FNDA:0,_ZNSt11_Tuple_implILm0EJPN7testing8internal11ThreadLocalIPNS0_31TestPartResultReporterInterfaceEE18ValueHolderFactoryESt14default_deleteIS6_EEE7_M_headERKSA_
FNDA:0,_ZNSt11_Tuple_implILm0EJPN7testing8internal11ThreadLocalISt6vectorINS1_9TraceInfoESaIS4_EEE18ValueHolderFactoryESt14default_deleteIS8_EEE7_M_headERKSC_
FNDA:0,_ZNSt11_Tuple_implILm0EJPN7testing8internal16DeathTestFactoryESt14default_deleteIS2_EEE7_M_headERKS6_
FNDA:0,_ZNSt11_Tuple_implILm0EJPN7testing8internal17StreamingListener20AbstractSocketWriterESt14default_deleteIS3_EEE7_M_headERKS7_
FNDA:2,_ZNSt11_Tuple_implILm0EJPN7testing8internal24InternalRunDeathTestFlagESt14default_deleteIS2_EEE7_M_headERKS6_
FNDA:0,_ZNSt11_Tuple_implILm0EJPNSt7__cxx1112basic_stringIcSt11char_traitsIcESaIcEEESt14default_deleteIS5_EEE7_M_headERKS9_
FNDA:621,_ZNSt11_Tuple_implILm0EJPNSt7__cxx1118basic_stringstreamIcSt11char_traitsIcESaIcEEESt14default_deleteIS5_EEE7_M_headERKS9_
FNDA:0,_ZNSt11_Tuple_implILm0EJPPcSt14default_deleteIA_S0_EEE7_M_headERKS5_
FNDA:35,_ZNSt11_Tuple_implILm0EJPKNSt7__cxx1112basic_stringIcSt11char_traitsIcESaIcEEESt14default_deleteIS6_EEEC2Ev
FNDA:1,_ZNSt11_Tuple_implILm0EJPN7testing8internal11ThreadLocalIPNS0_31TestPartResultReporterInterfaceEE18ValueHolderFactoryESt14default_deleteIS6_EEEC2Ev
FNDA:1,_ZNSt11_Tuple_implILm0EJPN7testing8internal11ThreadLocalISt6vectorINS1_9TraceInfoESaIS4_EEE18ValueHolderFactoryESt14default_deleteIS8_EEEC2Ev
FNDA:17,_ZNSt11_Tuple_implILm0EJPN7testing8internal14GTestFlagSaverESt14default_deleteIS2_EEEC2Ev
FNDA:1,_ZNSt11_Tuple_implILm0EJPN7testing8internal16DeathTestFactoryESt14default_deleteIS2_EEEC2Ev
FNDA:0,_ZNSt11_Tuple_implILm0EJPN7testing8internal17StreamingListener20AbstractSocketWriterESt14default_deleteIS3_EEEC2Ev
FNDA:1,_ZNSt11_Tuple_implILm0EJPN7testing8internal24InternalRunDeathTestFlagESt14default_deleteIS2_EEEC2Ev
FNDA:52,_ZNSt11_Tuple_implILm0EJPNSt7__cxx1112basic_stringIcSt11char_traitsIcESaIcEEESt14default_deleteIS5_EEEC2Ev
FNDA:69,_ZNSt11_Tuple_implILm0EJPNSt7__cxx1118basic_stringstreamIcSt11char_traitsIcESaIcEEESt14default_deleteIS5_EEEC2Ev
FNDA:0,_ZNSt11_Tuple_implILm0EJPPcSt14default_deleteIA_S0_EEEC2Ev
FNDA:0,_ZNSt11_Tuple_implILm0EJPKN7testing8internal11MatcherBaseINSt7__cxx1112basic_stringIcSt11char_traitsIcESaIcEEEEEPKNS1_9EqMatcherIS8_EEEEC2ISB_JSF_EvEEOT_DpOT0_
FNDA:0,_ZNSt11_Tuple_implILm0EJPKN7testing8internal11MatcherBaseIRKNSt7__cxx1112basic_stringIcSt11char_traitsIcESaIcEEEEEPKNS1_9EqMatcherIS8_EEEEC2ISD_JSH_EvEEOT_DpOT0_
FNDA:0,_ZNSt11_Tuple_implILm0EJPKN7testing8internal11MatcherBaseIRKSt17basic_string_viewIcSt11char_traitsIcEEEEPKNS1_9EqMatcherINSt7__cxx1112basic_stringIcS5_SaIcEEEEEEEC2ISB_JSJ_EvEEOT_DpOT0_
FNDA:0,_ZNSt11_Tuple_implILm0EJPKN7testing8internal11MatcherBaseISt17basic_string_viewIcSt11char_traitsIcEEEEPKNS1_9EqMatcherINSt7__cxx1112basic_stringIcS5_SaIcEEEEEEEC2IS9_JSH_EvEEOT_DpOT0_
FNDA:0,_ZNSt11_Tuple_implILm0EJRKNSt7__cxx1112basic_stringIcSt11char_traitsIcESaIcEEEEE7_M_headERS8_
FNDA:0,_ZNSt11_Tuple_implILm1EJSt14default_deleteIA_PcEEE7_M_headERS4_
FNDA:0,_ZNSt11_Tuple_implILm1EJSt14default_deleteIKNSt7__cxx1112basic_stringIcSt11char_traitsIcESaIcEEEEEE7_M_headERS9_
FNDA:1,_ZNSt11_Tuple_implILm1EJSt14default_deleteIN7testing8internal11ThreadLocalIPNS1_31TestPartResultReporterInterfaceEE18ValueHolderFactoryEEEE7_M_headERS9_
FNDA:1,_ZNSt11_Tuple_implILm1EJSt14default_deleteIN7testing8internal11ThreadLocalISt6vectorINS2_9TraceInfoESaIS5_EEE18ValueHolderFactoryEEEE7_M_headERSB_
FNDA:17,_ZNSt11_Tuple_implILm1EJSt14default_deleteIN7testing8internal14GTestFlagSaverEEEE7_M_headERS5_
FNDA:1,_ZNSt11_Tuple_implILm1EJSt14default_deleteIN7testing8internal16DeathTestFactoryEEEE7_M_headERS5_
FNDA:0,_ZNSt11_Tuple_implILm1EJSt14default_deleteIN7testing8internal17StreamingListener20AbstractSocketWriterEEEE7_M_headERS6_
FNDA:0,_ZNSt11_Tuple_implILm1EJSt14default_deleteIN7testing8internal24InternalRunDeathTestFlagEEEE7_M_headERS5_
FNDA:0,_ZNSt11_Tuple_implILm1EJSt14default_deleteINSt7__cxx1112basic_stringIcSt11char_traitsIcESaIcEEEEEE7_M_headERS8_
FNDA:69,_ZNSt11_Tuple_implILm1EJSt14default_deleteINSt7__cxx1118basic_stringstreamIcSt11char_traitsIcESaIcEEEEEE7_M_headERS8_
FNDA:0,_ZNSt11_Tuple_implILm1EJSt14default_deleteIA_PcEEEC2Ev
FNDA:35,_ZNSt11_Tuple_implILm1EJSt14default_deleteIKNSt7__cxx1112basic_stringIcSt11char_traitsIcESaIcEEEEEEC2Ev
FNDA:1,_ZNSt11_Tuple_implILm1EJSt14default_deleteIN7testing8internal11ThreadLocalIPNS1_31TestPartResultReporterInterfaceEE18ValueHolderFactoryEEEEC2Ev
FNDA:1,_ZNSt11_Tuple_implILm1EJSt14default_deleteIN7testing8internal11ThreadLocalISt6vectorINS2_9TraceInfoESaIS5_EEE18ValueHolderFactoryEEEEC2Ev
FNDA:17,_ZNSt11_Tuple_implILm1EJSt14default_deleteIN7testing8internal14GTestFlagSaverEEEEC2Ev
FNDA:1,_ZNSt11_Tuple_implILm1EJSt14default_deleteIN7testing8internal16DeathTestFactoryEEEEC2Ev
FNDA:0,_ZNSt11_Tuple_implILm1EJSt14default_deleteIN7testing8internal17StreamingListener20AbstractSocketWriterEEEEC2Ev
FNDA:1,_ZNSt11_Tuple_implILm1EJSt14default_deleteIN7testing8internal24InternalRunDeathTestFlagEEEEC2Ev
FNDA:52,_ZNSt11_Tuple_implILm1EJSt14default_deleteINSt7__cxx1112basic_stringIcSt11char_traitsIcESaIcEEEEEEC2Ev
FNDA:69,_ZNSt11_Tuple_implILm1EJSt14default_deleteINSt7__cxx1118basic_stringstreamIcSt11char_traitsIcESaIcEEEEEEC2Ev
FNDA:0,_ZNSt11_Tuple_implILm0EJRKNSt7__cxx1112basic_stringIcSt11char_traitsIcESaIcEEEEEC2ES7_
FNDA:0,_ZNSt11_Tuple_implILm1EJPKN7testing8internal9EqMatcherINSt7__cxx1112basic_stringIcSt11char_traitsIcESaIcEEEEEEEC2ISB_EEOT_
FNDA:0,_ZNSt11_Tuple_implILm0EJRKNSt7__cxx1112basic_stringIcSt11char_traitsIcESaIcEEEEEC2EOS8_
FNDA:0,_ZNSt10_Head_baseILm1ESt14default_deleteIA_PcELb1EEC2Ev
FNDA:35,_ZNSt10_Head_baseILm1ESt14default_deleteIKNSt7__cxx1112basic_stringIcSt11char_traitsIcESaIcEEEELb1EEC2Ev
FNDA:1,_ZNSt10_Head_baseILm1ESt14default_deleteIN7testing8internal11ThreadLocalIPNS1_31TestPartResultReporterInterfaceEE18ValueHolderFactoryEELb1EEC2Ev
FNDA:1,_ZNSt10_Head_baseILm1ESt14default_deleteIN7testing8internal11ThreadLocalISt6vectorINS2_9TraceInfoESaIS5_EEE18ValueHolderFactoryEELb1EEC2Ev
FNDA:17,_ZNSt10_Head_baseILm1ESt14default_deleteIN7testing8internal14GTestFlagSaverEELb1EEC2Ev
FNDA:1,_ZNSt10_Head_baseILm1ESt14default_deleteIN7testing8internal16DeathTestFactoryEELb1EEC2Ev
FNDA:0,_ZNSt10_Head_baseILm1ESt14default_deleteIN7testing8internal17StreamingListener20AbstractSocketWriterEELb1EEC2Ev
FNDA:1,_ZNSt10_Head_baseILm1ESt14default_deleteIN7testing8internal24InternalRunDeathTestFlagEELb1EEC2Ev
FNDA:52,_ZNSt10_Head_baseILm1ESt14default_deleteINSt7__cxx1112basic_stringIcSt11char_traitsIcESaIcEEEELb1EEC2Ev
FNDA:69,_ZNSt10_Head_baseILm1ESt14default_deleteINSt7__cxx1118basic_stringstreamIcSt11char_traitsIcESaIcEEEELb1EEC2Ev
FNDA:0,_ZNSt5tupleIJRKNSt7__cxx1112basic_stringIcSt11char_traitsIcESaIcEEEEEC2ILb1ELb1EEES7_
FNDA:0,_ZNSt5tupleIJRKNSt7__cxx1112basic_stringIcSt11char_traitsIcESaIcEEEEEC2EOS8_
FNF:211
FNH:104
DA:81,177
DA:82,177
DA:125,89
DA:190,177
DA:191,177
DA:193,0
DA:194,0
DA:200,0
DA:201,0
DA:234,303
DA:237,641
DA:269,303
DA:272,641
DA:280,177
DA:281,177
DA:291,0
DA:293,0
DA:294,0
DA:497,89
DA:503,177
DA:504,177
DA:507,0
DA:508,0
DA:509,0
DA:513,0
DA:514,0
DA:515,0
DA:527,0
DA:529,0
DA:530,0
DA:874,0
DA:876,0
DA:903,0
DA:1317,177
DA:1319,177
DA:1345,0
DA:1347,0
DA:1787,392
DA:1788,392
DA:1792,641
DA:1793,641
DA:1803,392
DA:1804,392
DA:1809,641
DA:1810,641
DA:1815,0
DA:1818,0
DA:2001,0
DA:2005,0
DA:2252,0
DA:2257,0
DA:2258,0
DA:2264,0
DA:2267,0
DA:2268,0
DA:2269,0
LF:56
LH:24
end_of_record
TN:
SF:/usr/include/c++/13/type_traits
FN:3649,3656,_ZSt21is_constant_evaluatedv
FNDA:587,_ZSt21is_constant_evaluatedv
FNF:1
FNH:1
DA:3649,587
DA:3654,587
LF:2
LH:2
end_of_record
TN:
SF:/usr/include/c++/13/typeinfo
FN:103,104,_ZNKSt9type_info4nameEv
FNDA:0,_ZNKSt9type_info4nameEv
FNF:1
FNH:0
DA:103,0
DA:104,0
LF:2
LH:0
end_of_record
TN:
SF:/usr/include/x86_64-linux-gnu/c++/13/bits/c++config.h
FN:540,551,_ZSt23__is_constant_evaluatedv
FNDA:4340,_ZSt23__is_constant_evaluatedv
FNF:1
FNH:1
DA:540,4340
DA:547,4340
LF:2
LH:2
end_of_record
